15:18:39.113 0
15:18:39.114 0
15:18:39.120 0
15:18:39.124 0
15:18:39.129 0
15:18:39.134 0
15:18:39.139 0
15:18:39.144 0
15:18:39.149 0
15:18:39.154 0
15:18:39.159 0
15:18:39.164 0
15:18:39.169 0
15:18:39.174 0
15:18:39.179 0
15:18:39.184 0
15:18:39.189 0
15:18:39.194 0
15:18:39.200 0
15:18:39.204 0
15:18:39.209 0
15:18:39.214 0
15:18:39.219 0
15:18:39.224 0
15:18:39.229 0
15:18:39.234 0
15:18:39.239 0
15:18:39.245 0
15:18:39.249 0
15:18:39.254 0
15:18:39.259 0
15:18:39.264 0
15:18:39.269 0
15:18:39.274 0
15:18:39.279 0
15:18:39.284 0
15:18:39.290 0
15:18:39.294 0
15:18:39.299 0
15:18:39.304 0
15:18:39.309 0
15:18:39.314 0
15:18:39.319 0
15:18:39.324 0
15:18:39.330 0
15:18:39.334 0
15:18:39.339 0
15:18:39.344 0
15:18:39.349 0
15:18:39.354 0
15:18:39.359 0
15:18:39.364 0
15:18:39.369 0
15:18:39.375 0
15:18:39.379 0
15:18:39.384 0
15:18:39.389 0
15:18:39.394 0
15:18:39.399 0
15:18:39.404 0
15:18:39.409 0
15:18:39.414 0
15:18:39.419 0
15:18:39.424 0
15:18:39.429 0
15:18:39.434 0
15:18:39.439 0
15:18:39.444 0
15:18:39.449 0
15:18:39.454 0
15:18:39.459 0
15:18:39.464 0
15:18:39.470 0
15:18:39.474 0
15:18:39.479 0
15:18:39.484 0
15:18:39.490 0
15:18:39.494 0
15:18:39.499 0
15:18:39.504 0
15:18:39.509 0
15:18:39.514 0
15:18:39.519 0
15:18:39.525 0
15:18:39.529 0
15:18:39.534 0
15:18:39.539 0
15:18:39.544 0
15:18:39.549 0
15:18:39.554 0
15:18:39.559 0
15:18:39.564 0
15:18:39.569 0
15:18:39.574 0
15:18:39.579 0
15:18:39.584 0
15:18:39.589 0
15:18:39.594 0
15:18:39.599 0
15:18:39.604 0
15:18:39.609 0
15:18:39.614 0
15:18:39.619 0
15:18:39.624 0
15:18:39.629 0
15:18:39.636 0
15:18:39.639 0
15:18:39.644 0
15:18:39.649 0
15:18:39.655 0
15:18:39.659 0
15:18:39.664 0
15:18:39.669 0
15:18:39.674 0
15:18:39.679 0
15:18:39.684 0
15:18:39.689 0
15:18:39.694 0
15:18:39.699 0
15:18:39.705 0
15:18:39.709 0
15:18:39.714 0
15:18:39.719 0
15:18:39.724 0
15:18:39.729 0
15:18:39.734 0
15:18:39.739 0
15:18:39.744 0
15:18:39.749 0
15:18:39.754 0
15:18:39.759 0
15:18:39.764 0
15:18:39.769 0
15:18:39.774 0
15:18:39.779 0
15:18:39.784 0
15:18:39.789 0
15:18:39.795 0
15:18:39.799 0
15:18:39.804 0
15:18:39.809 0
15:18:39.814 0
15:18:39.819 0
15:18:39.824 0
15:18:39.829 0
15:18:39.834 0
15:18:39.839 0
15:18:39.844 0
15:18:39.849 0
15:18:39.854 0
15:18:39.859 0
15:18:39.864 0
15:18:39.869 0
15:18:39.874 0
15:18:39.879 0
15:18:39.884 0
15:18:39.889 0
15:18:39.894 0
15:18:39.899 0
15:18:39.904 0
15:18:39.909 0
15:18:39.915 0
15:18:39.919 0
15:18:39.924 0
15:18:39.929 0
15:18:39.934 0
15:18:39.939 0
15:18:39.944 0
15:18:39.949 0
15:18:39.954 0
15:18:39.959 0
15:18:39.965 0
15:18:39.969 0
15:18:39.974 0
15:18:39.979 0
15:18:39.984 0
15:18:39.989 0
15:18:39.994 0
15:18:39.999 0
15:18:40.004 0
15:18:40.009 0
15:18:40.014 0
15:18:40.019 0
15:18:40.024 0
15:18:40.029 0
15:18:40.034 0
15:18:40.039 0
15:18:40.044 0
15:18:40.049 0
15:18:40.054 0
15:18:40.060 0
15:18:40.064 0
15:18:40.069 0
15:18:40.074 0
15:18:40.079 0
15:18:40.084 0
15:18:40.090 0
15:18:40.094 0
15:18:40.099 0
15:18:40.104 0
15:18:40.110 0
15:18:40.114 0
15:18:40.119 0
15:18:40.125 0
15:18:40.129 0
15:18:40.134 0
15:18:40.139 0
15:18:40.144 0
15:18:40.149 0
15:18:40.154 0
15:18:40.159 0
15:18:40.164 0
15:18:40.169 0
15:18:40.175 0
15:18:40.179 0
15:18:40.184 0
15:18:40.189 0
15:18:40.194 0
15:18:40.199 0
15:18:40.205 0
15:18:40.209 0
15:18:40.214 0
15:18:40.219 0
15:18:40.224 0
15:18:40.229 0
15:18:40.234 0
15:18:40.239 0
15:18:40.244 0
15:18:40.249 0
15:18:40.255 0
15:18:40.259 0
15:18:40.264 0
15:18:40.269 0
15:18:40.274 0
15:18:40.279 0
15:18:40.284 0
15:18:40.289 0
15:18:40.294 0
15:18:40.299 0
15:18:40.304 0
15:18:40.310 0
15:18:40.314 0
15:18:40.319 0
15:18:40.324 0
15:18:40.329 0
15:18:40.334 0
15:18:40.339 0
15:18:40.344 0
15:18:40.349 0
15:18:40.354 0
15:18:40.360 0
15:18:40.364 0
15:18:40.369 0
15:18:40.374 0
15:18:40.379 0
15:18:40.384 0
15:18:40.389 0
15:18:40.394 0
15:18:40.399 0
15:18:40.404 0
15:18:40.410 0
15:18:40.414 0
15:18:40.419 0
15:18:40.424 0
15:18:40.429 0
15:18:40.434 0
15:18:40.439 0
15:18:40.444 0
15:18:40.449 0
15:18:40.454 0
15:18:40.459 0
15:18:40.465 0
15:18:40.469 0
15:18:40.474 0
15:18:40.479 0
15:18:40.484 0
15:18:40.489 0
15:18:40.494 0
15:18:40.499 0
15:18:40.504 0
15:18:40.509 0
15:18:40.514 0
15:18:40.520 0
15:18:40.524 0
15:18:40.529 0
15:18:40.534 0
15:18:40.539 0
15:18:40.544 0
15:18:40.549 0
15:18:40.554 0
15:18:40.559 0
15:18:40.564 0
15:18:40.569 0
15:18:40.574 0
15:18:40.579 0
15:18:40.584 0
15:18:40.589 0
15:18:40.594 0
15:18:40.599 0
15:18:40.604 0
15:18:40.609 0
15:18:40.614 0
15:18:40.619 0
15:18:40.625 0
15:18:40.629 0
15:18:40.634 0
15:18:40.639 0
15:18:40.644 0
15:18:40.649 0
15:18:40.654 0
15:18:40.659 0
15:18:40.664 0
15:18:40.669 0
15:18:40.674 0
15:18:40.680 0
15:18:40.684 0
15:18:40.689 0
15:18:40.694 0
15:18:40.699 0
15:18:40.704 0
15:18:40.709 0
15:18:40.714 0
15:18:40.719 0
15:18:40.724 0
15:18:40.729 0
15:18:40.735 0
15:18:40.739 0
15:18:40.744 0
15:18:40.749 0
15:18:40.754 0
15:18:40.759 0
15:18:40.764 0
15:18:40.769 0
15:18:40.774 0
15:18:40.779 0
15:18:40.784 0
15:18:40.790 0
15:18:40.794 0
15:18:40.799 0
15:18:40.804 0
15:18:40.809 0
15:18:40.814 0
15:18:40.819 0
15:18:40.824 0
15:18:40.829 0
15:18:40.834 0
15:18:40.840 0
15:18:40.844 0
15:18:40.849 0
15:18:40.854 0
