6523419
671215
428285
515844
456623
454886
346396
372002
435416
403462
406612
343381
287768
388737
332668
379942
478691
383300
329330
354725
373146
289836
298168
1083609
479853
456919
348675
310756
317963
293317
284620
299115
284030
356617
323043
2170775
331088
857807
650713
523822
415258
373346
334298
330191
287010
275758
343126
322186
275628
1011820
490366
579037
382012
370445
354654
349184
309685
306695
278822
246474
275027
278426
308684
304002
301613
279111
242776
253109
265109
3834060
351970
253846
322086
260468
299592
292792
291632
282773
234608
259164
312073
248296
279885
242249
223810
280106
238013
259132
249002
241913
210194
263935
250834
230724
240883
231581
232525
234133
243217
255525
251241
245016
273765
209993
220058
213380
242622
217629
174361
206574
216560
220773
255124
228933
206441
230653
235701
272286
472329
283663
225531
257390
204423
197603
195394
188390
189778
374050
262969
281706
218859
275679
195883
215328
195113
219198
255196
223573
197807
197154
225579
197304
195269
231359
168824
174146
208648
189544
220723
202032
180236
174899
174754
210989
191000
182543
174222
196600
201862
192381
232995
199398
170408
517671
231086
288065
197173
200510
175094
196281
190423
140108
131340
169755
131159
132779
129665
225010
151019
140112
137320
133684
130750
125286
120693
125484
115459
125865
145165
134993
130252
122206
117735
138624
130720
127028
123044
121573
127384
119204
135411
111537
152535
122097
105927
213437
138233
137271
168391
146299
164281
139905
145760
150490
143328
143005
135222
143035
138498
181685
139879
169148
149864
156650
180514
140641
142936
132222
124790
145708
127546
124756
148071
136112
117158
116897
113825
117371
116747
117715
114629
132623
114488
119565
115902
109605
112788
168415
141496
170479
144228
125553
121644
134541
140410
210929
169206
167698
124561
122203
127818
128152
127982
125227
117066
122763
129450
141056
126796
134304
132843
124051
180786
129686
244260
144345
132560
135863
113598
108224
121892
112875
102927
114006
130423
132761
136050
134893
117427
165851
144489
134487
156438
133778
123187
169124
129994
121794
128662
149656
124867
125043
151389
158537
146525
145000
132213
134661
143091
144307
155092
153752
121244
132155
130913
125366
1477920
338870
338719
317672
168750
147835
144236
171236
135583
169704
162182
160901
319616
176651
137563
110820
100848
127612
156276
104576
101354
97406
101900
106597
109747
117355
100141
100758
106560
108571
102679
96542
104278
99366
105453
102770
103399
117600
90332
95304
125321
95819
107037
111588
98095
105475
104619
135828
97218
95511
84908
95224
104171
97586
94227
95083
84295
91561
93833
95460
131128
124458
103517
122826
121649
118548
122172
233810
102533
117790
119751
93869
97082
90758
80437
94330
87098
87571
121289
96499
90517
92480
105631
92869
93901
89502
94496
104846
89610
92850
103650
93027
94327
93198
90352
109791
90710
89450
84676
90542
92854
131902
101700
90919
83265
85680
88182
119101
88929
87562
82410
90536
107625
87518
83689
88557
84323
89066
97588
95918
111784
98222
83895
91158
87665
87025
84212
91509
82296
100679
104188
102339
103652
124811
87983
98232
86579
85796
86134
84215
78429
84885
86278
85764
129088
80393
79127
86900
87389
90017
83965
84848
78758
87184
86335
81137
83810
83418
77925
85330
89289
84702
83149
79294
79077
84107
80603
84064
119526
92282
82595
89965
89761
90937
86024
88920
79885
85495
89040
88738
85256
86198
79907
124365
165166
93166
88933
92604
94856
95829
85998
119434
85867
100541
87606
325049
128819
92592
92450
95512
98714
89591
83532
93290
99415
86425
78827
87079
99247
89328
95613
81484
80451
76567
75977
68557
75679
75303
72594
75367
68908
68378
74964
71836
67674
75208
88337
91459
83355
84844
89693
91813
86905
92816
98185
131417
101231
116412
106658
97387
95849
90830
88164
88122
83857
85750
131550
118567
102874
93931
97253
95073
95368
95042
91152
95062
92613
93171
92958
93799
89493
140391
87693
87542
89196
87498
83145
89963
155772
96537
92376
92263
92357
146285
104148
96393
94601
97586
105705
99626
95453
95668
129555
105413
93208
124610
118015
105707
113768
131228
111418
144017
223005
261851
381018
146875
145699
154864
146277
137191
129594
179839
253490
161110
119211
140610
136007
102748
109904
97943
90302
97020
94233
155047
106021
109611
94200
96355
227801
100432
89043
80535
82071
180737
97972
90504
87411
92689
92312
88274
86734
87863
91343
95396
91784
89820
91578
168507
96439
90422
84204
85358
95925
93526
83028
81885
105497
93508
89815
81909
81129
126655
86752
82967
88083
89270
83529
81594
78874
77772
78495
77528
82271
81913
125636
83667
82166
85084
81317
92517
79657
84445
84357
106462
83849
82805
104876
82745
81850
82022
80183
80676
82489
83331
88055
69600
65571
66757
84675
76949
71715
70243
69908
72814
72467
80195
94949
83639
75320
76165
71372
72325
72572
70080
69300
71732
72196
74201
66999
70666
68773
71701
71790
71110
69733
76844
70141
70701
71492
71000
72170
71000
67887
72585
184286
73487
70553
69631
67709
71106
70496
92421
74488
69641
67761
71906
81694
87345
82178
77955
75390
78294
77486
77686
88663
85969
84522
80473
108021
79012
113719
172365
90773
127120
113953
74009
72254
112095
117729
85996
77057
71975
71872
70159
73227
72199
72860
75663
94590
72354
72663
75791
74479
90392
90728
71749
72853
75714
75357
74197
72097
71243
71949
69247
72666
72061
69223
67343
85496
72379
69259
69590
72431
80164
83200
75584
72545
71366
70584
93760
75992
69452
77251
67194
67296
75274
69156
65431
62424
60198
64526
74530
76244
74351
69757
72013
75378
67040
69204
69050
78080
70416
69305
67430
70066
69298
71775
67019
64937
66464
69322
69708
67320
70758
67834
65768
68988
66883
67461
68620
65579
66639
69307
100972
79967
68784
69247
69432
70531
72079
68055
69039
66912
66774
71157
69061
68925
68286
68693
66580
97582
70236
68773
69454
67345
67074
68160
74793
80616
71429
70862
69618
71856
69922
69312
67483
69206
68974
82763
166917
111008
78951
120377
156998
134524
112668
112490
113697
113247
139973
134796
118782
115096
136653
123700
133461
122008
118042
104292
103866
134674
113685
145721
138172
111283
115185
110747
101056
106123
107033
176031
120184
100553
102417
107891
106400
153597
113276
104136
107896
107440
109264
106942
109732
100250
105525
108173
140813
120092
111910
96699
108492
142854
116448
112782
104418
113747
138110
113245
233590
118527
116846
109866
129717
159181
95380
91796
85807
89645
86575
90159
68024
55745
52690
52615
58503
67710
80971
85207
77223
70981
71546
71353
69456
61177
58914
59172
57450
64690
73794
59445
59168
63492
64426
60639
57403
108932
76051
68229
76311
79551
68522
56713
60852
59943
57012
63861
60099
58573
58601
58690
67416
58821
64358
59793
63094
58631
56703
67263
67395
58174
58374
59137
57662
58626
56785
60607
94868
85011
106433
95171
71547
61423
52422
52813
52562
54335
52424
59504
53738
52483
52714
54408
52736
52622
76076
52785
52500
54871
53648
52777
54038
52336
52269
54707
53842
53945
52371
53313
52917
54817
53561
52379
58150
53877
53088
54545
53734
53298
53494
59771
54084
54135
52543
52359
50831
51268
50977
51286
51147
52500
50199
50320
50190
51621
52510
50113
54080
50227
50247
51721
61997
59977
54391
57243
58461
59043
55514
56675
64224
55440
56162
58354
79541
76882
67371
67891
65000
67015
64795
62862
65399
62659
60899
63781
62575
63147
66737
65662
91988
65608
61135
64246
61696
63178
63926
62591
59734
60957
61963
59146
62472
62791
61401
58862
62173
62149
59091
61611
61069
61029
61922
59698
63367
61158
62273
95206
66656
76626
73742
65267
62730
60063
62683
60962
61129
64287
63383
60080
59753
59208
61349
61566
61207
60860
58529
59086
59152
61722
58787
60802
59375
61328
58709
61009
58282
58636
60950
70758
64392
60516
61652
60746
60203
58095
64356
60565
61253
60359
61588
60866
60655
63148
58996
96691
65296
60750
60881
61713
61482
61114
58902
60288
60263
60899
59645
61336
60584
60373
60624
60931
61024
81804
64699
61004
59817
61473
58969
58706
58200
60036
60722
164914
62687
60054
59824
61375
60831
60730
61545
60051
60623
64697
61027
61103
60877
61199
61023
64652
62227
62574
132412
74870
60617
58640
57753
60629
58372
56000
56880
56647
56852
56651
57019
57324
56443
56234
56253
56488
54584
56694
56381
55955
59880
55950
57817
56303
54481
85452
58043
60544
57000
55787
57428
64329
68224
57740
54931
52013
54123
55077
56066
59985
60013
53449
52403
52869
52277
54199
52166
51116
52675
78115
53136
53571
52109
51777
51625
50930
50850
52398
50519
49682
49959
50823
50543
54158
50538
50955
49786
51816
50970
51448
51364
51014
59386
59635
58593
58160
58434
55963
58538
57806
57895
58193
55584
58999
58477
57658
58268
58015
57750
57117
57449
56973
55842
57577
58025
58451
58073
57741
68387
187008
70285
68204
90939
71655
66910
72864
69467
68614
69352
69016
70953
66137
72499
68135
73199
73545
71818
71065
71974
72585
68428
71822
99328
76801
270842
66697
63043
63183
61667
66780
61941
62877
62770
61338
61913
63693
76859
64562
64488
74987
67281
99687
75662
67712
66101
67516
65267
70938
66196
67143
66136
64140
66422
66778
68156
95348
64465
64068
66632
65778
62818
62151
62584
61396
64007
63535
64219
66309
106575
65376
61554
62661
60751
56460
55631
59406
59577
58303
56170
56381
59652
59230
59806
60445
58299
94084
57638
59583
895782
80493
65510
67369
67004
69546
65968
82090
94633
65790
67288
63070
88093
76206
63164
66604
69533
55637
52822
60547
58398
58558
62725
62749
59118
67383
146583
83264
173103
110246
71835
65944
73240
98585
524404
81253
62307
69114
85414
83790
86676
72471
61522
66234
67988
68146
80688
67800
107971
67049
67611
64236
59789
66969
58997
61716
66273
78479
67285
61572
57051
60331
56614
61436
87505
62273
56854
59265
58937
58663
57610
59160
56682
58780
56426
56368
56213
55696
58075
57940
66016
59634
59757
58998
58900
58399
92676
62397
58585
62075
58626
61975
58580
62416
62249
61024
59186
60094
60325
60997
59424
59973
60677
68524
62753
59607
61712
60252
79135
64031
60291
59376
83299
65437
59049
62509
61784
59754
61485
65205
62541
63186
60252
61575
60383
59378
61495
62412
59238
57892
66360
61823
61188
64034
60141
61982
58593
59664
59837
60928
65744
60647
62746
61540
58202
61697
61295
60519
61248
58632
59179
63807
60944
59434
62480
60311
59495
64818
59600
104142
65738
59537
57957
93069
63407
60411
60083
58306
60885
60924
60288
60153
61720
59740
59099
60999
60576
57547
62799
60294
58928
61367
63491
60805
60298
57657
61025
58073
59587
60386
60449
60648
59612
60956
60072
59756
59184
62623
59010
58574
61682
58461
60543
58919
56950
86477
59721
54675
55820
56010
54183
53145
55788
55765
56326
56111
56266
52819
53752
56666
56123
55133
54322
53106
55579
54221
55470
55236
58496
52722
55452
53490
53759
55411
55274
52698
53578
55490
55625
55500
55644
52377
55724
56772
58573
55763
52403
52076
54621
57547
52863
54319
62437
52379
54195
76206
61883
58313
75696
61707
61405
55735
56122
76346
61447
59394
59681
59118
60213
59063
60122
58256
60099
67985
75285
82104
71624
69617
82045
76073
73638
75273
74860
72976
73685
81333
74510
73831
73695
73164
74092
72558
71686
76841
72755
71105
76715
71853
140594
82045
77316
72756
78714
75087
74971
70736
75764
72442
73609
70834
76555
72880
73453
71245
75439
72504
80344
76500
74729
73392
75415
75133
73668
79809
75979
73021
75695
74693
74930
70953
74203
70646
74712
74324
104220
73845
68676
68364
74971
75129
72896
80770
74827
70115
70519
80424
72633
71129
71869
69878
74570
70027
73597
70125
69668
74602
74561
74302
69861
74260
69412
70069
76442
121107
90094
81772
73766
72351
75699
70664
73712
73952
74753
89929
80023
78228
72012
74980
75668
71558
74907
75633
76125
77082
84450
72692
72543
97055
80034
75326
76025
72496
77733
83845
72756
74374
70934
70998
74315
69189
78017
74642
74049
70318
74963
73088
82047
94259
101467
80113
112977
77166
71661
75936
73206
71106
83582
75160
74290
75612
74420
71570
72761
205505
110379
76848
73499
70666
75473
73819
73635
76336
74193
70545
71105
72781
73702
69072
69495
4499824
117940
179313
112783
73311
141466
87788
75153
71259
72602
68006
75271
73596
70714
75500
95404
142274
81270
71780
70878
72528
72900
88980
83314
65895
58533
58103
69370
68434
71896
69078
71421
70749
72496
72058
71740
69392
70214
135181
85684
79261
72009
78528
73166
69610
66439
65411
67116
63287
67104
65925
66345
66839
65882
64336
68488
68117
71054
74516
68720
65862
64120
68024
69010
67975
65946
64765
178812
74901
66909
68878
66616
67049
67731
64646
64294
68483
67958
133990
67942
66755
63440
65511
65516
62755
66492
69000
64770
64265
66429
62605
70526
71842
66231
64905
81605
82333
69907
65298
65612
66137
63897
81678
69929
67411
67488
67810
68153
64446
65047
68284
67812
67570
68531
63245
68165
65898
67900
67488
68246
64764
104021
68578
69134
65700
71835
66175
64801
68476
66121
67926
65335
62646
68519
67726
67807
64868
64784
61856
66626
73778
66669
63224
62322
65540
66900
62902
68374
65501
64197
65048
65503
68505
69866
68011
68256
64363
66359
67545
65962
64941
67581
64792
85621
118517
72473
68056
67391
65749
63436
68784
68184
107362
83032
63602
68902
66862
66446
64385
67462
65285
71827
65168
75692
66263
68346
64589
65092
68792
70606
64784
69118
66108
83911
67164
68927
66064
66740
73569
64969
67265
65401
67268
67506
64272
63630
64595
89712
72612
66204
64417
65715
66239
65711
65943
63598
64724
65052
63922
66419
62582
60711
66336
64024
64713
64528
64518
64987
62078
64977
140361
74283
60400
60697
58995
58969
60655
60983
59190
85893
69433
68431
67101
64306
114198
75222
115802
68753
66907
70032
63779
63265
64454
65653
62762
65568
63690
65612
64560
87690
62700
64099
60278
59371
84473
68290
60911
63379
61712
61799
59857
62259
60595
61963
59660
61403
59613
61359
61499
61821
61524
59905
59339
62154
60329
60533
61574
92525
65808
67476
103030
69120
67003
66872
66447
65703
112505
76839
73438
76128
72651
80632
71561
74101
75191
74171
70975
71172
71365
67528
67012
72300
67305
79250
72206
93480
83085
72828
65389
67763
63962
67933
118682
78958
84011
76014
75171
77680
90449
73480
72146
74216
75095
69955
73148
75127
69175
72826
72454
72453
73073
72780
68996
72895
70737
69606
75187
73402
68654
73026
72668
73091
73251
72686
68813
69000
73486
73578
115635
74544
69050
70135
73063
69947
72382
73985
69500
72721
72785
107266
75813
73612
78762
80138
81567
84046
77840
79470
75563
72621
147402
71993
72371
73332
69454
84922
81121
80913
84111
80911
75800
75933
84940
86936
82467
80447
77721
88269
78305
77775
81466
80920
77139
78793
79306
80272
78369
78390
110999
165604
4601960
533193
125114
78432
89844
73981
77314
68486
66185
57660
82899
74868
71169
75994
61037
65105
91643
60528
55515
61942
56322
57181
56323
56947
56987
58788
61084
77839
65008
58146
56454
57461
55320
55401
55488
57559
65103
67151
56820
57408
57559
58353
55051
120148
67483
59324
59409
59977
58644
56983
56803
57839
55539
56046
56841
55391
55661
57124
55909
57358
56747
57088
57689
57330
55787
62535
57453
57429
55701
57959
55942
57347
57310
54596
55364
58435
59698
58074
57753
55945
104800
71966
65585
57612
58630
57746
54959
56733
55559
57087
56895
57276
56808
56873
55720
55510
55938
56617
55193
56486
55977
66796
75635
62941
57751
55254
55541
56346
57144
55993
55181
54546
55318
78924
59306
80282
66564
57373
56282
58073
57658
57347
56744
109765
59767
55318
57277
56853
56938
169652
57098
58815
57351
57539
55692
55132
77303
57697
56972
55000
57059
55361
55990
56932
57378
56791
57137
56455
56733
58272
55178
57533
79360
59577
57188
58054
57577
57422
57209
56895
55649
55440
57192
58015
55443
97031
58839
63143
55699
60227
57145
63097
56988
54287
55153
56988
55752
54949
55211
56163
57927
80682
58540
57558
55737
56587
57090
55332
54647
55929
55822
56463
57003
56517
54755
57417
55618
55042
56995
56144
56878
56313
56208
57774
62163
57584
57132
57015
55615
93364
60784
54605
55292
56257
56327
57165
56568
56151
56110
55798
139953
55640
59323
55033
56134
56394
55111
56439
57796
56981
55856
57422
55033
58387
57831
56157
56190
82654
61950
56898
56777
57162
57343
56673
58159
58147
56535
134141
69053
98221
60698
98594
56986
57312
61726
58980
56264
56133
56510
57629
57357
63761
56862
55135
104863
65962
152808
71537
60760
59974
58062
60738
59850
59262
58605
60708
59526
58770
57246
59678
61898
59521
59732
82501
60606
58500
57519
58791
69791
65957
60857
88812
62860
62915
59626
59324
59367
59007
59307
59637
58463
60550
60458
58460
59297
59463
59112
59578
59277
59593
59419
60351
59425
60676
59629
58291
58824
57667
58782
60159
57975
60459
62049
59869
59675
60315
80089
62514
59487
59554
59985
58919
60403
97896
63630
57790
57979
57721
58292
60468
57876
56472
57917
71924
58844
59303
58323
58859
59717
59024
57140
56650
55880
58098
57337
56867
58384
58753
58764
59753
59135
63099
56104
58069
57232
57844
57892
59584
57718
56728
57849
57962
57404
57918
55956
55383
56550
56234
56093
57613
66888
80664
83586
7526761
331225
164811
1370308
297828
202923
131206
103401
96726
150981
75834
78852
783695
108011
80202
62302
70095
61930
58807
58229
68584
59687
62603
64467
58335
99633
73763
57305
55221
55893
57167
57113
57473
56204
58892
54192
54996
56324
55958
55432
54215
54797
54626
56507
56445
57209
56424
54183
57110
56250
63604
57870
56708
55097
56173
56565
54686
56464
71198
57554
56747
55751
55991
56792
53983
54479
59797
56597
56958
56476
59923
55124
56005
54363
56005
55782
56121
53516
56984
57050
54068
53331
61278
55531
55787
56323
55965
55816
65561
135989
56614
60353
55749
52064
49971
50839
50594
4263832
137792
72251
60940
66966
58786
56088
58289
55159
53974
53161
53316
53766
68031
74720
67989
63603
71786
76411
76522
74621
77750
101626
77657
77888
66693
92758
71706
69528
72968
69726
92681
101206
88108
69771
58776
56510
53707
126880
62480
55420
61015
58426
55659
54980
54828
72150
63740
61782
72981
70154
53701
53677
53137
54969
54665
55841
51967
68350
70100
53962
54835
54469
52656
53649
55010
51627
52920
53518
53687
81305
61668
53355
53892
53151
67766
51648
54395
53897
51408
70967
56753
53374
53327
85939
58241
54283
76328
66809
54358
53832
52986
52154
53799
52404
74828
58514
54463
55576
53753
54105
55514
54002
53837
53873
53892
91426
56536
54528
52189
53515
53600
52957
51622
53684
50957
53440
53723
51422
53437
54082
53047
53738
52661
51772
52543
52334
50775
54706
52849
51092
94418
55445
53629
56213
54735
53104
55161
55386
74396
60292
57650
54459
56833
56135
54540
53561
56104
60716
59795
55543
52678
55044
55214
53580
53389
55682
53599
56040
55734
54183
55001
55583
53311
52838
55310
53723
53655
52170
55741
53882
54142
52991
55732
56531
55024
55642
75738
101467
60788
53845
52967
54310
64879
60538
60308
55887
54936
53025
55617
53092
57249
56478
55574
55590
55062
52657
53457
67562
71121
58280
57343
53570
56200
55039
57733
54555
54983
51798
53729
54786
57954
58463
59884
55497
55069
54334
57649
57782
56305
51607
54393
55806
57761
91855
61370
53229
57273
56475
53736
54562
54087
51611
53727
53596
53472
58769
56837
53597
73552
68667
68252
57978
57042
58174
58772
59542
58656
63429
57436
56991
60915
57340
60644
54874
7431232
127752
82238
112437
115816
59037
53271
70408
80646
80404
70323
96931
76896
65807
63576
72494
474639
115392
105314
112398
334438
91992
94580
56693
52937
51288
47739
52542
56071
48704
48998
52723
50283
57896
59492
79224
63158
59150
77235
56028
51666
50287
51329
48763
76517
69377
72319
60520
50798
49137
49965
48712
49936
50809
49305
48009
75395
63222
48634
52354
77281
59179
60048
59240
59192
60896
58187
58248
58393
59001
57713
57159
57830
58760
58169
61254
57954
58183
60863
58837
58467
56837
76664
60022
58452
59144
56095
55833
56653
54868
58502
55314
56035
58254
57395
56490
55457
58000
57739
54289
56654
94253
60285
58750
53825
57044
57293
55932
57619
57145
56011
54210
56069
56674
54826
56417
181552
57108
56424
53719
54987
57980
53215
55964
55498
57048
57455
58756
75868
59048
55003
56784
57362
57241
55376
56593
55154
56138
57037
56387
58144
55663
55398
55734
56446
55972
161973
89445
59423
56438
52741
55038
55004
53342
53610
53168
53425
53439
53027
54839
54277
51633
53190
53734
54794
55225
53487
55249
54755
53293
51991
53583
53337
53812
54212
53577
58359
55477
54678
60860
131623
97182
70772
58525
55731
65705
84429
59080
53549
1106237
114181
94116
89250
90104
85595
115426
102145
90826
94955
70850
70056
61817
63113
64743
61497
59966
63035
66737
61985
63027
59429
69837
73877
71216
51011
45519
45559
44950
45558
45430
45614
92203
45980
44830
46354
46235
45603
46033
46116
43351
57148
52955
46976
44882
46080
44295
45833
45794
45758
45057
44771
42855
45838
45222
45873
45755
44467
43028
44487
49782
45305
45778
46203
44432
46096
45041
45408
43792
43887
43125
45452
45047
43744
44883
61517
54831
52508
53753
54190
52990
53851
53126
53888
53793
51137
53780
93078
54796
53167
51561
51167
52968
51457
52555
53664
52990
54841
53250
52455
53051
54057
52841
53451
53457
53199
68946
54899
53347
52707
53351
54711
53057
53333
52683
53771
57786
54154
52479
52665
52191
53401
51669
52702
52204
86856
87957
83328
59905
56669
63708
55054
56255
53947
55963
69899
68883
56950
55102
85384
87217
64829
59492
57371
57504
57730
54197
54543
56091
54059
77397
71037
54638
53685
56362
64141
83422
60221
50275
61459
55314
48433
47842
46597
45917
44396
45699
71978
56382
54000
52897
55249
62841
99550
63747
47367
45893
58854
49311
46392
44964
46852
45007
44317
45648
66429
49173
44305
43511
43235
43916
43127
44401
45440
43599
45469
43068
42976
43888
42804
44246
43701
42269
42696
44504
44980
45026
44324
42479
44155
43473
44873
42167
40718
42736
44705
43290
44090
44369
43913
42669
44006
43731
45358
41851
41860
41668
42816
43388
42121
42083
43637
41838
48701
44729
84652
65058
64885
46581
44480
44047
3487269
256284
74939
60884
56625
57182
159268
72940
77866
66502
73652
102500
93338
77407
60877
65841
57005
65374
84030
79540
74221
59005
72538
64956
69467
107179
73523
56454
51846
46475
46204
44127
46060
44210
47519
46666
46267
45110
44186
43635
44073
48699
47024
136834
51608
43967
69303
43135
58157
61608
46440
57754
44810
46102
49042
47904
47684
44628
50477
48458
112249
60038
56251
122000
76959
60327
66801
79083
57995
52610
53307
51310
51861
51330
51877
60749
57443
49708
47933
48480
47538
46905
46766
48384
49343
46953
48690
47511
50744
50666
78483
104367
60381
58002
57115
55373
56756
58034
55969
54857
57243
55517
59893
54099
69651
60588
55742
53423
54285
52093
52515
54633
51912
51733
53918
53801
54578
70998
64319
52443
53456
49812
57614
49627
48768
46948
49104
48200
49015
47095
46280
48221
47990
46889
46527
46787
165002
47936
48661
87946
53848
51926
69450
56976
51802
60404
46270
46586
47573
47977
48095
47634
46345
46319
47579
46663
64569
55001
47821
45617
46528
48249
48972
48173
48333
45026
47741
46977
48509
46418
49173
45233
46201
46786
49025
48313
47926
44949
45502
46644
46952
48212
48056
45198
45733
48257
48442
47982
47578
46210
47538
48573
48101
46898
48167
52064
67904
102138
95932
53387
45078
67410
55381
44052
44079
44238
45565
43748
45105
44427
45361
43238
43005
42430
44962
44640
46084
42983
42918
43262
44444
43068
42922
43596
44070
42481
46391
45626
44896
44081
42672
42279
44947
44123
44950
44270
44167
42163
45003
42245
44506
43527
45044
42108
44097
46842
43456
44447
44173
42275
44750
43232
42683
44211
44742
42013
42694
44542
86014
44478
43124
43007
43147
45039
44725
44052
44784
42560
44786
42894
42660
44134
49243
42030
44009
43832
43146
44187
42461
41658
43502
44548
42891
45514
45129
44373
43860
47596
43634
42563
45069
42452
43625
44260
42555
44282
44122
41766
43975
42319
43679
44715
42743
42801
43959
43704
43691
43020
44471
43290
44862
43544
43026
44096
43752
42774
42391
44148
42449
44189
41350
42371
44020
42695
83686
45401
43016
42319
44329
44036
43843
43887
44492
42851
48890
45321
44321
44308
42578
41908
42723
43197
45333
42059
44051
42222
42347
42909
44215
43753
42147
42302
43974
42863
42916
44781
44310
45881
42635
42815
44377
44441
59209
49049
43460
43203
43064
44291
41765
41987
44231
42467
44596
43622
43610
41862
44074
47514
44102
42525
44626
41795
43176
48066
45393
42541
42798
41379
44616
44669
42580
57379
48557
48122
49908
49923
48043
50201
80628
56870
63369
54254
51711
50189
52778
51678
52102
51086
52274
50944
51588
51660
50908
51820
49568
49542
51158
48986
51192
47397
50541
49933
68608
50631
49691
48598
50463
49810
49878
49406
64242
49517
48455
48186
48738
49184
48739
49285
49841
49696
64176
103162
62958
56134
55287
54782
54159
55556
58319
55156
53883
52607
53156
52436
54353
53566
53446
52973
52780
54250
53831
53395
51723
51374
54230
53677
52526
53636
52855
53612
54042
52434
53588
71992
55289
53705
54095
54342
55760
54573
53936
55309
70413
67903
60777
56430
54091
56261
55432
89715
55255
54658
55794
67153
61134
49017
51710
51382
50750
49952
48850
47223
47851
50426
51211
48770
50191
47401
50149
47011
47985
50052
50177
46894
49861
47614
55774
73230
65975
47712
49065
49633
46938
48951
48428
45789
50356
46594
46008
49317
48938
45770
49608
49124
50110
47233
49487
45356
51207
48942
48619
46233
48059
45452
48993
48322
46373
93158
50376
45984
46587
50935
49798
47895
49770
16984111
174544
92208
73849
69265
52308
47066
226469
49300
55663
54375
66918
71785
45082
43719
42707
42728
44717
74879
73683
64241
65534
49329
47061
43845
45653
98677
45824
44613
48839
44800
44548
42688
56851
62441
46849
44456
46458
45017
43607
42602
43248
43629
46288
49113
43455
43164
44077
41948
44459
221835
52035
52159
47510
48026
64165
51917
44973
44073
43284
43087
45608
44496
43099
51229
48761
48063
47668
48132
43861
50263
48563
46651
47369
48518
49501
47778
43825
46375
47749
44075
57150
44436
47778
45880
47859
43990
49902
44267
45505
46633
56275
44324
43524
43377
43713
42249
43782
41908
45539
44271
43382
42214
41503
43674
43648
43064
41467
41606
43514
61678
43113
42372
42668
42540
43852
43131
43990
42420
44037
41466
42709
46202
47282
47311
42805
41690
43371
44122
42852
41413
42073
74287
58402
48310
50424
48913
53454
46425
47297
47242
74872
59636
51038
47637
48774
43888
48689
50191
46584
45890
48154
45582
45288
44243
45129
45751
47919
45143
46510
45161
44189
46060
47250
42746
45435
45316
45157
46068
49252
45703
45381
45108
43470
45720
49681
45282
45053
46732
47442
45997
48782
45222
44953
45277
45188
46468
55235
46351
49600
49095
48820
45963
4519501
140693
67152
64010
60474
62314
62143
52953
50781
52554
49467
51248
49542
50435
50103
51852
49415
52491
49385
49630
49939
51449
52444
50449
52230
54087
49098
48203
46229
44993
48440
47757
47912
48656
47532
46735
48410
48965
46494
46229
47962
45710
47418
47522
51460
45034
45581
46432
48507
47139
46108
47717
49494
43572
75424
47562
43362
42707
43181
41583
42137
42141
44175
71399
60289
43421
42552
52715
48225
44481
43161
48892
43711
42880
42554
42684
42647
41832
41409
41769
41823
43753
44614
40338
41811
42990
43193
42895
43077
41733
42790
42844
42691
43085
43024
41344
46884
42735
43168
41714
43306
40803
43178
42664
43179
42701
43079
41503
42976
42527
43419
44866
44283
41269
42916
42722
41866
41903
78925
51060
46744
46730
43400
43697
43863
46467
49505
45930
45064
45395
44889
45509
47260
43461
45537
47005
44999
45690
47273
44713
44753
44944
40725
45434
48598
45461
46185
45225
42899
42234
43385
41678
43151
45812
44456
41157
43290
42926
44010
43101
43352
40591
43121
43413
43727
42940
43096
40599
43335
43132
43846
43349
42148
40045
43841
43718
42478
43720
43547
40885
43839
41932
43225
51980
44110
43814
46197
46761
46342
47573
43442
42593
45153
46479
44848
46362
42192
42338
46805
46334
46388
47211
42633
42210
46545
45188
45905
46721
46112
44209
43714
43146
42888
42602
42016
42960
47539
47470
45514
46503
46346
44798
42223
43036
43361
43123
42957
42763
44997
43628
43319
41785
42384
44095
43131
42803
43426
43222
43660
43036
46378
46427
46927
45170
46154
44323
42816
45348
45620
54931
49044
45304
46601
44160
42262
41530
43076
40286
43495
41449
42900
40741
43152
13607759
145253
79623
87784
112456
74237
86679
76476
71367
72230
71757
70374
72584
102713
74841
62602
94037
61667
74977
62833
69847
64371
62690
93017
70868
62980
57493
59677
98544
65268
51205
50703
53186
50484
53106
47039
45591
46133
54491
51225
47991
47442
47071
45081
43486
48333
51966
56852
61807
76011
45116
42263
47758
45601
47776
47419
55957
49649
49528
55088
42431
49563
43133
84664
56220
47062
43482
45263
43025
43135
43397
43266
41900
50472
63719
43900
44384
43724
42831
44263
42263
43496
45203
45509
42235
43418
44550
42993
43460
43160
41202
45993
42339
43713
42451
44689
41120
43415
42955
42266
44901
42879
41810
42364
44525
41642
44442
42379
54551
57677
50191
44394
42999
44212
42434
44609
44315
43510
44362
42575
48183
44521
54764
51660
44402
43288
42424
42830
41665
43396
43617
42784
41252
42672
43162
43478
43510
42425
40267
42287
43237
43414
43240
42149
40606
45805
48377
62051
52966
45551
43285
43665
42301
43296
43231
60932
41780
40940
43087
42364
43018
41233
39957
42024
42261
41333
40433
41008
40333
43938
43561
42774
41366
42844
41190
44496
42248
40614
43006
43522
42709
43344
43252
42567
70175
43073
41959
42945
41070
42482
41172
41015
40416
42133
43288
42599
42128
46734
42722
41277
40921
40685
41726
43199
41548
42657
44394
44005
40713
41137
40982
43006
44162
41552
42087
41638
40375
42217
43159
44256
46459
41748
40401
44232
46155
45560
43778
41092
41167
42637
43490
41587
41488
46675
40587
42424
43477
43188
44148
42356
40732
42670
41687
42986
43839
43093
41402
101060
45418
43285
41633
42671
40917
42792
43330
48206
44483
42983
42491
44791
43963
43728
46330
42849
41929
52762
44049
43733
42298
43131
42648
44506
43853
44004
44478
43830
47310
43473
43724
41355
42192
42555
41687
42785
41901
42658
41426
42453
41707
41471
42178
42772
43378
43526
40924
41011
43011
43772
49249
51840
55205
57450
50906
48296
43487
46306
46258
77194
51843
45101
53586
51650
49108
47835
47107
48499
47609
55121
50022
47645
47540
52170
51616
46185
51332
47964
50680
52479
51571
51563
49570
47583
47077
47427
50417
52037
49510
47953
50720
52514
50706
50192
49158
47547
50191
51161
52409
51282
46682
50112
48873
50000
50888
47295
45181
52127
50580
49900
49503
71760
52373
52854
51018
52714
52161
50540
48038
47623
46990
47983
50585
49790
48966
48357
52503
50314
50475
48854
49214
48075
46828
47350
51894
51729
64933
47708
50356
44595
47032
47025
48470
48272
47281
55889
47497
45831
44999
48973
46283
42259
41042
42296
44177
43344
43009
41314
41190
40713
44045
42718
41147
41083
40679
44383
47409
49053
49000
46906
49277
46124
55947
49969
48477
46987
48790
46979
44904
46679
42922
41811
41905
42759
42108
44899
45271
47334
46957
45080
43901
46788
51991
42294
41889
40418
42357
45149
44830
42174
41195
41224
41670
47071
47020
46883
46902
45252
41091
41741
42089
41422
41782
40666
39611
45948
42215
41781
41426
41209
40112
40685
40490
41998
41147
41825
40127
41690
41236
41853
41406
41207
40701
60308
46012
42054
42142
42475
61715
63941
67547
66314
65027
69059
66615
67795
60903
60608
59217
63955
60265
62963
70789
65681
60286
60453
59635
63698
60794
56642
62099
65448
62461
52875
44545
40699
43609
42298
42601
45351
40442
39932
41053
41325
41198
40434
40948
5885342
94722
63599
61783
57876
60034
66146
78959
80427
77148
71132
68057
65611
68098
67914
70283
68915
69932
58516
88110
59127
63530
61221
62782
63719
78915
71645
76146
80470
55384
55306
57816
120202
55353
46979
43167
42926
41854
43698
42402
44256
42545
43924
41201
43048
41292
42478
47836
42767
67163
44655
43361
43632
63202
42230
53298
57316
47686
50768
40209
46842
44323
44927
42781
48198
42841
54183
88986
56446
70145
55332
62163
58107
54028
53688
52799
65789
52250
46890
42701
45943
45113
48617
42797
42974
44707
41924
41963
50106
45774
47191
48566
49686
43299
47479
43465
44728
41838
40805
44716
44465
45380
42115
44006
46146
42044
44675
45045
44118
43148
41561
42203
44684
43629
43913
40702
40651
42871
44840
40825
41737
41365
42059
41885
41337
42574
42317
40247
40280
40221
46880
42724
42666
41369
42761
42603
42183
41827
41780
41565
42113
40788
64866
77414
78609
74864
112930
76332
71663
72053
71159
69501
67752
65794
72320
68337
67275
69695
66224
64070
71756
66107
63773
69308
70497
66867
78893
71642
67702
216491
70483
67609
67530
70914
65650
68080
72464
64258
73413
71719
71553
71184
67150
74098
74322
71693
68877
72017
105364
71037
67152
71944
63871
62423
56632
58007
66088
67541
67916
66529
64714
62304
64436
62489
69522
65894
65404
69628
77676
67583
64522
61965
60697
58034
61520
62796
59354
63771
60963
59701
57736
59082
61103
59603
59585
56454
63991
66425
75744
61976
63509
55276
59260
59086
62038
61756
93417
57022
57332
56485
57092
58135
61538
56042
61699
60306
60514
62447
61639
56786
64750
57900
58577
59743
58823
54208
59795
61781
65274
63924
63140
58585
61771
61267
58822
63079
61395
64546
65393
57555
61718
73057
59698
56729
61111
59076
59102
60913
58503
65766
68792
63786
67180
74690
109949
69247
67085
68143
64391
66026
62872
60509
59665
61525
64272
59321
66802
65619
71211
68749
71935
69455
67054
67844
68459
65933
71574
68043
71250
68995
72775
67514
78245
70363
69284
70007
64339
65912
63504
68581
67650
64198
66894
65271
68249
94808
71794
67069
69912
64757
64727
66510
64598
65392
63509
65759
65951
62265
65680
64497
65623
63032
65895
65016
63462
62142
59156
58889
59186
58236
60492
60737
57787
60048
60853
57277
62557
58881
61112
60422
56846
56049
60321
55953
59617
61341
57635
59909
56727
55290
60461
59017
107291
62209
60689
56174
62534
61360
60862
59589
62718
58868
58180
61570
63682
69748
60871
56471
60514
58620
65459
67869
65142
64366
62565
66058
63450
67002
67922
63452
69073
62866
68008
62944
66023
62700
62970
64621
65340
64064
64510
61814
63823
60533
65072
63715
97398
63570
62717
66144
62364
60040
63134
63708
60846
59611
65487
64260
65070
60660
63464
61595
64509
63661
64517
58835
63005
63702
71110
64770
131328
67934
64184
61698
61120
64778
65971
61144
64719
59126
56085
58657
59566
56038
59447
60453
59978
58930
59278
55497
58821
59076
66713
60193
59301
55398
59971
57850
60167
2891370
150921
132495
93601
272757
62683
53574
53425
53784
49024
50768
52073
51189
49594
52330
51557
50590
47438
47282
47900
64967
58128
51341
48128
62326
52016
50806
48927
47932
47782
47158
46515
46108
54628
52845
49608
47886
48494
48480
47768
48132
46607
46395
46618
45934
46299
46662
54986
68023
52913
49513
46868
47672
89510
51630
42786
46306
55641
49691
46995
47682
45588
45568
45635
46814
47754
41787
48154
44909
43490
45442
47916
42671
48590
59578
50950
49116
43193
42756
46817
43769
48361
42515
79703
66615
65814
64951
67777
68876
68649
66640
65513
60548
59640
59329
74053
68630
64559
61747
63603
66055
62061
63939
69545
61635
66018
95686
68586
64132
63544
58810
64845
64439
70936
63382
62235
58182
61312
65366
63638
64546
65325
57720
64125
59084
61605
66193
66020
56579
96091
56423
52512
43529
55177
44536
42216
56948
79952
60759
53746
83627
84425
85023
85723
80340
83402
78814
921855
996819
92794
82546
388056
81391
80419
78200
76297
75132
70350
71333
75441
75401
80905
74337
70182
70803
161513
72730
71512
72603
72289
71312
71070
71988
69758
67168
70790
70960
74013
72310
75081
71691
68749
66568
68999
72687
99737
76374
76596
73722
101595
72200
61540
68831
64793
66278
57296
60503
57042
57270
56198
66708
56701
58592
88723
63395
50858
53701
48930
49468
49341
49104
49354
47334
49941
48062
47926
47556
50448
46303
48829
49140
48917
49547
48998
46068
49104
47511
50608
48498
48715
46469
47634
48393
49024
49675
47499
46478
48790
76634
58441
56989
57293
55934
56530
57105
56521
55035
53873
53370
54499
54396
54675
54443
91010
62633
55647
56526
56618
54525
55371
53262
53772
54204
62587
63380
55453
53286
53753
54705
54145
54433
56680
53638
54545
55019
52918
53602
52350
51030
52480
52822
55923
55028
63250
51061
100789
68195
64257
64699
63366
49994
61539
53005
50614
50576
51698
47418
49475
50741
48899
58951
53794
50791
51029
49291
49625
50115
48712
70334
53056
53886
59183
54066
52310
50149
53523
51610
53325
62510
56983
48826
53293
51730
54197
64518
50852
47981
49955
50906
50715
50619
49303
48312
48715
49663
51010
49676
50775
47890
50514
51371
54826
52922
49093
53756
53327
52518
53332
137444
75713
59009
50014
49906
48824
47502
47220
53587
48342
49048
50126
49247
47803
45687
49274
47165
50170
47257
48953
46092
50512
50150
49914
49044
48604
46189
48920
48645
49007
47571
4223519
138045
83498
72084
63982
65227
94781
91817
58346
56726
111427
117022
101348
64344
60498
58251
56253
113581
64858
70032
64408
62270
54547
54545
73216
79244
77071
60315
54021
62224
60116
69482
60497
66806
51186
49223
251581
55881
48564
49058
48429
56555
58397
117678
61753
59399
57021
75955
71948
64027
72666
71143
96181
122625
119360
60927
53054
60930
49879
49381
46528
49151
48403
47434
52598
48411
45785
47359
49478
44853
44980
47796
46121
97846
56661
51629
63828
54152
43044
42658
62467
46758
39945
37955
38206
45213
41150
38531
37595
37637
37123
36118
38541
38455
47764
58085
72082
64007
45077
39269
38801
38930
54277
38776
39108
38455
38635
64325
67437
45413
43512
40748
44012
141669
79829
64169
45679
41232
38297
47078
44136
41921
44122
74213
50294
40329
66263
57451
46511
44803
43173
42081
40853
41513
40545
41288
40315
41687
58307
70236
137512
66858
55169
45008
44100
42114
39273
37068
37056
37052
37052
40175
36442
35837
40892
42050
47685
39885
47672
45574
40861
40635
45617
44521
42154
41524
42450
46454
47231
54504
51588
48071
46581
76425
53082
50177
47120
44832
107324
78974
94300
91965
84117
70789
71364
75977
74236
61612
48891
52975
47498
49137
43550
77693
67924
79295
73934
68666
62135
59572
58228
44467
97378
81324
66101
66604
80727
82560
78826
95751
82041
70440
120676
106397
95751
90442
92049
81564
69831
72182
63991
63407
59356
56751
59632
59251
57388
56089
56100
54390
57207
55348
55542
57427
53136
50784
51902
56433
56823
52944
55892
51427
56223
56003
53008
52731
56184
51152
51554
51461
55629
53487
53851
55165
58978
57785
49175
38626
36767
36278
38019
35833
36660
36227
36584
35499
36285
36683
36426
35797
35888
35009
47471
37394
36806
34860
37661
35445
41408
49762
41216
40252
62446
60375
58496
60658
72676
60931
48341
41710
45553
39202
38109
35757
37664
36667
37578
37064
37888
39866
37208
34855
37557
37956
35558
35969
36900
36435
37319
148603
35612
36345
36591
43031
43178
36501
36042
36669
70233
44741
44507
44845
45226
43431
43678
41985
41650
43822
52562
64089
41841
49749
44995
62263
44301
42239
44244
45127
57855
43792
44475
45522
44238
43745
45045
43066
44520
44585
43091
64190
46696
42555
45885
43597
42196
44406
42732
42074
41454
46738
45310
44264
43898
44309
42059
43858
44049
44310
44739
43342
42864
42809
43031
43420
43790
41995
43433
43801
42253
43918
43872
44109
56790
41206
39494
41245
40450
40592
40562
40762
40840
40321
40483
38511
40478
40766
39826
39700
38330
40576
40096
40285
40599
45951
39733
41080
39969
39843
38288
37103
37800
37035
35633
37722
36191
36894
38172
39787
45913
39787
58928
40006
39873
40290
40391
40670
39449
41637
40829
39112
38788
40218
38317
37201
37683
35658
36529
35953
37593
36870
36391
76253
46664
43242
41441
43183
6387466
100276
92201
128335
49223
57098
48027
43390
44620
42971
67417
48993
43763
63664
47551
48557
45312
43857
41738
48506
46254
126936
64903
69560
73259
60343
52970
53106
59825
45537
41890
50983
41305
41889
40017
41227
42168
40577
40263
39678
41656
126251
45422
43208
44165
42986
46848
46593
44591
47658
43512
44414
42678
42621
44674
43316
49027
45855
113825
46704
44078
44307
44553
43058
43685
58387
49122
45383
45540
44551
44524
43582
43961
45569
44892
42766
45147
46899
42890
45630
44247
42010
44598
42078
45062
42794
46811
60222
46996
42828
45295
54393
44572
40536
39819
37912
39496
41252
39614
37669
38918
38055
39745
44601
42908
39673
39180
38360
38256
39115
39354
38554
38701
38008
37995
39762
39657
38533
40358
38367
43812
40797
39362
70353
50304
40439
39541
37600
38603
38465
38534
37550
38287
38615
38666
37555
39126
36788
39631
38670
38770
39105
39639
36710
39348
37281
38744
38707
38569
36535
38975
37154
38283
38537
38430
36611
37460
38400
39010
38220
38493
36303
38567
38227
38264
80135
59454
58043
56772
61481
65335
65041
64722
61423
66366
63574
62617
62639
64133
61843
64515
65289
62642
94443
67797
65591
68419
67224
68879
62936
65504
62131
65280
61926
66404
64965
65501
64162
65700
67586
63640
69021
65237
63939
62948
65312
61806
65793
68464
62778
63615
61746
63764
65488
68962
65116
69970
67595
65080
65127
67019
62145
66776
64260
54350
53417
52478
52017
55823
57329
54746
92991
75679
64155
64596
64551
59805
62366
62531
59685
62185
61076
62017
64417
64308
56471
56823
58921
56339
58450
58822
62665
59691
58160
58713
56263
62062
55183
59658
57927
59494
63117
63095
55980
61239
59636
60329
59879
54275
58493
54986
55167
57971
56341
55184
62004
59121
58784
59037
60542
90761
63681
61708
58978
56019
53684
55978
56082
58523
56229
56562
59801
58727
59057
64980
63985
60105
57213
62289
56537
60003
64245
62058
58375
61116
56617
57313
57918
58964
60153
56712
57420
59567
60912
58489
58514
64409
57954
64015
62782
100825
64006
59705
59417
60669
77162
66328
67830
59002
59194
62726
58928
63473
58071
56112
53409
56540
57233
53158
77600
63984
61805
66285
65417
66561
66656
65110
65259
64673
60173
64455
61414
60581
63531
65837
64198
70424
64416
68536
66587
72832
64648
61005
57972
63734
60844
58321
101333
65217
66411
67580
64278
63389
93648
65603
63927
68325
62472
59416
58810
63548
64107
64830
63847
85560
69579
67782
64021
70333
66102
70994
61600
60867
63879
58718
60100
62855
71246
65589
67262
65874
65206
72907
69549
67068
103925
70338
65621
67432
66291
65055
63589
58301
61853
64226
60487
60392
63019
62370
60416
60833
64873
65336
65789
63388
59975
63289
65748
60119
61802
64131
61886
70118
64575
60267
58468
61960
60248
62449
64328
63317
64527
62163
65487
63826
115780
77864
64606
62461
72163
65637
70776
67784
66965
65454
75110
64507
62834
59962
86887
71040
61650
73731
75294
62983
62127
61010
60557
62748
60613
62673
90346
63957
61512
63085
59970
60366
58388
61730
60371
59500
10136944
153311
133851
76125
72611
63727
58658
66474
65248
71322
60580
57107
54834
56793
55734
49038
49630
54195
69512
57794
89681
77462
68100
64150
65728
62380
56181
58177
52752
50985
54991
54228
54224
51130
51577
53829
51952
52787
50939
53614
54362
50174
54925
53480
59010
59664
65274
80304
53764
60157
53936
56797
57269
58902
62789
58478
55776
52133
54410
64742
51863
62224
55213
59452
51663
56192
92443
79202
53132
55280
57041
78528
65217
59028
57760
54085
55639
89627
46031
40483
39690
39189
37437
36603
37240
37633
38078
36577
36487
35244
35535
37310
38243
37473
36029
39885
37514
35701
37384
35933
37009
36600
36103
37736
36948
37584
36163
36646
37536
35817
37240
37553
36065
36470
36634
37534
35915
36680
35975
36472
36450
37284
37180
37830
36249
35909
35759
36850
36880
37092
36284
36759
37390
37214
37500
37251
35973
36393
35647
37983
36935
37318
64335
38542
37817
36323
37760
37085
36053
36969
37180
37014
37810
37536
36507
36857
35647
36033
37268
37149
35684
36824
38946
36672
37999
37327
36729
36732
39749
35974
37066
37186
36494
36405
37164
36031
35686
37708
37134
44908
37173
38041
37295
37473
36259
37105
37070
37430
37686
37259
35860
37505
36975
36221
37336
35807
36306
38231
36519
37623
40605
37991
36134
37360
37060
37150
37185
37139
36696
36350
37765
37328
37087
37882
41350
37905
37263
37083
37173
37598
36398
36377
36903
38742
36383
35917
37313
38191
37019
36400
37677
37361
36223
37124
35879
38165
37810
36198
36596
40111
37714
36886
36520
36497
36035
36689
40753
36489
36612
36906
35564
36448
36418
39872
37626
36664
36647
36737
37099
36618
36445
36682
35778
35002
36582
35740
37779
37237
35957
36532
37215
36917
36163
36891
36026
36514
35480
36331
36028
35852
36642
37024
36844
36423
36140
37064
36900
41533
36769
37356
36181
37675
37077
35532
37139
36379
35694
38243
36699
35684
37687
37929
37605
36864
36909
37917
38501
37293
35726
35756
35977
36425
37825
36443
36860
38001
36878
35731
35221
36888
36867
37554
36576
35466
36975
36977
36906
36377
36426
37312
36782
35419
36232
36774
37208
36937
35585
35355
37014
37118
36570
36346
36320
37052
37123
37128
36878
35582
40771
37575
38160
37036
37175
35580
36866
37311
35924
36267
36820
36830
36703
43075
39130
38126
37338
36793
37682
37845
36416
35337
36392
35532
36222
35303
37924
38064
36676
37018
37857
38156
37664
37950
36678
35494
38058
37663
38281
37625
37008
37367
38425
37871
35712
36851
36568
34319
36967
37618
36865
37085
36682
36334
37579
37410
37917
37583
36242
36538
37186
35491
35425
37651
36496
36530
37591
36761
36160
36037
36836
36803
36313
36436
36980
34993
35548
36744
37394
37128
37440
34794
35888
36743
37683
36382
41556
37599
36769
35220
37251
37673
38286
37475
37656
35993
37363
36457
36835
35696
36580
35314
36620
37232
35600
36815
36801
36595
36855
37058
36731
36971
36431
36748
38063
35618
37603
35437
35562
35333
35261
35876
37066
36622
37312
38523
39555
40465
37718
37508
36127
37594
35516
37055
36271
36775
36878
36965
36222
36883
36846
36665
36642
37906
37697
37214
38648
37379
36998
36220
36685
36902
35989
36572
36917
36219
36812
36297
52276
39398
36998
37052
36381
35301
36480
35241
36982
37388
36147
35804
36426
36859
36171
36244
35417
37368
35825
36661
36780
36454
35063
35422
34956
34826
36741
36989
36110
36497
36460
35383
36487
37316
37216
35682
36710
36937
37257
37309
37582
39010
37149
36463
37345
37098
37359
36593
37198
38327
36947
38223
36285
37161
37520
37258
37681
37095
40222
36470
39015
37682
149335
38412
38887
38157
36071
38644
38476
38216
70962
42012
37574
38928
38223
38861
38420
37215
37856
37865
37518
37369
36012
36346
37137
35835
37691
38341
37407
36281
35758
36623
37287
36145
37827
37629
37115
37754
37262
36070
35445
37540
37317
15229965
134150
92032
72652
96314
93956
61472
62791
56140
52834
70145
97729
65983
59788
66057
56420
52381
54940
55179
55289
60076
60841
59166
64745
51161
74171
66934
68627
66110
143137
76808
61978
57871
57953
55559
59398
69697
58147
57211
56453
57886
54506
55936
56040
55346
55834
79498
55886
69769
71606
60762
52886
69810
80736
69717
63937
61377
69032
54778
71587
59232
57221
59200
56414
59278
58363
59179
56997
57295
71680
68110
60093
58943
58611
59708
55872
88461
57727
56055
57874
59096
58834
58952
55581
59048
56580
56253
55840
59118
58934
55591
57093
56200
59546
58958
56375
59475
56452
58456
58501
55863
58762
59288
58606
59355
59284
56059
59397
59184
56185
58629
58839
58654
55883
55216
57132
55823
57516
58875
58843
58763
56892
56012
56058
58824
60767
53387
54416
56275
56713
55708
55871
55198
53353
55234
55192
55289
54679
55199
54144
55754
52417
55285
55295
55551
52941
56398
55659
52490
55099
54934
53185
52834
55450
52964
55509
55515
52985
55480
52678
55261
55061
52072
52811
55217
52658
52785
55712
57574
53181
54853
55070
52433
54629
55819
52606
89279
55373
55187
55096
55411
53406
55310
51916
54310
55330
53036
53416
54985
54912
51864
52563
52834
52588
54484
55161
54993
55079
54374
52495
52430
54288
52379
51913
54488
52596
52887
56183
56559
52266
52063
52727
52264
54341
55739
55564
54190
51974
54388
53508
50938
54172
59399
51549
52274
54234
51037
52051
87178
55121
51582
53909
53951
54449
54345
51265
54815
54654
50886
53933
50727
51675
51733
54325
50754
54344
54977
52800
51317
58502
55588
54298
54127
53258
54387
54195
54861
53758
54183
51789
54105
53961
52580
50501
54163
51403
51029
50483
54750
53969
54093
51555
53982
50862
51315
54093
54567
52310
53324
51408
55005
53910
53712
80029
61921
54121
51011
50321
52806
51761
53523
53676
53468
54424
54335
51415
53360
50973
53398
53438
54342
51716
53944
54565
51023
54113
54190
51028
50979
50823
53154
53631
50841
51125
53462
56511
57515
54171
113779
54342
54798
66751
57760
55069
55400
53252
120316
64708
55063
52337
65244
59552
51662
54422
53984
83584
55252
52787
55066
54450
54801
51296
50395
51204
50690
56501
54328
53528
55107
52384
54195
53239
67375
62722
50422
51425
54053
53909
50720
49808
53605
51273
53048
54284
53794
54230
53651
51295
53642
57451
55269
54410
54902
53860
54639
51698
54342
53842
56892
54116
54345
51735
55458
54075
72500
59495
55373
54223
93242
56937
55619
51927
53697
50714
50232
50961
56021
51114
53107
50377
53473
50400
53406
51530
54667
50282
49212
53860
54273
51069
56169
50118
49442
52614
51948
50991
52430
52057
51972
52549
52318
50310
52797
52307
49738
49644
52023
50183
52133
52996
53317
52942
50069
49953
52189
52547
52056
55188
56483
54823
51629
53817
53861
62094
51988
52990
51997
56851
54427
53713
53823
52230
52120
54430
53933
53585
53711
52117
54398
54810
53879
54176
53892
52557
51134
54077
56193
53826
53913
52332
54293
53967
54176
53453
55153
52324
54203
56390
51583
53929
54766
52296
51333
51578
50501
56847
54574
52543
54975
51315
51602
55626
51329
52075
51730
54075
97985
56709
57492
52558
53982
51411
53638
51682
15825470
264402
100070
70636
77055
78920
60402
59649
54225
53355
59592
59529
52940
54569
54886
57897
55860
64653
52578
54544
54336
53216
53129
56540
50535
52200
52764
53212
53507
54593
53053
51927
50403
53692
55426
52993
53028
50930
52185
52297
53537
54050
126745
61356
42727
42415
41084
40711
40826
40070
40057
41810
41349
41054
41153
39817
42167
41880
40002
50611
40090
40450
41332
40895
40046
40474
38812
40620
41182
39816
39434
40755
48038
45012
39196
39848
39740
39761
39491
40183
46299
39913
38501
38785
38789
40051
39721
39286
50581
39826
38347
40216
38556
39652
40288
40029
39659
38027
39193
38293
39194
40390
39409
39679
38375
39216
89625
44233
40585
40830
38631
40169
40172
39776
38799
40039
38272
42716
41275
37797
37101
40582
197262
67456
43630
40197
41581
39470
36875
38548
40243
39775
38734
40250
39456
38801
40038
39650
40420
37813
38879
43311
40594
41097
39908
40395
39914
37931
40877
40666
39834
39776
38634
39415
39924
38519
39634
39532
40620
40770
39880
39652
39665
37773
41182
40192
38412
39269
40112
74571
44776
39930
38506
39655
38813
39938
40048
39621
39753
39296
39373
39769
39780
39612
39590
60430
43435
42459
41595
40026
41898
39969
41591
41356
40130
39903
41944
39977
41741
41699
41272
41722
41365
41317
41422
41005
42008
41121
42356
47636
43029
41821
40850
40344
41436
42111
42596
40734
40185
41151
39945
42268
41959
41713
41474
39527
41643
41994
41612
40908
39702
39713
40917
40774
40562
41155
49687
48219
46924
42964
44752
43111
42292
41781
44062
43826
43325
43319
42301
44396
43990
41898
45655
45913
53950
49338
48260
54015
54857
63095
62017
61769
58273
58048
58092
62536
61615
58591
70682
82416
55016
59347
56449
51178
58065
81660
63566
63169
52442
47340
56534
42282
46490
43203
42504
46409
45613
56639
42909
42811
41869
40237
40285
40308
40195
41195
48116
48753
134439
56333
46779
48141
39740
40371
41195
42623
39461
42802
45184
42812
41072
40511
39621
41945
41677
40292
39389
38974
39822
39952
40313
39218
38950
42759
40080
40225
39124
39735
45943
51598
51141
40319
40943
38689
41005
40346
37172
38601
37201
40175
38814
36429
39885
38298
39037
40123
38978
40177
41100
38752
59959
40514
39585
38973
40387
38970
37619
40139
40103
39127
39922
38295
43160
39948
37806
37958
37594
47154
37716
37871
34884
35659
36931
36272
34144
37319
38043
37641
37745
35933
37336
37853
37723
37706
36694
35671
36581
37457
36523
43348
45877
38668
36548
39381
42211
41892
41978
39845
39355
41575
40484
41834
41529
39702
39556
41802
41084
41520
41303
40124
39422
42187
41674
41344
41112
39817
38429
41159
40078
61228
42021
40714
39908
41566
41692
41340
40164
40507
38494
41630
41735
40275
41372
40076
39571
41850
40457
41632
40215
39964
36297
37737
42360
40802
67617
39294
36710
38233
37053
37325
39467
41214
37392
36507
159426
41167
41927
42663
39003
37224
37714
37116
37255
41894
38783
36438
35755
36714
36544
40623
39402
36835
36628
37199
36004
41743
37635
36105
35636
37102
36103
64549
42563
37155
36450
35871
36959
39000
35484
36440
35288
36275
36123
36708
35512
36369
35915
35567
34204
36580
36027
35819
35779
35479
34852
37988
35060
35561
36334
35436
35936
36110
36498
34675
36785
35152
35571
36271
36078
36002
35637
35577
36190
36841
34669
34772
35643
36064
36059
36081
35196
36301
36310
36860
36323
36535
36485
37118
36716
36294
36395
37667
36438
35640
36356
35595
36860
41155
37417
36661
35360
36445
36173
44511
36464
36953
6574422
63946
53706
57725
58108
59591
58828
60188
67071
73777
69889
61723
62451
62088
88718
67518
55180
115672
55530
63640
54526
54174
56447
52390
39212
34992
38629
44195
48812
61298
46085
43829
63234
60490
53393
66810
57968
51928
43316
42522
42841
40301
44468
38575
44875
41730
44274
47505
43182
42779
42407
48802
42633
40622
40241
36597
37961
42305
59972
40734
54620
49507
37008
48944
38455
39351
39573
43608
39749
46757
42617
38611
40789
47268
43169
47494
41118
37814
41055
41577
43024
42613
41172
42979
37927
46831
42846
42417
47241
57314
40079
43140
39838
37964
36138
35098
35608
35499
33947
35201
34970
35253
34553
35153
35337
33541
33919
38899
38862
35661
34166
35482
34121
33992
35923
35113
35054
33744
34055
35185
35730
35214
35740
33945
34166
35000
35097
34312
35673
33968
35243
34944
35682
35261
34168
34055
34147
35205
35785
33909
54858
46608
40661
39833
40939
38182
39404
39446
40677
38024
39947
39016
40496
38689
38816
40536
40308
37672
41045
38782
39743
38145
41066
40266
46727
43365
40518
39725
39437
39765
39000
37519
39765
39293
39081
39384
39312
37365
39957
39606
39536
39559
39823
37786
39650
39716
39175
38070
39713
37013
38215
39465
39112
37966
44469
40702
38867
40568
38514
38458
43791
42729
42947
40425
38807
39864
40282
44479
38624
39887
41266
41000
40458
38485
39789
41393
40622
40690
40683
38499
38937
41339
39449
39511
39679
38411
42864
39436
40057
40459
40775
37934
43296
41261
39039
38867
40540
38545
42951
39266
39031
40420
38545
36830
38105
40663
40354
40192
40525
38264
36215
42204
40769
40262
39618
38455
42717
39249
40968
40430
39681
37991
41649
39373
40385
39100
39069
37967
44564
39978
40778
41167
40037
38515
56541
42522
40689
40699
40508
47352
41409
40492
124102
66182
59771
70273
76877
65274
65183
65912
62986
66611
62998
63342
64741
66219
64160
62461
63883
65658
62530
63435
63538
63374
63367
63351
81900
65578
71850
72204
69292
71397
72760
68537
103668
87433
124391
77301
76339
72447
71715
71906
71151
69055
71532
66904
71912
71875
67583
81437
68456
77499
87664
86599
77590
74773
73147
72720
75462
71988
72012
70093
67848
87815
60968
64259
59702
60935
65297
66959
64142
68332
65012
99080
68934
66363
64744
65724
60257
59914
63578
64403
79588
78409
68196
71259
67067
65712
61893
63606
62108
60449
57909
59146
64180
65092
64175
62828
64740
59761
63834
64069
66427
66794
63930
60275
62997
66128
62326
62484
65576
65594
65682
65217
69850
63498
60426
3850620
95131
77669
65669
62667
62047
59412
61208
60839
63602
60727
57270
56818
60314
56407
55492
53161
54653
56212
55558
53800
55955
54445
54767
54807
58994
65132
58788
63626
63268
62380
66991
63291
58942
59908
59741
55829
55295
61748
59336
58295
57906
59276
93203
62263
65311
61769
61148
59146
58400
56199
53119
53875
60079
88871
99096
59185
56158
60967
57258
56183
53877
56900
58911
54215
55737
56290
58616
55538
59205
59998
58403
56276
55790
55347
51573
54566
57646
57603
55481
53678
53319
59355
54783
56616
63545
62086
55050
59012
104372
63474
59230
63125
65660
60776
65065
61924
62867
66596
67009
73526
69029
62865
63714
65489
52219
53199
60838
74655
90993
86061
65292
62896
62929
62216
64186
61681
63806
63771
58211
83752
55342
60053
55744
58858
60334
65263
77996
70576
63055
62608
139219
53428
52246
54477
55066
51492
55607
54653
56557
51955
57585
54027
54227
55842
53044
97704
77095
62300
51923
50066
57292
58096
54172
53951
54504
53121
67911
53985
54352
53838
53046
51752
56183
62221
54197
53491
62279
68590
52542
49995
50271
49466
51943
53673
52535
49568
49837
52891
51780
52867
49942
75851
52851
48694
52735
53814
48332
48672
53374
48900
51679
48232
48772
49886
51507
51529
50696
50897
48204
49070
51348
50659
51284
51394
51406
49707
51957
48982
47889
51030
50660
48501
50130
53544
50195
49328
51950
49417
49326
49599
52942
52386
51601
49272
50530
52189
51930
49203
53083
55371
54401
51477
48463
52396
50715
50281
51500
48393
81451
60213
61939
54993
60498
57383
51516
54141
54101
52235
54085
51150
53673
51556
53949
51680
51848
56149
54078
51526
52385
52043
54213
51075
55017
52003
53212
53315
55114
51113
53210
54822
53550
52766
54256
53397
53085
50751
58635
51447
56040
53679
53779
53674
54462
52793
54986
56916
54305
53194
54350
51482
75443
79467
59038
51492
54977
52676
56782
50389
53367
67970
55134
52275
50989
54721
55780
55802
55871
54425
53222
57167
55301
55934
56099
51658
50990
54905
50238
54887
53488
51348
50677
54546
53005
52286
53124
52911
52903
51327
51466
51016
56689
53160
52581
56199
51092
55331
53557
53004
56990
51135
54192
53439
50379
55620
55252
56151
84305
57161
52215
53555
55483
55741
51181
56215
54606
52828
51067
54415
62430
56809
50271
50502
53109
48878
51949
51887
53746
51366
52306
51583
49755
52115
51469
50406
52910
52219
48620
53710
49696
50134
49196
52510
52146
52025
51747
49924
49650
48469
50422
52318
48848
50002
52841
51678
51268
52531
51134
48744
52546
51905
51225
61342
82936
55304
53536
50840
53151
56602
54635
51665
54953
51205
54410
52363
48530
49828
54505
52571
57875
52997
52819
54170
54586
53883
51280
57749
52626
53803
55125
52645
53203
52361
49423
49878
52689
50143
52676
53031
51963
49077
52626
51346
52357
51519
53261
51646
50769
52498
49860
52115
52678
49793
53388
55073
50115
48419
50985
50532
68414
49718
48397
46353
45862
46447
46981
47969
46899
44664
45905
44860
45387
45779
43735
47263
47004
44436
46255
45283
44535
45779
45363
43619
47051
43822
45575
45808
56394
48087
48223
45509
43877
45880
44706
46052
44205
45508
50889
52766
51148
48395
49934
50156
46597
50581
50956
48548
49274
50954
53445
48516
51096
47530
51506
50835
46842
49923
84149
50653
50399
51080
56401
51409
49141
47845
46533
51590
46266
48790
46134
47174
49219
48515
48728
50067
51590
48103
50472
48904
50206
51839
50528
48545
51069
46322
46648
50268
50187
47241
50075
48778
49069
50627
46489
47149
48965
46467
47213
49470
46957
47131
46223
48682
52831
50248
51099
46837
55559
49791
49537
48207
50819
46280
51315
50226
102631
63249
60821
59100
57429
55061
59840
57964
54470
56915
56888
54619
58515
54345
54781
56622
56591
57120
56011
56169
90648
64798
51746
53059
49200
48654
50498
52565
50498
49841
48767
49869
49186
54579
49994
50641
50427
51452
6412838
102231
62895
56163
54471
54663
56381
60270
60307
61591
55640
265399
55033
72724
54751
53691
50951
78639
52467
54392
48322
47733
53202
51833
115696
68760
59587
57181
57708
59929
61475
57972
47566
49035
49956
48956
50639
54985
50323
51674
49756
51461
49200
53202
50671
50760
50197
50934
52623
63107
53990
54998
51520
52782
55364
56600
53766
52264
50783
50298
62184
52163
49267
49644
49248
50536
53381
51236
48630
49289
49835
62010
55574
51988
49158
49643
49751
49653
47842
50874
49294
49436
49352
51179
49082
52268
49069
48867
49742
49434
48664
50851
50025
50519
49135
48189
48764
51039
49007
52795
49862
49560
51388
51079
47944
48145
50455
49077
49321
51211
48975
50277
49889
50543
49026
52010
47181
47643
48419
49282
47984
50831
49250
53776
49238
48661
50339
52386
49890
49353
50128
49534
49212
52359
48420
50226
48707
50032
48928
51406
49683
49809
50615
48562
49695
50815
50448
47927
49576
49814
49564
51127
49530
48588
48777
48631
49808
51346
49907
49728
48539
48759
49828
51021
49895
50182
49387
48035
50012
52219
48839
49871
49723
50155
53336
51127
49145
47521
48335
49380
49203
51092
52256
48703
49015
49519
49526
50965
47900
49288
49597
48132
48282
50854
50280
46352
47113
47539
47371
48188
47427
47365
48912
50668
51155
51244
49309
48589
49787
50931
49753
51334
49539
47867
49044
48782
49428
50951
49113
49596
49228
49044
49206
50782
49348
68933
52288
50979
48965
52102
49817
49550
50164
48997
49872
51321
48213
50317
48731
48432
49872
51363
49290
50195
49490
47652
48430
50958
49724
50762
49672
49594
50647
51286
48764
48636
48602
49416
50079
50847
50119
50068
50167
49516
48597
51085
48912
48127
49807
49170
50587
51149
49223
49929
50373
50368
50634
54283
49355
49782
48063
47825
50502
50647
49358
49175
47947
50085
49433
51325
49306
49636
48440
48985
50002
50415
48777
49353
48529
49408
49103
50886
49190
48115
48251
47896
47289
50477
48769
49683
49599
48747
48919
50769
50897
48220
50971
47858
49343
50887
48877
49453
49143
49233
49237
50607
47826
47941
88873
52093
50328
53107
51058
49623
49136
52041
51545
53592
50866
49886
51559
50971
49815
52035
50915
51308
51253
50882
49765
52217
50736
50796
51026
50822
49932
52341
51028
51044
49970
50914
50848
51984
51333
51259
50982
49603
54975
52220
49028
51636
50503
51392
51208
52668
49600
51670
51868
59837
57707
54749
49280
50558
51367
50613
50501
52120
50819
50603
50608
49880
50896
52752
50255
48969
50093
50424
49788
52083
50053
49790
48584
50471
50351
51541
50556
48343
48210
49803
49324
52309
49663
48914
50793
49167
48541
51825
48808
49792
50016
49029
49028
51496
50728
48820
50288
50259
50283
51338
49410
67211
51383
51043
50286
51994
49965
49524
51004
50441
48423
51141
50247
50213
50749
48852
51852
52583
49748
50028
49896
50312
48900
51713
50093
50248
50311
50265
48816
51533
49004
49036
50506
50435
49885
51567
50191
49182
49143
50495
48386
51711
49915
51025
50111
50028
48649
51481
50738
51271
48868
50240
71739
54829
51623
51195
50701
2421961
77779
45571
41286
39805
37664
36968
38750
42883
43542
41962
41227
37471
43257
36333
36184
73094
42191
43833
36522
37064
36144
37322
35523
35561
50991
47899
47684
46076
36717
36019
37091
36348
38377
39494
37050
37549
45333
41766
46518
49351
46430
42438
40685
42710
44321
36855
34123
35826
35209
39336
37267
33496
36722
35915
35823
33929
33950
36806
35056
35216
36998
34064
35655
33157
58985
249529
75203
61310
77614
56559
41745
49775
47205
100546
37574
34546
36424
40049
36400
57200
37980
36564
39140
