153672
85775
37712
40037
37812
38625
29833
32667
38008
37877
34327
25023
23673
37502
31068
34557
36423
28462
36710
38208
40525
24560
27778
503582
91495
47127
42684
33131
34962
34817
30506
34829
36421
67236
33809
1728225
39766
390589
86506
34126
39340
32922
44456
36697
30871
32074
33286
29572
40122
684940
65215
51277
93181
47375
83356
43793
32278
31845
26865
23818
31879
32946
63272
32422
25438
28939
29960
26379
23970
35360
36997
22437
36922
25466
26657
35743
28726
39067
35283
27518
30416
28569
26927
27859
30667
32759
23209
23999
25514
24667
21238
25204
25315
23415
28371
24660
21084
23154
23406
24975
23107
33031
31346
19716
22560
23277
21971
24659
18415
23452
23922
24267
23395
29861
31934
22247
25033
22499
49623
45333
40388
25698
25417
23599
26697
24554
28636
75769
36048
27624
23174
23021
28487
25678
20478
24307
28154
25148
30406
22749
25139
25415
20469
20791
17848
17363
40025
23215
35579
23661
18255
20547
21875
25122
23062
20875
18062
22821
30775
20752
17785
23226
17803
22186
31485
29580
30648
23136
29202
30360
21154
23165
22115
22429
24876
22912
21222
23350
21546
22102
23341
22238
21775
19973
20446
20192
20994
23003
23073
22055
23650
15177
21944
22925
22708
24002
22349
21438
24181
19881
24318
13164
37534
14499
11818
23217
23935
20600
23326
22534
24121
24673
22233
22645
23219
21724
24317
23414
21199
24059
22902
46269
25645
23585
23711
19891
23341
22478
24153
23906
21285
18698
22278
23237
20186
13599
13580
14536
14193
14085
11904
23940
14100
14307
14265
13033
20166
23240
23935
14462
23682
21571
23201
19945
24740
35046
24856
34677
24963
20592
20097
21685
22093
22288
21151
19993
23453
22632
21986
21350
24702
20630
24902
24423
132460
25860
25198
24527
14932
14074
20041
19044
17097
12976
15395
23404
23705
17466
17058
20971
22993
20705
22422
23189
22101
54194
19596
18131
20669
21004
24513
20629
21995
27122
26500
25902
25301
17967
25301
24731
23367
18892
24423
21419
23401
21705
1254321
48864
32694
40243
21550
18420
18969
17810
23899
16994
19654
22904
128324
21303
29567
13427
13076
27675
43373
14621
18290
13641
16890
12733
13473
17973
15829
14663
19850
16260
14722
13157
25075
13878
17519
14778
12876
21415
15694
13332
38859
12848
12545
21434
21344
19907
18733
18039
12318
12079
11265
12339
12359
13045
11935
11852
10832
11363
12303
11990
31062
17017
14026
17884
16673
16066
16462
44691
12602
22768
14145
11885
10890
12679
12223
17485
11170
11461
16633
11743
14053
10418
9123
11017
10917
10158
9951
11851
10158
10984
10969
11067
9790
10953
10525
11857
10364
10443
13742
10929
9624
12039
15487
9879
12888
9820
10624
8803
10496
10587
13283
11490
26183
9744
8741
9976
12377
10336
16863
17081
13269
10841
13551
10585
10008
10192
9134
9020
12321
11212
10691
10235
14655
10015
14363
10708
9613
10083
10020
9694
12268
10191
10308
9997
14338
8210
12111
10710
10495
15073
10206
10281
12111
10389
10397
9410
10208
9199
11925
10451
15793
10532
10108
9023
13528
10423
9823
10076
14702
13518
14646
13589
13688
14210
12537
13197
13697
12527
13892
13456
12640
12686
13565
13704
19932
14618
13749
12689
23914
19639
12574
34626
11051
14985
14866
43821
24333
13959
13832
15102
18614
14394
13163
12827
12721
14039
13836
13616
14117
16425
14710
12816
11967
11600
11623
7508
11990
11049
10815
11197
7949
7729
11350
10282
9325
11346
11008
20970
18176
18374
20932
21205
21061
20735
20915
20365
22758
23297
20748
17964
19067
16029
19113
19380
17010
20182
24661
17960
20631
17163
17484
17094
17399
16705
18940
18203
16232
17400
17886
17676
18966
64705
15498
15924
16075
15826
16864
16577
19295
16302
16264
16731
18307
16732
16529
17211
14463
16466
19630
18040
15802
15806
16816
17229
17999
19869
22162
20495
20549
23037
27640
25708
25169
25274
30057
22582
24637
23953
21962
19828
13482
15304
34688
44353
11261
21174
17295
14476
14935
12677
9430
13065
11655
11642
21265
15428
13667
14740
22108
17263
16679
11876
12228
15488
14003
12624
14018
13404
13259
12257
12522
13128
15389
20082
13600
14021
13489
13157
14469
12644
12891
11816
13177
11561
12983
10427
10371
10907
11480
10937
12052
13713
12198
11212
11449
11347
14093
12971
11966
12013
11931
11851
13744
12809
13271
12129
13066
12870
13350
12160
12025
12995
11974
12543
13369
12196
12948
12622
12688
11812
13357
12638
12729
12613
14456
13019
12696
11628
11598
13369
10810
10327
12331
11981
11392
10141
15110
11665
12118
11534
10196
10840
11131
10142
11399
11147
11183
10653
8000
10711
11445
10840
10752
10981
10229
14995
11707
10244
10725
10494
10500
10385
9643
10797
120764
11170
10301
10208
9924
10631
10515
10046
10879
9691
10160
11028
11191
11306
11976
10613
10255
10878
10811
10577
10296
17537
19179
16055
15973
10835
26959
17934
19117
22060
12479
11261
10445
22932
16555
12776
11205
10689
10774
10449
11704
10360
10746
10284
10633
9946
10950
10559
11669
10773
9965
10140
11025
12455
11248
10714
10175
10884
11806
10110
10519
10539
10288
10277
13196
11234
10332
10756
10127
6769
18443
13550
12379
11694
10758
10880
13406
11618
11221
10571
9805
10209
12424
12326
11910
10457
12010
11940
17744
14690
13607
14924
19206
13714
14895
14176
13287
14222
15841
13993
16141
14406
13841
14512
12877
13633
15877
13785
13774
16495
13809
13202
14846
13129
13555
15386
13189
13389
16014
13832
15526
14216
14189
13720
15052
15098
14022
15861
13385
13780
15627
14458
14824
13856
14030
13536
16121
14448
14392
13820
13657
14052
14460
14915
14932
14081
15453
14340
15909
14095
13789
13189
13793
13722
14558
62831
34588
14437
16795
22586
19471
16404
17706
18578
16896
19479
28513
15726
15354
16434
19296
17911
21615
20917
15513
15596
17825
17375
19013
18622
14959
16988
16140
15599
17272
16434
16821
15703
15054
16333
16799
16303
16379
16012
15668
15577
18835
17085
14609
15849
12683
15528
15354
19506
18882
20512
15914
20996
23200
21295
20303
20760
16975
21651
23698
51516
21651
15651
21851
33296
22281
16135
16684
15497
15924
16705
18764
14148
12323
11028
10582
12374
14049
17548
19977
17210
13867
14531
15213
13856
10755
11252
10985
10317
11130
18075
10851
11396
12523
13824
12479
10279
9852
11443
10892
15705
19183
15629
9842
12582
11968
10234
12189
12125
10997
10063
10760
10652
10975
13095
11045
10859
11170
9810
13549
13165
10972
10668
11218
10327
11210
10073
12309
14291
14175
14699
11252
11783
10944
10429
10363
10592
10763
10118
15956
11162
10725
10770
11601
10673
10736
11536
10548
10446
11359
10707
11660
12383
11072
11058
12447
11817
11807
11338
11826
11330
12475
11692
11291
12366
12034
11707
12552
11825
11607
11850
17308
12140
12597
10275
9593
9088
9734
9038
9835
9529
9864
8669
9168
9163
9850
9958
9098
10108
9205
9264
9796
9738
11030
10010
10925
10786
11668
9977
10201
11702
9882
10517
11543
13301
17157
11394
14255
12156
13782
12057
11844
11852
11697
10018
12516
12126
11353
11903
11935
15291
13886
9658
9351
10578
10851
10888
11781
10358
10535
10791
10046
10890
11793
10849
10170
10915
11080
10100
11742
10813
10772
10708
10149
10420
11441
10772
12922
11293
10004
11473
14228
11383
10314
11230
10543
10700
13070
12203
10296
10210
10003
10901
11913
10669
10476
10137
9981
10185
11522
9857
10515
10017
10841
9974
11414
9939
9755
10729
10507
11160
11240
10762
10654
10464
10025
10845
11321
10707
10553
10764
10461
10538
11067
10334
11890
11145
10860
10556
11648
10694
10771
9939
10727
9207
11022
10287
11116
10923
10728
10711
11331
10794
30617
12040
10726
10895
11796
10032
10135
9624
10666
10870
12201
10995
10444
10814
10890
10784
11512
10599
10694
10724
10719
10744
11398
10654
10916
10726
13988
11483
11738
40943
18437
11514
10235
10026
12427
10187
8816
9303
9131
8945
9629
9224
9655
9201
8777
9002
9566
8397
9062
8941
8582
8904
9527
9789
8861
8283
13427
15310
18450
12092
13805
15547
14805
13281
14948
12303
11474
12571
12610
13140
15105
12294
11800
11439
11543
11070
12620
11241
10991
11668
12889
10862
12002
10650
11127
10677
10276
10395
11351
10017
9707
9873
10161
10162
11245
9891
10310
9874
10429
10420
10936
10196
10365
10372
9340
10550
11304
10734
10010
10606
10417
10811
11059
9763
10263
10621
10540
10747
10905
9616
10560
10138
10483
10002
10797
11109
10779
10803
10469
11807
11773
12651
11909
30359
12836
11440
12362
12108
11804
12350
12530
12125
11447
11821
12102
15208
15678
13683
14038
13808
14010
12762
13353
17970
18249
213743
16656
16150
16594
16300
19165
16270
16922
17029
15898
14671
17644
16213
13794
14230
15668
15386
17607
16724
14773
13844
15168
13896
17195
14619
14830
14558
14218
14815
16241
14248
13721
14938
14764
13966
16471
13547
13276
13631
12799
13881
17122
15114
15321
12861
11159
11483
12428
10736
10430
9984
10741
10430
11641
9982
10134
11105
10467
10655
11292
9747
14456
10742
11086
9935
22616
15321
14675
17058
16408
15235
23345
17275
16859
16808
14260
29422
19711
14864
15125
15319
11054
9635
13188
10816
10697
11654
12250
10556
16456
34344
16962
16785
22860
13038
13853
14212
29414
450448
19922
11772
15730
18381
18101
15905
11743
12074
13640
14039
13162
13065
13651
13410
13445
12085
12905
11296
14383
11864
12899
13854
16648
14649
13152
11810
12881
11147
12184
10937
12097
11127
12601
12171
11601
11655
11854
11578
12315
11033
10779
10919
10850
11897
11935
15348
13195
13626
12878
12856
14011
13735
12839
10215
12505
12204
13379
10437
11623
11876
11711
11012
12453
12077
11863
10975
10915
11455
12823
12103
10525
12014
11083
13254
12552
11359
11262
11616
12340
11026
12961
11767
9982
11746
14413
12097
13862
11176
11822
11496
11223
12582
16296
13182
12296
12273
13960
13212
16539
12787
15495
12747
13156
14208
14801
15978
13154
15352
13229
12123
13983
14170
13129
12999
12367
13006
16190
13462
13239
15333
13081
12429
15708
12965
5870
15906
13243
12465
13149
14889
13531
12901
12246
13688
16552
12940
12817
13260
12554
12445
16665
12696
11822
16204
13184
12509
17901
15160
12950
12707
12175
13001
14586
13001
12966
12856
13033
12925
16315
12677
12705
12438
15484
13994
16811
14805
13728
14814
13230
12609
19886
12830
10296
10531
10564
10271
11777
10594
10538
10850
11164
10971
11130
10084
10505
10502
10616
10382
10919
10470
9957
10500
10290
10507
11038
10386
9719
9787
10484
10273
10932
9814
10503
10491
10516
10500
10862
10637
10624
12958
9367
8488
10874
9126
8959
8312
9113
13163
10597
8753
13921
15744
12847
13077
15852
16246
12469
12666
16006
15486
17377
15254
14872
15264
14965
15109
16576
15526
17039
19031
17808
16489
20017
22969
17398
18179
18014
17342
20029
16486
17424
18340
17175
16927
19728
17735
16370
16666
18667
16704
19658
18446
17660
52713
16741
18021
20244
17795
16140
17514
15446
18225
19328
16318
16126
18114
17114
14625
19599
17556
17350
17623
18277
17465
19446
17236
17714
17264
19630
18739
20341
18664
19081
18381
17605
18596
19662
19260
18070
16078
15250
14885
18025
17955
17563
16519
16518
16867
19341
16435
18431
14854
17014
16010
18134
14978
12934
16641
15384
15182
18689
16305
16442
16192
17042
15414
18782
18315
41083
18708
18677
17591
20119
17718
16564
17820
17717
17455
19845
17945
17483
15855
16186
14452
18219
16990
17765
17860
17623
17747
19204
15601
16594
19161
16909
17342
19912
18725
18000
15545
16428
15397
17804
16372
14571
15743
16531
16761
18680
18016
17119
17482
18545
18933
19716
18413
15904
16308
16719
15557
17915
18411
17374
16939
17806
17219
18428
15828
137332
18238
16213
16037
18048
16605
16570
16954
16053
15999
17731
14190
15329
15204
14230
14093
63329
23106
29694
21846
14786
17103
24184
14346
14906
14834
13327
15584
18476
15012
15338
18370
20586
15454
18707
15489
15062
15636
20288
18405
22055
16338
16055
15274
14539
16340
17750
15607
15548
12933
16215
15594
18082
16315
35586
20730
17289
16893
20231
15164
14159
13495
12998
13513
15575
15131
14428
14209
13779
13061
16515
14046
13726
13994
16840
15643
15487
13523
13380
13372
13246
12590
15079
13343
15053
12772
13600
12835
17028
13811
12878
13366
13575
13316
75912
13213
14130
12484
13550
13481
15332
12566
13646
12922
13600
13462
15774
13808
11511
14101
13585
16063
18953
14273
13585
13590
13794
12601
18426
13651
13566
13273
13292
11410
15933
12877
13553
13526
13049
13407
15467
13514
12500
13333
13142
13141
14613
14399
12784
13917
12482
11578
15426
13573
13591
13301
13931
13441
15396
13389
13043
13276
13190
13232
14954
12803
17938
12837
12584
12566
15414
15246
13029
13898
13451
13573
15540
14126
13641
13260
13832
14028
15303
13539
13230
13004
12202
13287
14746
13937
13354
13109
13277
12943
15379
12783
14149
13554
39342
20433
15232
14368
12890
12641
14239
13273
14820
13382
13501
21409
12744
13672
15105
13514
13525
11464
13642
13673
15785
11346
12716
13600
12509
12652
15113
12878
13310
12375
12835
13698
14478
12971
12972
13735
13233
13693
16900
14229
14600
14720
15196
13795
17009
13935
13688
15661
13221
14016
18260
14637
14304
14383
14061
14082
16509
13652
12575
10743
10126
10439
12430
9746
10183
10666
9857
9490
17094
16431
17150
15868
45450
21668
64889
14763
15328
12340
13348
13824
16654
14266
13268
13731
13222
14576
17179
13086
11345
10409
9904
9639
14211
12981
10230
10782
10559
10583
12448
10850
10517
10829
9613
10476
11757
10639
10692
10933
10488
9339
11640
10826
10145
9978
10649
14603
17719
16168
6332
16682
16699
16785
19280
15458
20486
18482
16282
17597
19179
17245
15564
16525
16358
15926
18362
15153
15848
14806
14553
15730
17413
15771
16844
17538
15601
12874
14759
12285
11413
13035
11934
19940
21484
17812
17092
14208
19168
18419
21374
18313
18787
17181
18312
18337
20065
18647
18489
18798
18667
18589
20055
18184
17625
17417
19496
18626
19588
18828
18626
18881
18468
18561
19777
17070
18553
18618
19502
17555
20124
17575
17677
17121
17908
18534
20025
18599
19104
16324
18230
17881
21450
19836
19686
19008
18389
18434
22711
15673
90441
15880
17184
17664
20011
16981
17673
17442
17076
17318
18567
14701
15662
18564
16829
15628
19147
17186
16481
16456
17976
16575
18537
16287
15689
16035
16007
16000
50841
31520
14300
79510
30553
26929
35241
18758
19459
17426
15212
13907
37521
18783
15731
18485
13852
15113
36773
16633
12771
11955
13362
14111
15636
13769
13510
13806
16017
15933
16337
14015
13208
14444
12770
12627
15154
14590
18291
15539
13627
13791
16998
12304
13324
11061
14809
12754
16456
13346
13532
13357
12558
13415
15209
12619
13465
12507
12602
13792
15846
14084
13791
11709
13904
13600
15397
14063
14135
12372
12824
13624
15745
13758
13589
12475
12860
14562
17990
14095
14194
12792
15421
16224
16437
13794
13867
13843
12696
13634
15085
13411
13506
13743
13400
13614
15329
12461
12517
13095
12319
13164
15147
14708
15611
15311
11446
12657
15288
13405
13737
12577
12808
12237
15004
14586
13222
14185
13275
13845
15825
13776
14282
13751
13966
13977
15942
13097
14189
13796
13533
123688
16143
13665
13601
13792
12396
12547
17354
12732
13166
12431
13369
12434
14925
13387
14115
13615
13472
13174
15146
14538
12631
13237
16468
13732
15607
13551
13997
13659
13722
13654
15362
12790
13922
14350
12895
48777
15490
13340
12817
12901
13431
13590
15064
12557
12767
13262
13208
12580
14813
13155
11221
15462
12637
13469
14676
13315
13301
12608
12721
13483
15232
13334
13358
13181
12430
14149
14853
12584
13739
13144
13420
12921
14787
13175
12959
13803
13384
13243
14610
13403
13775
13057
12784
13337
15698
13413
13223
13065
13395
13056
97696
12759
13545
12533
12563
13117
14954
13011
14109
13836
12194
13238
14555
14431
12993
13511
12902
16931
15349
12705
12992
13348
13529
12976
16307
14388
13638
14252
14883
14290
17711
16758
12941
13985
15568
15378
16408
13995
14361
14813
15663
14843
16810
13552
15101
14626
19678
17829
20331
17384
16796
17184
17791
17188
19990
17921
16706
16588
16488
17106
21154
16996
17241
18972
16559
16795
18913
17017
18160
17410
16210
23901
19740
18234
16940
16470
16901
17084
19422
16332
15861
14195
17353
15973
19358
16440
16664
16964
17128
17175
19405
17209
16952
17410
16354
15805
19101
15636
14895
17272
15608
17004
20144
16684
15812
18000
18381
17316
19003
16605
17821
16811
17075
14819
17297
11363
13912
13238
13974
13717
17632
14254
14034
14899
14782
14781
17839
15178
15978
15397
13277
14209
15864
14943
13284
13083
14531
12236
16596
13928
14009
16084
13403
13879
16631
14076
14684
15157
13527
13716
17537
14543
14017
14159
12927
12893
15850
13393
13713
14787
16473
15978
21085
88600
76271
45158
1078775
78686
77571
34549
24948
23159
32284
15812
20305
695093
26852
21129
16917
15901
20456
11922
13996
14615
14679
15692
21493
15083
24426
17023
14233
13124
16558
13823
13822
13736
13829
13805
15680
12413
13750
13135
13503
12246
15318
13176
13622
13751
13463
12934
15017
14118
13368
14397
13825
14318
16231
13795
11648
12892
13790
14364
16262
13505
12995
12858
13774
12858
15710
13554
13714
13709
14107
15867
16019
13696
12562
13507
13744
12604
14602
13402
14488
12590
12499
13598
15547
13397
13529
13086
13298
13362
95576
11792
13631
13489
13539
12483
15319
12581
4082908
17142
14723
13129
22428
13608
12938
13963
13091
12589
13612
12129
12648
13781
13875
14810
14531
14529
15239
14858
14576
15602
15408
14729
15684
14479
18530
13835
16711
15050
14943
20295
20094
20184
20277
13084
12493
11673
65967
12848
14370
18226
16177
12412
12332
12403
16476
13692
13020
12816
13806
11997
13462
12367
13569
11955
10151
10984
25546
15160
11761
13288
13184
11852
12630
12821
10898
11335
11679
12404
13719
13609
11862
12679
12121
12461
12686
13954
12783
11676
14893
12979
13919
12607
12141
13796
12175
12547
14490
12347
12741
11839
11220
12406
13291
12499
13346
12252
12113
11863
14897
13135
12655
12527
12989
12299
14173
12872
12664
11796
11932
11965
13066
11088
12336
11131
11588
11456
13114
12047
12170
11940
11875
11649
12427
11510
11625
10974
11917
11458
13268
14460
12450
12365
12367
12380
13757
11550
12478
15816
16036
12614
13504
12362
12528
10089
11124
11965
18675
11619
11928
10928
11884
12436
13103
11602
12467
11490
12545
12396
13068
12734
12442
11495
10895
12743
13689
11479
11356
12343
11555
11393
13128
11872
12437
11612
11344
13192
13851
14445
12175
11656
11783
18323
15259
12341
11487
11422
11028
11642
13031
13273
12539
12401
12354
12120
12448
11739
18876
13949
12952
11562
12986
12153
11643
11788
11314
11573
12081
11182
11650
12461
12179
13945
14259
11347
10895
11941
11854
12278
12137
11230
11604
11920
9209
14372
12917
11726
11747
11393
11542
11339
12057
10867
10932
11163
11263
12694
13489
12471
14549
15094
13115
12693
16302
13160
12489
12003
12963
12028
14987
14362
13843
14057
11732
82417
35675
23040
38676
42567
14646
14051
22381
19251
14616
14861
33021
14106
19256
14385
15917
407250
19510
23631
21468
21428
11143
21327
12678
12408
16323
12007
14144
13592
11557
12377
19332
12908
12979
16636
22023
13416
18514
29445
13397
13664
10568
12864
12704
13623
11267
9332
11556
11795
12844
10894
10526
13151
12617
10814
12247
15901
16534
10958
17649
16219
18455
16653
16555
16439
17332
15992
18442
16178
16700
16063
15539
14500
18942
15368
16534
15784
16352
14054
18086
14646
13721
17322
15650
15284
17389
13775
13944
13622
14168
15366
16221
13841
14937
14576
14011
13339
17998
14197
13643
14323
16260
16098
17306
13735
14945
14590
13658
14070
16677
15267
13980
13716
14219
13041
17055
137506
15182
14265
14287
14636
17421
13588
13889
13319
14931
14906
17801
17300
14978
14359
14309
14034
16623
13778
14003
13233
14191
14609
15831
14864
13721
13438
13669
13944
15864
68169
18248
14088
14444
13149
16291
13918
13486
13238
13814
13745
15741
12649
13620
14137
12588
13559
15725
14009
13815
12718
13810
13517
15568
12927
13203
13328
13284
13531
16215
13622
13424
13624
14208
12345
18014
14027
14237
13357
13566
16171
16340
13677
29710
20846
19385
19343
22501
18266
19278
20567
20584
19709
17371
13755
11742
12916
12072
10969
14258
12022
12706
12126
12998
11009
14237
14183
12133
11467
10934
10042
12196
10819
10713
10674
14057
10674
12136
10518
11468
10351
10430
10617
11726
12682
10881
11269
10442
10778
11558
9039
10520
10647
10624
10532
11237
11133
10302
10548
10737
9994
11321
10125
14281
10075
10501
10705
11702
10669
10709
10492
8906
9929
11270
10566
10627
9901
10560
15075
17538
14971
15870
16096
15240
15853
18173
15752
16147
13723
15688
17671
17138
14636
13774
13400
14957
13678
16242
15214
14841
15584
14261
14388
16867
13994
14637
15134
14743
12782
20298
14975
14506
14117
14276
14511
16542
14688
13630
13765
18400
14221
15782
13390
13737
14209
13286
13742
15741
14352
26050
13217
15011
14472
17197
13480
15405
13789
15478
14035
18723
15487
14919
17533
15572
14861
18629
14972
15755
15718
13729
14304
17058
13888
14804
15453
13841
13744
18252
15726
13513
11186
9973
11766
13116
9537
10755
11331
10417
9791
11612
15469
16673
15339
14321
15994
13393
11362
10669
10532
10843
19913
14001
11393
10130
10550
10100
10079
11909
9192
7035
10269
10046
10036
11974
10075
10826
10599
10538
11011
11531
9160
10588
9901
10630
10384
11148
9020
10455
10250
10528
10574
11148
10926
10409
10863
9850
8767
11253
10557
10398
10405
11236
10574
11212
10733
10057
10455
9847
9707
11046
10010
10272
9604
9775
10267
10949
10286
10783
11948
12442
13078
12206
10612
10406
10582
129277
15356
17221
12632
12852
32905
16754
21252
22766
19591
27261
23883
19906
16915
19972
14996
15328
17182
21498
21460
17119
23917
18998
18624
15053
12470
16378
10914
10430
9688
8946
10932
11212
10544
10079
10716
9712
9061
11422
9530
10857
9508
10601
9957
11003
13085
8217
11418
13894
9748
22807
10335
11650
11816
10977
9611
11395
12809
11807
18309
15541
12722
22237
24085
17964
19260
21793
19295
17503
14579
14096
14044
14019
14687
14691
11607
10902
10324
10677
10095
11904
9842
10511
9511
9766
10650
11800
13082
11113
19350
16804
16479
19047
17202
16357
17419
16661
16590
19201
16514
16096
20012
15131
18077
18535
16292
14672
15283
13708
14255
17851
13626
13441
14625
14994
15561
18033
15309
14394
14695
12941
19139
14462
10582
10504
11545
11133
10115
11942
10132
10802
10425
10159
10025
11480
9901
10129
10755
38226
11305
13271
12361
12264
11078
20782
10043
11690
10708
10774
10727
10717
10116
11447
10668
10169
11120
11045
10777
11503
10109
10682
10923
10667
10667
11126
11016
9957
10631
9992
10866
11374
10088
9894
10498
10457
10445
11090
9914
9850
10023
10567
10472
10903
10053
10548
10551
10573
9073
11455
10643
10777
10362
9838
10556
11147
13583
13640
20184
12717
10742
14044
11598
10338
9129
10264
10882
11862
10801
10685
10362
9950
10162
11741
10733
10408
11255
10043
9915
11549
10909
10113
10013
10680
10508
11346
10462
10664
10421
10595
9747
11356
10674
10583
10508
10642
10380
11331
10850
9950
10420
10473
10766
11378
10666
10291
9690
10285
10517
11063
10570
10462
9847
10489
10509
11511
9866
10527
48903
9751
9909
11828
9988
10859
10849
10737
10526
11263
10779
10043
9869
10607
14156
12055
10366
9899
9358
9688
9243
10394
9855
10092
9037
10262
10224
13151
10108
14531
10517
9195
9943
10959
9821
9909
9086
9798
9646
10392
9929
8737
9483
9860
9609
10464
9887
9850
9781
9171
9700
12277
10475
9639
9220
9588
9850
11093
9365
9546
9177
9804
8362
10641
10182
9147
12736
10550
9271
10780
10002
9877
9187
9767
9900
10383
9680
10466
9758
10210
9081
10790
9339
9202
10148
8326
9769
10443
9156
9136
9665
9644
9112
10340
9831
9149
9116
9887
9656
14851
10168
9142
9817
10121
11146
11210
9222
9196
9108
9709
8358
10245
10056
9139
9984
9799
9790
10652
9929
9874
9701
9136
9752
10293
9503
10061
10009
9267
8917
10331
10280
10487
9178
10550
9601
10998
10347
10023
9438
10098
10017
18123
18696
17905
16997
15338
16798
19260
16931
15902
16762
15677
16354
19623
16452
16152
14073
14540
15804
16555
14835
13092
14779
14747
14297
17517
14627
14072
14906
14741
14806
17552
18099
15166
14377
14021
13403
16535
13858
14218
14797
14658
19564
18464
16910
15272
14782
14287
14012
17153
15214
14645
14242
13305
12847
15537
14403
14009
13964
13173
13190
16184
13821
13808
13095
12387
13470
15452
13137
14090
13368
14167
13664
15500
13826
15716
13901
13729
13800
16125
15047
14268
14570
14661
14989
20337
16944
15980
14429
15651
15159
19236
14282
14055
15363
16431
10348
12770
11097
10718
10363
10430
10137
11482
10081
10470
10451
10309
10418
11552
10740
10172
9782
10316
10578
11394
10486
9918
10658
9376
10878
11287
10051
10558
9594
10201
10117
10621
11130
9636
9282
10190
10297
11094
10429
10503
10876
10142
10256
10897
9987
10291
10381
9339
9933
10686
10234
10109
9239
12750
10599
11489
8680
10632
10751
10509
11195
113512
55581
28940
25241
22771
13653
15059
185750
12450
11414
12842
18634
25277
10848
10551
10128
10355
10897
20046
13523
14849
14886
11548
10897
12277
11034
14742
11679
11308
9358
12676
11158
10257
12950
13192
11807
12396
11440
10882
9919
9978
10414
11683
10999
12101
10600
10455
10714
12173
11771
13638
15217
14660
13410
15410
14714
12827
12700
11790
11242
13250
12924
11861
11079
17084
12774
14563
11637
13053
12672
11512
12916
13392
12325
11778
12760
12645
12304
13155
12702
11604
13416
10075
10848
11310
10744
9716
10630
9868
10523
10984
11165
10885
10367
10388
10549
11263
10865
9697
9953
10642
10172
11202
9734
10678
10288
10136
9737
10873
10202
16909
10129
9542
9557
11321
10496
10246
10138
9747
10181
10907
9521
13508
14050
15287
10627
11393
9405
10101
9440
9039
9075
27204
12048
10482
11070
10900
11016
11796
11401
10064
9706
11300
10508
11710
10868
9526
9586
10443
9522
11123
9860
9996
10496
9527
10708
10859
9869
10281
9439
10354
10165
10844
10252
10354
10603
9714
9604
11112
10635
10540
10313
10376
10094
10739
10597
10479
10108
10171
10469
10936
10281
10361
10213
10257
8710
10905
14897
10138
10254
9557
9894
10869
4415656
30997
20076
18883
17399
21731
13608
14324
13442
13625
12894
16360
12688
13254
13815
13914
14010
16729
12882
13377
13266
14701
13808
15879
14104
15450
12060
10750
10238
12569
11152
10778
10431
10507
10641
11888
11059
10972
10165
10001
10802
11762
10797
10698
11552
13277
12034
11991
10130
9902
9335
10116
10237
10593
10158
12056
10173
9922
10253
11346
10435
10123
10431
12039
12374
12430
9942
11936
10957
10472
10201
16327
10954
9942
9899
9692
9694
11008
9135
9007
9039
9686
10436
11412
9607
10652
10509
10368
10511
11199
10175
10211
10262
10238
10418
11263
10816
10135
10391
9562
10528
11414
10573
10111
10315
10224
10239
11108
10370
8858
10171
10145
10101
11180
10335
10430
9935
10054
15663
12370
10372
10595
9274
10393
9879
11403
10723
11123
10208
10008
10312
10940
10567
9635
9919
10638
10418
11042
9784
10492
10123
10514
8674
10787
10474
10014
10411
10726
10138
11405
10233
9659
9800
11507
10318
10645
9684
9674
9878
9693
9642
10615
9650
9917
9989
9590
9592
10367
9785
9620
9668
9550
9026
10047
9715
9651
9066
9699
9838
10247
9743
8976
9592
12028
10141
10935
9390
10037
9849
10013
9640
10282
9180
9896
9207
9590
9130
10173
9849
9661
9834
9684
9190
10266
9886
9134
9671
9513
9626
10201
10216
9731
9637
9057
8969
10320
9866
9696
9212
9836
9815
10182
9086
9613
9633
9502
9664
10322
8400
9896
9731
8917
8124
10204
9815
9808
9838
9864
11070
11002
9684
9814
10283
9126
9837
10357
9200
9012
10662
11036
10273
10796
9404
10758
9963
9671
10249
10975
10310
9689
10305
8698
10287
10910
50254
21640
26963
27401
12858
26605
14797
12942
11630
13612
13537
17733
15012
14045
13417
13158
11961
19006
12296
16824
16230
12027
27488
21286
17590
15829
15246
12901
11506
16530
14335
14141
13236
13357
11356
13669
11608
9706
13346
13178
12544
14496
11856
11181
15027
17058
22530
21428
21671
10815
10092
10505
11108
14914
12567
14292
11545
12250
12502
11493
10447
10658
10647
17620
11825
12757
10950
10076
10549
10068
10871
11537
13572
20041
10554
12106
11520
12947
11549
10892
11609
11274
11357
12364
11293
11544
11070
11335
11117
12133
11898
10785
10847
9757
11246
11960
11415
11153
10514
11312
11160
12074
10948
11376
10544
10502
10646
16584
13042
12569
11831
11286
12063
12952
11764
11387
11379
11814
11209
17316
11116
11721
14340
10709
10437
11981
10415
9810
11157
10877
10174
11335
10879
10687
10448
10402
10555
11224
10152
10509
10252
10330
10382
11267
11968
13590
11547
10775
11882
12629
10883
9990
10524
10471
12224
11763
9675
10366
9868
10749
9694
11247
10137
10324
9688
9753
9556
11283
10398
10359
8827
9662
10692
11253
11991
10459
9601
10390
10839
11688
10784
10288
10281
11668
9870
11954
10283
9863
9948
9720
9561
11302
10221
10277
10486
10134
13723
13274
9948
9817
9845
8915
10640
11471
10364
10975
11097
9767
9735
11287
10131
10531
9862
10265
9736
11421
10212
10557
10528
10723
9820
11207
10415
13000
11000
10944
8958
11347
10322
10451
10147
9869
15504
11167
10286
10263
10450
10866
10392
11166
10221
9748
10392
10486
10447
11346
46006
10716
10569
9714
10490
11568
10351
10373
15290
12065
11402
13850
12202
11898
11828
11845
11215
13269
15125
11952
11824
11355
11341
12938
12153
11886
11890
11738
10445
16812
11351
10759
9886
10206
10404
11679
10250
9743
10354
9730
10293
11379
9768
10201
10200
10274
10429
11256
9691
10844
10681
17132
15213
16169
15197
11570
10814
11017
10007
12003
14720
13230
12849
16234
13341
14773
11645
11450
12099
12606
14723
16553
11769
12632
14807
14839
14853
16076
12472
14264
15096
14860
14808
16407
11885
11321
12610
14230
15022
15877
12630
13853
14768
13481
14162
16302
12367
13911
14681
13456
16619
14791
13557
13681
14683
14091
11886
13885
14886
13220
13137
12973
12953
16725
16138
14229
15386
14836
13138
15335
11708
11575
12193
14019
14093
16148
12422
14688
13099
12985
12337
16065
11844
11390
12097
14622
14608
21880
13186
13523
11418
11166
11469
13353
10998
10543
10720
9763
9402
11239
10541
9663
10076
9751
8897
10246
9363
10221
9590
9807
9510
10540
9781
9796
9463
9505
12141
13159
11282
11292
10624
13347
11360
19709
11462
10883
10230
10034
10063
11718
10356
10498
9854
9754
10107
11214
10232
9432
10028
9999
8851
11058
10015
9551
9962
9912
9476
11055
9575
9915
10049
9604
9564
10937
9923
10159
10066
10310
9417
11295
9669
9798
10073
9986
9539
10690
9839
10144
9696
9674
9805
10870
9199
9208
9694
9801
9677
10711
9678
9363
9681
9625
9611
11082
9900
10481
9839
9777
10015
11395
13434
12085
12908
12291
13086
14109
12629
11290
11607
11927
12583
13361
12070
16949
13662
11485
11819
13930
12151
12281
11118
12201
12874
12549
10890
9917
9718
10157
9793
11482
12811
9316
9136
9930
9806
11525
9481
9786
10344
18326
14610
16075
12847
12144
12243
16077
15391
19080
14347
12755
12032
12505
12297
15563
12533
13561
11690
11369
11253
14287
12337
11427
13297
13293
11461
18619
24217
13910
14537
13318
10621
16485
10246
9535
10212
9729
10676
11350
10813
10002
10059
9281
10410
11870
10672
9388
10302
28973
12704
14222
11072
15576
11266
12745
13948
12371
14392
9301
12659
11063
11241
11270
11244
10782
14719
19438
13873
19709
12761
14318
16732
11563
17283
15002
12565
11548
14828
10551
13144
13810
15708
11335
10458
11883
11287
12501
13639
13023
15751
14322
14090
13730
13994
11151
12991
10299
9351
14615
12601
12485
10774
12408
12953
13098
12143
11992
11240
11448
10037
12816
12677
11697
12225
9634
9146
13762
12760
9838
10302
10534
10657
12022
10237
10595
10423
9875
9732
11140
15390
11924
10908
10402
10513
13247
10743
10713
10618
10423
10894
11975
16237
18974
19616
17338
20769
21927
13337
13592
13450
9705
13123
14381
13359
13401
12931
13158
12653
13434
13528
12441
11758
13082
13347
13353
18712
13110
12596
12885
14086
14018
13356
13825
12797
13251
13787
13136
13535
13713
13493
13572
12735
19376
15888
13433
12688
13700
14017
15903
12728
13298
14866
13581
11658
14290
13405
13674
13729
12903
12649
13959
12528
12145
14346
13122
13590
19669
14411
18426
15126
12909
11978
13851
12919
11940
10979
11786
11348
11687
10437
10969
11333
10603
10942
10423
11993
12406
20818
11316
10964
10587
10975
10721
11517
10424
12046
11046
10211
10129
10020
10620
11366
10332
11499
10945
11220
10608
11236
10429
11541
10477
10779
11366
10616
10449
10928
11584
11549
13839
12962
14124
12513
12817
11672
11718
11327
13624
12862
11064
11336
18353
11462
13186
11655
10928
11079
11800
11003
14788
16563
14724
15988
20773
14712
18340
15334
15884
14098
14042
13244
14963
12336
13611
15767
13761
14728
19861
18752
18726
19731
17726
17742
22032
23012
16199
20256
17162
20363
20134
21959
17058
21170
18634
18254
22521
14494
16216
15162
18623
17629
18088
16207
15592
17719
16762
17523
20050
18415
14527
16316
17320
16020
18066
14644
16074
15772
14656
16023
18021
15973
15166
16142
15704
14800
16886
12750
11816
11441
11479
12418
13748
10594
11282
11442
11357
12225
14264
11994
12191
11024
10918
11997
12557
11784
12335
11439
12115
11150
12511
12104
12042
13500
12633
11806
12940
12348
12191
11822
12102
11849
13515
11129
12039
14695
13201
12372
13688
12267
12203
17672
17555
17486
19719
15977
17428
15454
17637
18527
18421
17034
16080
20392
15178
16749
19283
15223
16234
15507
16148
16204
18272
15423
15321
15844
16419
16369
18359
16102
17338
15406
14476
15723
18297
14722
14247
16340
15953
15547
17850
15820
14466
15788
14955
15108
16576
13739
15151
16292
15260
79395
17854
12902
15403
14775
15340
16668
18156
16485
12879
10539
11007
11294
12963
11165
11696
12514
11527
11532
12808
11528
11331
12434
12138
12003
12772
12320
11333
11682
11533
42533
57892
31217
152778
15616
15463
13537
17827
12969
11906
13473
11320
12971
16926
13750
12052
11032
10095
11774
20749
14965
14965
11044
13798
11736
15609
10901
10505
11183
10063
11163
12523
12211
11821
11613
10538
12421
13237
11737
11222
10607
10556
10693
12733
11364
11699
15569
22046
13564
14761
10861
10054
10633
11070
10238
12177
13068
10852
10096
11365
9669
11327
10104
10110
10437
10249
9446
11212
9591
10419
10364
9955
11057
11824
9437
10173
9869
9550
10004
14713
11320
9728
12683
12719
11208
13018
11390
11800
11446
12609
11280
12456
10511
9968
11381
13125
13709
14670
12803
13692
12601
13214
13845
14359
14786
39205
14059
13154
12880
14152
12874
14919
14377
14135
13560
14650
13046
13996
13788
14061
14051
14443
13791
12754
13343
14073
13630
14424
11831
11450
17074
9579
17708
14547
8909
8158
21818
11860
10557
16147
19958
20784
20586
19324
20681
21228
44267
909512
21523
18251
319898
24990
19037
20001
16976
15258
14600
19152
17064
17935
16935
17176
15224
18020
17522
15085
14944
15584
15514
19493
14736
15651
13671
13476
14747
18607
15791
16458
16843
15620
14494
17383
13927
14113
15627
18144
17305
19809
19044
14898
17101
18942
16518
18899
15349
14875
14153
13164
13677
16813
15431
14309
43149
15120
11836
16969
10317
10161
10000
9905
10175
11606
10657
9596
9537
9296
10608
11077
10047
9409
9913
9790
10004
11013
9795
9327
10573
9780
9429
11299
9406
9189
9425
9886
9200
11338
10014
14673
15821
15611
16450
19203
16689
16313
15568
14957
14214
17228
14716
13960
14050
14709
16373
18924
15231
15591
15620
13564
14414
17460
13684
13249
13262
12472
12378
15176
13237
13085
12646
12370
15129
15589
13592
13043
12026
12403
11520
14400
11858
12836
14105
14398
18863
14598
12689
11630
11128
10823
9939
12843
11791
11540
11085
11255
11406
12131
10682
11392
10305
14169
13006
13312
11186
10795
10243
11093
10397
12346
11015
11545
13125
11828
11123
12316
11267
10988
11870
11926
11960
12758
13636
11759
15065
13364
11261
12549
11119
10976
11264
11358
10878
12143
10540
11027
12215
11395
12163
12773
12004
11614
14895
15076
12083
17715
14521
12057
15229
12575
12743
14989
11152
11597
10806
10079
9814
12185
10279
10848
10803
10965
10152
11715
11008
10110
11081
10115
11045
11677
12356
12082
11162
10792
10872
11895
10915
10900
10954
9977
10716
40717
23553
18649
17374
18659
26551
42815
16469
16303
19187
30608
22252
21316
15948
15856
14159
12655
14173
23351
16019
15255
13268
15042
18186
28427
20495
15386
11915
17553
14158
27041
13636
18646
12263
12611
188623
18092
11682
10698
10488
12159
14527
32528
16107
15294
14289
23071
17917
19486
17957
17965
20331
37836
18682
18231
12338
19358
10149
9834
8878
13674
9517
9096
9284
10055
8757
10880
8715
8441
8127
8862
8899
17399
12169
12084
14957
14426
12716
15775
12808
10523
9753
9356
9261
11615
9448
9184
9250
9000
8850
10715
9156
9467
9348
14672
16904
17073
14255
10112
9711
9236
12023
12051
9309
9372
12568
15469
14739
12515
9664
9271
8955
89043
14942
14222
10008
9858
9206
16560
13552
12219
12760
9211
13721
12421
15230
16522
15760
10219
9536
9344
9055
11314
8885
9342
8880
9438
14302
17577
87664
17089
14712
11679
11681
11314
9632
9032
9039
8910
8898
10666
8777
8489
7916
8736
17491
13841
13135
13006
11941
10946
12637
15137
13417
13668
13571
13950
14379
16504
15175
14563
14418
14505
13653
16869
12037
13041
11841
15306
25044
22329
18548
15537
16974
17787
15181
14746
10597
13526
13882
11450
10406
26946
11872
16527
15386
16360
10889
13218
11569
9790
11947
14845
11097
12855
18007
14870
12334
19646
16541
18415
13913
17944
25611
24189
23262
21677
15721
13763
11842
11759
12092
13683
11374
11472
11539
11288
8954
12041
11444
10306
11022
11113
9855
10605
9389
10760
10680
9738
10557
11300
10745
10894
9358
9383
10260
11045
9510
9253
10567
10573
10857
11225
10813
10761
8272
9240
8950
9880
9163
8413
9168
8761
8690
9965
8935
9145
8775
8271
8316
9834
9824
8990
8673
7843
9101
9969
9211
14389
11598
10061
11521
16243
11649
11685
16125
14346
12954
11698
13460
9242
9087
8384
9276
11042
9314
8803
9184
11039
8769
9659
8384
9584
8262
8529
8577
10109
9159
9063
8593
9078
9094
10292
14744
9031
7818
8703
13024
16567
13345
13538
14537
14300
14191
15965
13047
13657
14039
28212
14680
17289
14480
28375
14223
13865
14115
17340
28495
13812
14426
14692
14519
16890
14534
14525
15100
15010
14298
19143
15179
13972
14136
14560
13555
17352
13961
13253
13463
14255
14910
17315
13413
14837
13957
14666
14620
17522
15055
13640
14426
14206
14706
16725
14486
12340
14178
14447
13462
16378
14170
14727
16199
14761
13476
17107
14215
14755
14480
14642
14696
16721
14532
13352
14122
14607
13562
16574
13176
14701
14324
14286
14536
17462
13924
14822
14441
14108
11790
13794
11681
10984
10365
11864
10903
13669
12211
14047
13747
13704
17117
15450
13472
14291
14996
14850
13727
17423
14684
13628
13509
13903
11924
14293
11959
10603
10954
10983
11795
13812
11051
41523
14445
13068
12466
14895
170066
37447
28104
65747
14375
22790
13585
11600
12103
12194
16515
16737
11476
15247
10397
13595
12404
15028
11322
12524
12129
84933
13475
23733
15746
14640
12330
11960
13706
15392
11195
19721
10528
11007
10291
12560
11310
11027
10739
10187
11027
93602
10314
10193
10688
9862
12073
13841
10637
9859
10424
10839
10144
11165
10805
10622
12139
11154
77998
14027
10237
10893
11047
9766
10319
16204
11245
11530
10406
10256
10258
11907
9956
10395
10290
9530
10086
13306
9944
10490
9722
9533
10327
11035
10405
9686
11916
11273
10840
11583
10568
11398
10344
9987
10315
10660
10458
10569
10096
9477
10301
11112
10254
9577
10323
10233
8685
10965
9706
9468
10173
9334
10097
10810
9710
10347
10371
8531
10635
11027
10646
10168
10218
10171
15348
13662
9641
9096
9432
9513
9452
11470
9146
9394
9342
8818
9381
10931
9683
9378
9416
9881
10565
10740
9381
8826
9578
9320
9358
10660
9677
8955
9362
9706
9334
10674
9428
9196
9458
9170
9418
10548
9215
9090
9643
9338
12089
12335
10732
11561
11919
11686
12228
12587
11618
11383
11729
10895
11870
12642
11169
12435
11265
10443
13094
13827
13756
12606
12122
12574
12674
13326
12116
11369
12259
11869
10273
12841
12343
12302
11211
13450
12619
13079
11393
11846
10862
11901
12538
13032
11582
12080
11721
12120
14806
13373
12697
12278
11583
12171
13313
13343
12262
12403
10875
10589
10550
11982
11640
11910
10651
12235
19900
16830
14873
14012
13043
14105
13828
14645
14146
13654
14092
14103
14343
14182
12798
13697
13233
13421
13189
20108
13458
11068
13182
12079
14223
14530
13356
13445
12730
13242
13759
13735
13638
13817
13574
12971
12096
14042
11125
10715
11922
11573
10361
17132
12034
11750
11665
11920
11340
13276
12603
11127
10723
10572
11436
12455
11482
10464
11456
11289
11543
16716
13492
16816
12022
11580
11798
13362
11502
12745
12649
10835
12244
12918
11109
10968
10967
12203
11031
12960
11303
11974
11462
10744
12585
13120
12287
12298
14988
15651
14830
17871
14304
14853
12387
12621
11470
13745
12286
11882
11636
11752
11175
12547
10602
11249
10341
14323
15901
19118
18351
17641
17440
18636
16626
19986
15180
16450
18124
15363
14104
19833
17877
15761
16506
16064
17625
19635
16156
16451
15674
14013
16629
18617
15398
16069
16190
16900
16157
18263
15758
17962
16510
16591
16750
19233
15551
14621
15894
15979
16146
18745
16017
16084
15392
14575
15893
18163
17986
14584
14397
14927
13744
18327
14764
19760
15156
14831
15352
18057
16167
15844
15159
15466
15565
17729
15398
15569
15619
14906
13818
16813
15676
15159
14946
14992
15005
17160
14051
15007
15162
14513
14957
16462
14516
14734
13615
12272
15685
16380
17551
15497
13910
13706
14356
17677
15467
16147
15834
15675
15264
23837
15611
18359
17638
17298
15570
19735
17080
17654
18724
18260
17795
21790
14916
16141
15587
17329
16975
19095
13861
17894
16992
15182
16388
19065
15123
15705
15971
15963
16371
18705
15337
15443
15494
14297
16937
18220
15508
16446
40763
42440
18434
27041
18988
15929
19661
15404
19687
19012
13489
12902
13134
16313
13398
15951
11855
15400
12910
11682
19115
20539
15365
15708
13987
11582
12007
12588
10452
9662
11989
12842
10844
13129
11931
11429
12047
11374
12717
14728
10695
11942
10884
12137
10093
15983
17148
10893
10799
10523
11884
14516
12977
12648
11745
11162
9916
11842
13075
10440
15344
9627
13412
12322
11673
19614
18974
9811
10706
12232
15935
12899
12219
11428
10426
12335
11013
9302
10010
12968
10093
11210
9445
9383
9898
9496
8987
10801
8849
8744
9480
9746
9370
10518
11943
9501
8847
9418
9153
10808
8992
8447
9011
8623
8995
9858
8788
8874
8234
8865
9026
9758
8645
8862
9106
8324
8297
9767
8894
9671
9000
8768
9385
9992
8847
8251
8851
8544
8841
9794
8811
9032
8773
9039
8774
9711
8650
8242
9119
8826
8952
11705
9558
9609
9153
9364
9296
10371
9420
9438
9320
9462
9349
10574
9380
8742
8696
9324
9458
10276
9333
12171
9841
9495
9557
11055
9545
8822
8878
9326
9270
10741
9339
9264
9119
8903
9422
11207
9402
9552
9509
9515
9553
10774
9578
9536
9647
9701
9522
10698
9730
9363
9373
9668
8892
10705
9905
9053
9730
9047
9792
10564
9760
9428
9511
9580
9563
10901
9164
9512
9563
9331
8635
11717
9810
9344
9510
9493
9632
10721
9357
8924
9806
8520
8950
10942
9758
9577
8977
9667
9626
10791
9535
8137
9532
9767
8961
10614
14095
9763
9650
9189
9540
10593
8737
13029
9246
8992
9567
10474
8778
9328
13054
10200
9311
11226
8926
9783
9257
9516
8984
10447
8287
9735
8588
9726
8854
10012
8612
9103
8843
8292
8785
9834
8855
8310
8471
8398
8130
10445
8888
8994
8646
8232
8615
10891
10333
8740
8695
8339
8845
10075
8169
9029
8580
8474
9122
9727
8348
8737
8709
8925
8896
9593
8595
10659
9519
7788
9120
11186
9493
7963
9192
8772
9425
10357
9016
8406
9617
9206
9148
10580
9041
9276
8812
8736
8774
10440
9578
9248
8120
9188
9135
11078
9936
8650
8448
9527
9264
10368
9462
8898
9245
8809
8871
10456
8993
13884
9965
9611
9153
11171
9036
9235
8786
8554
9437
10689
9578
9138
10420
9638
9497
10880
9428
9443
9548
8896
8089
10890
8842
8743
9062
9432
9378
10540
9741
9414
9801
9468
9848
10365
8998
9765
9386
9844
9316
10597
9511
9835
9267
8686
9527
10572
8294
9577
9372
9064
9192
10323
9339
9306
9324
9468
9389
10405
9625
9195
8609
8918
9312
10583
9602
9050
9674
8266
9028
10591
9710
8922
8843
9305
7968
10405
9506
9351
8942
9261
7724
10414
9511
9522
8865
10057
9305
10770
8883
8903
9246
9509
9920
11936
9191
9282
9440
8988
9262
10749
8778
9109
9721
8608
9523
10699
9476
9090
10107
8940
9451
10411
9541
9214
8751
9726
8620
10690
8890
8447
9318
9163
8865
10682
11668
10246
10999
9671
9660
11153
10050
8691
9644
8828
9568
10673
9632
8875
9523
9015
9456
10577
9884
9589
9396
10931
9476
10933
9332
9132
9311
8308
8869
10475
9189
8930
8619
8730
9328
11000
9494
9335
8487
8700
8213
11232
9586
9006
8781
9002
9422
10116
9128
8695
8928
8590
8820
9952
8928
8383
8588
8182
8181
9990
9531
9426
9073
9003
8709
9732
9567
9454
8938
9069
8859
10422
9778
9542
9677
9519
9022
10834
9382
9630
8912
9264
9525
10613
9555
9287
9072
9028
9056
10595
9031
10203
8926
9544
11277
14715
11334
12498
11806
10613
11485
13275
11337
10628
12478
10779
11502
12999
11964
11405
10979
11194
11183
12461
11268
10611
10730
11057
10431
13917
11861
11235
10566
10367
10414
12644
10516
11396
11121
11170
11419
12614
10513
9598
11193
11236
12745
46739
29121
18366
31321
24874
14171
18041
11514
10422
15884
24044
18442
17207
15188
11857
10628
11512
11446
14199
15035
16834
15146
18451
12547
24385
16940
15640
14855
12719
16043
14546
11995
12969
11782
13543
23454
13754
11592
11417
12256
11474
11635
13047
11547
11036
21048
10444
14917
19519
10270
11707
10645
24344
17376
16881
13755
17085
12540
18122
13633
14831
13354
12509
13278
13079
13330
15002
11678
17434
14483
13574
13351
15264
13641
12224
14426
12267
12264
14316
13109
13203
13028
12147
13112
13921
12347
12166
13462
13355
12225
14544
12531
13764
13050
12453
13366
14051
12992
12995
12276
12884
13305
14936
13454
13228
12217
13772
13368
14126
13000
13075
12874
12211
12334
14789
12343
13040
13075
12992
13843
14310
12446
12254
13171
11729
10597
14137
12869
12347
12519
12537
12220
13394
12468
12201
12362
11919
12494
13208
12600
11718
12290
12594
12524
13262
12457
12810
11636
12537
12192
13291
11662
12371
11861
12357
12621
13463
12350
11563
12530
12300
11482
13365
12486
11687
11898
12435
12545
13305
12451
12311
11647
12085
12228
13141
15720
12987
12114
12051
12115
13761
12153
10981
11553
11994
10151
13507
12092
12015
11019
11331
11377
12921
12077
11953
12115
12189
11604
12951
11133
11734
11270
11011
11834
12944
11359
11979
12349
11513
11396
12821
11150
11626
11773
12495
11439
12189
11113
10900
9963
10830
15642
11467
10313
10700
9817
9018
10798
12638
10183
11156
11207
10751
10739
11608
11027
10770
9820
10558
9843
11407
10231
10772
9885
10757
12340
13082
9576
14753
12327
11376
11193
13850
11118
11254
11273
10692
11281
12275
10973
11182
10723
9538
10822
12008
10160
9754
10464
11164
10998
11821
11042
9325
10147
10515
11220
12078
10380
10376
10431
10434
10849
13247
11376
11359
10089
9436
9978
11740
10210
10936
10673
10925
10561
11602
10331
10231
10346
10757
11338
11760
10300
11115
9752
10586
10883
11459
9779
9532
10144
10828
10134
10890
10269
11932
15026
10681
11903
13054
11136
11250
11851
11226
11321
13062
13882
12089
11606
10810
11319
12731
10804
11223
11377
11740
11025
12552
11207
11433
11553
10769
10299
11901
10271
11473
11097
10973
11319
12034
11588
10779
11405
11329
10452
11830
11101
11075
10891
10332
11011
12234
11205
11234
11711
11242
11078
12057
10335
14771
13066
12544
12773
14170
12795
11787
12563
12329
12693
13852
12634
11996
12624
12428
12654
14438
13173
12592
12535
12598
11510
12671
11354
10763
10215
10202
11063
12428
10940
10418
10906
10403
10879
11652
11784
9968
10013
11664
11193
12543
11441
10429
10144
10856
10956
11974
10882
10880
10872
10745
10905
11533
11208
11093
10213
10258
10955
11599
10955
11448
11895
10892
10283
11540
10966
11059
10971
11002
14388
15411
12008
12505
12519
13405
12251
13883
11904
15542
12820
12474
12457
13517
12023
12838
12526
12432
12482
13411
12789
12540
11736
12803
12635
13624
11679
12258
12224
12512
12373
13946
12863
12760
12532
12381
12436
13628
12494
12597
12079
10797
12454
13463
10777
11713
10803
12521
12842
13372
12517
11881
12022
12503
11816
13360
11865
12573
4864
13288
14242
13583
12452
12205
12431
11689
44488
41233
37123
18763
18732
19028
14121
15862
11436
11149
15514
14453
12345
14333
12259
11425
11725
18129
10946
13011
11870
11386
11094
12005
10469
11658
11129
11566
11608
12060
11098
11692
10585
11570
9160
11283
11495
11775
10883
10966
11709
11764
20254
17855
10229
10317
9790
9219
9964
11213
10444
10546
9707
9808
9686
11252
10233
9743
9407
17608
11369
11973
9622
9459
8898
9894
8921
10885
9857
9254
9057
8800
13503
11724
8722
9190
9052
9196
9053
10676
14357
9200
8679
9245
8920
11102
9200
8730
9220
9183
8666
10561
8673
9136
8074
9199
9066
10406
8898
8719
9204
9231
8660
10577
8528
9049
12232
10263
9280
10941
8775
9521
9623
9164
7929
10354
8613
12519
11827
9565
10534
13986
11975
20304
10574
9185
9952
11216
9024
8789
9377
9240
8664
10869
9212
8664
9255
9156
9818
10337
8860
13697
9729
9841
9319
11017
9183
8050
9224
9664
9199
10326
8770
9142
9308
8794
9059
10283
9952
9947
9362
9111
9309
10250
9234
9150
8619
9151
9643
10200
10128
9296
8618
9236
8766
10797
9232
9205
9078
9056
9082
10355
9227
9318
9177
12458
12142
12866
10967
10261
10761
10296
10835
12298
10463
10267
10804
10176
10968
12627
9731
11038
10882
10884
10577
11856
10543
10751
11036
14537
9208
11229
8888
8559
9258
9111
9112
10353
9224
9032
9087
9056
8981
10262
9239
7995
9296
9106
9011
10263
8837
7808
8613
8904
8449
9959
9988
13032
13784
9969
10214
12271
10591
10548
10338
10226
10325
11618
9864
10608
10160
9796
12536
14518
15402
10114
10215
11587
11739
16213
12079
12596
10838
11200
11059
12637
14233
12877
21110
17273
12159
14519
13130
12498
12669
24514
16952
21785
11341
11309
18133
12288
10074
12258
9826
12041
10401
13243
10123
11655
9443
9315
10226
9391
9654
11160
9581
16594
12414
14304
10725
14567
9520
10598
10344
10214
9561
12405
12475
10443
9846
9915
9043
10817
9442
9712
9264
9238
9522
10542
9508
9048
9006
10201
9207
10442
8743
9118
12177
17435
9716
10857
9681
9733
9399
9451
9113
10279
9371
9306
9389
9481
9124
10433
8899
9355
9014
9415
9595
10789
27559
10049
9147
9051
9411
10794
9507
9591
9463
9154
9385
10439
12361
9214
8943
8946
8968
12093
9007
9097
8478
8792
8854
9953
8215
8972
9135
8964
8836
10068
8903
8977
8973
8893
8701
9935
8606
8798
8495
10452
17102
14153
11217
11630
11306
11226
11272
12224
11522
10943
10457
10934
11140
11952
11774
11231
10398
10708
10716
12202
11629
10985
10936
10875
10798
12178
11311
10571
10330
13069
10768
12599
11635
11092
10830
10854
10287
12547
11179
11088
10698
10508
10830
12327
11626
11072
10238
10809
10323
12149
10916
11016
11698
11289
20518
13204
8962
10546
10065
9400
9123
11832
9918
9578
16076
11123
11528
13647
11988
11367
11461
11220
11455
13091
12857
10912
10718
11110
11177
12605
12346
11413
11194
11864
10336
13342
11690
10855
10652
11494
10987
12891
13115
11605
11318
10701
11599
13101
9582
9618
8981
9419
9423
11039
9263
9672
9577
9335
8340
10712
9273
9498
9279
9235
9037
10660
8875
9412
10082
9361
9364
10664
9346
8854
9424
8974
9511
10992
9607
9371
9268
9324
9721
10572
8821
8906
9162
9850
9418
10653
9112
9859
9418
9497
8872
11158
9407
9403
9920
9612
9439
10859
9448
8997
9394
8952
9351
10640
9757
9346
8817
9663
8540
11720
9144
9590
38156
14341
12518
16725
12307
11288
11149
10696
14803
17176
14744
11600
10816
11751
12118
15167
12939
22825
11951
12924
11667
12682
12228
12820
9684
9811
11814
12696
18814
29380
8693
13189
24802
27683
17891
16365
14707
12653
12236
11448
9840
11351
10491
10918
10638
10347
11932
13810
10351
10609
10122
17136
10872
10768
11883
10022
9880
11862
16120
10170
15968
14054
10481
18412
10724
12626
10645
14340
12004
13020
13246
11219
10590
11174
10955
12704
10553
10843
9454
9987
10784
12386
10718
11010
10456
10582
10695
11905
11157
15986
8117
9191
12376
12852
9501
7961
8328
8371
7612
10111
7938
8025
7694
8019
7982
8436
7576
11777
11417
8295
7813
9619
8079
7595
8224
8016
7936
8471
7720
7942
8477
8024
8267
8277
7615
8223
7859
6926
8001
8296
8200
7840
8084
8340
7524
8242
7649
8222
8211
7564
8039
11034
8228
8163
8603
9278
8085
9057
8498
9014
8254
9238
8588
8855
8893
8495
8659
8967
8630
8849
8288
8560
9049
8537
16649
13225
8042
8109
7965
8120
7635
7875
7935
7912
7459
7727
7682
7940
7748
7717
7742
8055
7788
7760
7732
7812
7703
7185
7615
7436
7760
7610
7620
7228
12263
11196
7566
8300
7427
8668
11261
12005
10721
10572
10026
10330
10523
13564
10653
10809
11450
11241
10838
12380
11176
11318
11086
10879
11187
12400
10785
11506
10583
10686
10707
12298
10855
10508
10824
10855
10913
12036
11392
11676
10502
10368
11164
12493
10923
10488
10401
10937
10830
12456
10508
11122
10831
10873
10969
12265
9700
10623
11143
10956
10773
12235
10897
10568
10889
10920
10425
12020
10551
10585
10821
10404
10294
11971
15105
10616
11225
11813
10826
12100
23381
11569
10992
10919
10887
15926
9312
9478
19098
19833
16868
22280
20701
18269
17038
17171
15775
19902
15365
16672
16310
17135
15887
17559
15509
15426
14835
15271
15552
16281
14779
15369
15201
17118
16452
19118
16083
17974
18050
16465
22237
22988
6430
19653
18779
18019
18520
20425
18394
16582
17726
15992
14814
19822
15552
25520
14745
22665
22422
23766
20880
20594
19808
19308
20489
20769
19074
16651
17893
42489
16732
19472
15341
14656
13950
16671
16062
19792
15836
47557
17223
16926
15528
18094
14999
14601
16236
17008
16935
22178
20666
18140
19464
21691
17595
19907
16978
15900
15382
14864
16232
18735
16259
15858
16996
15186
17157
20880
22077
21305
19573
17809
17243
19447
16106
16066
17092
16316
17083
18162
17732
16898
15241
3751664
19614
25500
17349
15724
14690
14037
14072
14563
13481
13171
11131
11636
12628
13000
12467
10951
11174
12388
12054
12297
12715
12192
11894
11989
13078
19991
14161
16526
16341
15339
18618
16767
13046
13072
13254
11583
11531
13011
12941
12523
11133
12783
13937
16599
16771
15707
14926
14907
12009
14398
11097
11244
12125
10142
51968
14439
12310
12095
12371
9947
9793
12811
13040
11203
12330
12051
12131
12421
12451
15072
13666
12507
13220
14050
11101
11633
12027
12213
12206
12187
11338
16611
12892
13515
17657
18847
12565
16363
23519
18535
16282
22670
19539
16099
19408
18941
18863
23044
23973
25223
23792
18281
22877
22670
12709
14345
12852
16857
25678
26000
16029
12710
13338
12567
12537
15581
12914
11943
13435
14632
13030
12847
11695
17089
14671
15260
24572
19658
16647
16415
19815
12458
12890
14694
15885
13312
14469
15168
15011
13762
15939
13330
14847
14779
13095
15040
14489
16265
12157
10684
12555
12364
10743
11304
10860
10667
10232
11340
10719
10769
10882
10754
11425
11550
12219
12263
17479
11350
10352
10745
10210
9931
11265
10901
11039
10895
10134
10996
10087
11091
9951
10062
11027
9575
10823
10253
9144
10303
11694
9358
10672
9563
9743
10394
10626
10488
9950
10363
9321
10354
10660
10379
10500
10451
9834
10892
10650
9398
9090
10366
10418
10101
9940
10476
9517
9524
10706
10079
9353
9225
10302
10745
10517
10242
9999
10269
9898
9251
10867
15180
12615
9722
8692
10374
9899
10300
9650
8637
12204
15762
16461
14897
13419
13125
12087
12464
12458
13221
12480
11722
12343
11855
12629
13086
11953
12692
12023
12040
12040
13045
12723
11691
12484
11848
12485
13333
13091
12125
13273
13216
12737
13598
13242
12580
12655
11999
13243
13253
13047
12826
12783
12700
12488
13282
15026
14959
13016
12634
13233
13746
10758
12928
14182
12023
13063
13841
13183
11999
12696
12461
13096
13152
12267
13059
13185
13065
12871
13566
12021
13619
12530
12636
12736
12982
12036
13249
11868
13141
12619
13667
12329
12892
12669
12463
12796
13322
12213
11944
12001
11802
12525
13432
12286
12819
11836
12793
10891
13473
13425
11678
12873
12183
11474
14764
12297
12897
14057
12800
10700
13576
12810
12481
11339
14534
11119
12923
10722
12553
17932
12475
10798
12405
11321
10108
11222
11306
11115
12147
11293
10969
10133
11311
11014
12090
11725
11277
10044
11386
10402
11585
10301
11375
11171
11054
11072
11416
10625
10041
10350
11376
10304
11676
11471
11143
10744
11120
10966
11365
11143
11048
10713
20736
14474
13599
12020
11835
12479
12311
12019
12632
11332
10203
11450
10962
9964
11152
11252
11078
15118
11383
11582
14467
11459
11614
11304
15010
11222
12473
11638
11516
11350
11397
9589
11918
11492
11118
11283
11486
11232
11580
11032
11246
11493
11115
10835
12179
10420
11116
10400
11065
11081
12027
10952
11205
10562
9863
11119
12005
11048
9753
10568
9468
9542
11303
8712
9738
9883
8981
9656
10672
9253
9613
8733
8994
9659
11171
9682
9388
9585
9804
9630
10608
9634
8909
9582
9563
17837
12784
10021
10240
9099
9820
9789
11364
9012
9492
10628
10949
10824
11457
10121
10616
9982
10244
10669
11454
10344
10492
10763
8961
10937
11506
10316
10380
9668
10336
12797
12409
10437
10256
17244
11302
10644
11716
9781
10811
9584
10391
9544
11026
10345
10335
10323
10607
12492
11120
10505
9896
10282
10645
10237
11203
10526
9663
9567
10476
10369
11201
11058
10386
10143
10370
9699
10884
10275
9858
9757
10408
9823
11010
9480
10226
10350
10344
10339
11090
10501
10326
10349
9804
10264
11136
10516
10059
18117
14754
14044
16107
14014
13202
13531
14275
12931
15772
13805
13204
13995
13036
12811
15936
13453
13497
13408
13390
13070
16884
14369
14200
13097
13174
13982
16177
13843
13548
12990
13566
13513
15864
13731
13953
13202
13898
117496
39110
18868
16703
15954
16067
15987
19934
20143
17317
15165
17252
14089
27559
14946
14611
13794
12390
14807
17314
12925
14068
17353
15146
73141
25153
17913
16367
16508
17806
19292
19491
12280
14203
14003
13583
14089
18393
14640
15812
13646
14334
13064
16435
13690
13947
13737
12234
13976
20353
13887
14383
14628
14096
15493
17533
15241
15006
13665
14276
18040
16082
13817
13616
12194
14099
14953
15536
13401
13604
13074
15795
13791
16211
13681
13590
13930
13865
13050
15549
13726
13559
13500
13574
13540
15784
13412
13080
13506
13668
13213
15462
13721
13978
12134
13454
12944
15553
13269
14188
13592
13486
13620
15427
13242
12848
13744
13803
13581
15497
13275
13422
13495
13824
13593
15546
12118
13031
12981
13849
13115
15767
13393
13712
13261
13105
14001
15821
13511
13400
13535
13466
13347
15658
12330
13907
13026
13695
13273
15567
13727
13398
13723
12955
13293
15453
13679
11995
13304
13515
13317
15509
14028
12937
13094
13260
13542
15473
13680
13322
13009
12171
13737
15296
13428
13575
13228
11957
13570
15634
13187
13809
13395
13714
13849
15549
13595
12216
13052
13624
13572
15693
13644
13182
13404
13614
13633
15567
12871
13506
13827
13064
13071
15598
13749
12307
13930
13641
13790
15213
13514
13501
13830
13318
14004
15657
13576
13292
13397
14216
13811
15519
13856
12366
13514
13190
13606
15369
13666
13517
13464
13714
13161
15276
13752
14087
14281
14214
13162
15711
13931
13500
13836
13253
13479
15389
13007
13671
13117
12921
13753
15407
13378
13625
13483
12805
13018
15387
13590
14344
13135
13472
13269
15507
13639
13054
12985
13003
13815
15168
13609
13758
13597
13477
13008
15755
13081
12880
13797
13689
13389
15789
13574
13937
13749
14009
13667
15656
13654
13443
13109
12839
13731
15381
13645
13367
13168
14060
13570
15710
13662
13637
13118
13412
13401
15449
13400
13811
13028
13774
13415
15458
13485
13091
13183
12958
12002
15508
13414
13785
13551
13310
13514
15557
13682
12903
14097
13028
13444
15588
13326
13574
13468
13564
13460
15453
13115
13057
49487
14417
13999
16510
14452
13229
13760
14513
14342
16601
14342
14003
14932
14442
13866
16341
14381
14655
14663
14368
12939
16265
14076
14436
14561
14537
13923
16159
14439
14373
13878
14341
14124
16364
14633
14276
14261
13750
17330
16509
13913
14625
13684
14657
14384
16261
13752
14330
14765
15464
15640
16904
13858
14469
15084
14466
14566
16348
14485
14427
14398
14280
14269
16197
14276
13688
14147
14161
13759
16286
14226
13795
12803
14939
14542
16134
14299
12908
12904
14260
13989
16335
14054
13871
14207
13778
13643
16317
13642
14345
14382
13854
13912
16228
14577
13604
14667
14027
14330
16191
13799
14443
14387
15056
14437
16489
14453
13985
14789
14622
13015
16292
14497
14395
14630
13786
14550
16496
14293
14319
14189
14377
13890
16399
14414
14396
14411
14328
13677
16251
13801
13810
14262
14397
14346
16314
14352
14214
13930
14470
12920
16349
14419
14436
14203
13729
13674
16178
14277
14407
13698
14313
13984
16676
14585
14340
14314
14605
21522
16671
12038
9869
10341
9830
10063
15440
13671
13081
10305
9516
10214
11108
9473
11328
11023
11888
9140
11308
9509
9838
9154
9147
10916
12494
10834
11379
9534
9380
9984
10800
10428
11015
11271
10632
13938
13011
13524
14328
13600
12399
11899
12283
16216
10050
8765
10334
9075
14178
10439
8421
10043
9455
9344
10154
8218
10120
9119
9795
10479
9912
9146
8069
10652
161428
12756
14357
12886
13564
10074
19119
14496
15542
10271
8912
8409
9981
8908
11901
9928
9614
10026
