15:18:39.113 0 0
15:18:39.120 0 11
15:18:39.131 0 35
15:18:39.140 0 50
15:18:39.150 0 70
15:18:39.160 0 94
15:18:39.170 0 128
15:18:39.180 0 169
15:18:39.190 0 222
15:18:39.200 0 281
15:18:39.210 0 327
15:18:39.220 0 401
15:18:39.230 0 484
15:18:39.240 0 569
15:18:39.250 0 635
15:18:39.261 0 731
15:18:39.270 0 810
15:18:39.280 0 910
15:18:39.290 0 989
15:18:39.300 0 1116
15:18:39.310 0 1237
15:18:39.320 0 1364
15:18:39.330 0 1456
15:18:39.341 0 1567
15:18:39.350 0 1679
15:18:39.360 0 1777
15:18:39.370 0 1867
15:18:39.380 0 1922
15:18:39.390 0 2030
15:18:39.400 0 2133
15:18:39.410 0 2225
15:18:39.420 0 2277
15:18:39.431 0 2317
15:18:39.440 0 2415
15:18:39.450 0 2524
15:18:39.460 0 2630
15:18:39.470 0 2660
15:18:39.480 0 2735
15:18:39.491 0 2798
15:18:39.500 0 2904
15:18:39.510 0 3012
15:18:39.520 0 3039
15:18:39.530 0 3157
15:18:39.540 0 3264
15:18:39.550 0 3378
15:18:39.560 0 3453
15:18:39.570 0 3578
15:18:39.580 0 3728
15:18:39.590 0 3882
15:18:39.600 0 3997
15:18:39.610 0 3997
15:18:39.620 0 4052
15:18:39.634 0 4190
15:18:39.640 0 4272
15:18:39.650 0 4436
15:18:39.660 0 4453
15:18:39.670 0 4516
15:18:39.680 0 4672
15:18:39.691 0 4816
15:18:39.700 0 4952
15:18:39.710 0 5005
15:18:39.720 0 5143
15:18:39.730 0 5261
15:18:39.740 0 5373
15:18:39.750 0 5451
15:18:39.760 0 5580
15:18:39.770 0 5606
15:18:39.780 0 5717
15:18:39.790 0 5826
15:18:39.800 0 5878
15:18:39.810 0 6003
15:18:39.820 0 6128
15:18:39.830 0 6268
15:18:39.840 0 6313
15:18:39.851 0 6459
15:18:39.860 0 6569
15:18:39.870 0 6673
15:18:39.880 0 6753
15:18:39.890 0 6771
15:18:39.900 0 6930
15:18:39.910 0 7113
15:18:39.920 0 7298
15:18:39.930 0 7362
15:18:39.940 0 7371
15:18:39.951 0 7491
15:18:39.960 0 7610
15:18:39.970 0 7745
15:18:39.980 0 7866
15:18:39.990 0 7866
15:18:40.000 0 7937
15:18:40.010 0 8102
15:18:40.020 0 8256
15:18:40.030 0 8422
15:18:40.041 0 8468
15:18:40.050 0 8621
15:18:40.060 0 8753
15:18:40.070 0 8819
15:18:40.080 0 8928
15:18:40.090 0 9059
15:18:40.100 0 9196
15:18:40.111 0 9340
15:18:40.120 0 9432
15:18:40.130 0 9497
15:18:40.140 0 9626
15:18:40.150 0 9756
15:18:40.160 0 9883
15:18:40.170 0 9989
15:18:40.180 0 10000
15:18:40.190 0 10000
15:18:40.201 0 10000
15:18:40.210 0 10000
15:18:40.220 0 10000
15:18:40.230 0 10000
15:18:40.240 0 10000
15:18:40.250 0 10000
15:18:40.260 0 10000
15:18:40.270 0 10000
15:18:40.280 0 10000
15:18:40.290 0 10000
15:18:40.301 0 10000
15:18:40.310 0 10000
15:18:40.320 0 10000
15:18:40.330 0 10000
15:18:40.340 0 10000
15:18:40.350 0 10000
15:18:40.360 0 10000
15:18:40.370 0 10000
15:18:40.380 0 10000
15:18:40.390 0 10000
15:18:40.401 0 10000
15:18:40.410 0 10000
15:18:40.420 0 10000
15:18:40.430 0 10000
15:18:40.440 0 10000
15:18:40.450 0 10000
15:18:40.460 0 10000
15:18:40.470 0 10000
15:18:40.480 0 10000
15:18:40.490 0 10000
15:18:40.501 0 10000
15:18:40.510 0 10000
15:18:40.520 0 10000
15:18:40.530 0 10000
15:18:40.540 0 10000
15:18:40.550 0 10000
15:18:40.560 0 10000
15:18:40.570 0 10000
15:18:40.580 0 10000
15:18:40.590 0 10000
15:18:40.601 0 10000
15:18:40.610 0 10000
15:18:40.620 0 10000
15:18:40.630 0 10000
15:18:40.640 0 10000
15:18:40.650 0 10000
15:18:40.660 0 10000
15:18:40.670 0 10000
15:18:40.680 0 10000
15:18:40.690 0 10000
15:18:40.701 0 10000
15:18:40.710 0 10000
15:18:40.720 0 10000
15:18:40.730 0 10000
15:18:40.740 0 10000
15:18:40.750 0 10000
15:18:40.760 0 10000
15:18:40.770 0 10000
15:18:40.780 0 10000
15:18:40.790 0 10000
15:18:40.801 0 10000
15:18:40.810 0 10000
15:18:40.820 0 10000
15:18:40.830 0 10000
15:18:40.840 0 10000
15:18:40.850 0 10000
