64483
29408
4989
5149
42874
5233
5265
4939
5260
4058
11823
2589
2415
2982
2923
2924
4819
8213
3445
3612
3438
3659
2294
31713
5133
9963
2377
2117
2570
2664
2504
2648
2500
2658
2725
3676
6275
3140
5263
6702
13970
4631
2990
2626
2593
2918
2438
31176
3587
6899
8155
18561
5408
4191
5466
9012
15818
3704
3316
3352
3218
3384
3186
3718
3163
3395
3428
3379
3035
3421
10234
4108
4100
4089
13121
3856
3409
6600
3384
3934
3369
4136
18142
3616
2561
3002
3862
4100
4115
3742
3444
8246
2733
6105
7795
2799
2898
3776
3715
4100
3733
4354
4187
4092
3566
3740
3423
3656
3377
3574
3437
3844
12692
4029
3400
3638
3339
3689
8496
6685
4450
6161
3573
3620
2456
3917
2691
8141
9765
4010
3084
2978
3652
3690
3648
3788
4438
3660
3922
3564
5225
3536
3373
39902
3422
3465
3220
3561
3305
3862
2576
2618
2963
2750
2656
3330
3982
4019
3430
4068
3463
4126
3452
3424
3594
3143
2721
6221
2527
2598
2681
2163
2198
27291
2113
2270
2041
25743
3405
2754
2190
5137
2057
2461
2171
2265
2081
2149
2304
2537
1981
2257
1932
3046
3480
2135
2051
2076
1977
2101
2276
2186
2337
2246
1940
30191
2457
2395
2135
3175
3112
3442
2973
3328
3201
3308
3091
3327
2929
3533
2873
2397
2301
2291
2168
2409
2290
2387
2033
2266
2232
2320
2087
2314
2054
2059
1963
2166
1912
2026
1839
2257
2078
2074
1955
2097
2004
2504
2232
2324
2341
2166
1986
2731
2155
5025
2170
2313
2619
2108
1952
2195
2014
2210
2016
2090
2023
2022
2131
2154
2194
2151
2050
2355
2332
3193
2100
2180
1948
2154
2018
2241
1937
1999
1902
3088
3112
3327
3165
3400
3172
3521
3138
3380
3116
4913
3156
3284
3037
3288
3219
3274
3043
3672
3183
3555
3279
3227
2960
3405
3081
3691
2968
3235
2940
3218
2944
9610
3942
9940
4288
2709
2689
2726
2287
4702
3354
3483
2442
4053
2574
2538
3101
2202
2492
2386
2175
2260
2091
2153
2022
2291
2001
2062
1991
2312
2074
2146
1984
2090
2004
2203
2042
2509
2001
2113
2146
2356
2082
2489
2185
2156
2036
2245
2000
2158
1997
2115
1971
2284
2066
2270
1845
2042
1874
2007
2009
2437
2156
2283
2278
3040
2153
5409
2372
2243
7008
2085
1965
2135
1883
2108
1933
2156
2029
2485
2114
2188
2117
2311
2057
2196
1910
2341
2042
2180
1965
2183
1953
2114
2007
2158
2002
2071
1937
2163
1963
16279
2553
2553
2072
2219
2020
29762
2165
2131
1976
2130
1937
2137
1693
1859
1717
1912
1933
2098
2255
2857
2066
2092
1994
1967
1912
2034
2063
2049
2178
2120
1924
2091
1994
2096
1985
2071
1850
1984
1889
2049
1853
2139
1962
2184
1916
1986
1860
2061
1855
2067
1909
2031
1951
1981
1898
1968
1937
1882
1822
1998
1931
1940
1837
1967
1839
2013
2369
2072
1976
2067
1843
1965
1886
1988
1904
2070
1795
1948
1856
1949
1811
2027
1873
2175
1848
1907
2002
2132
1914
2033
2033
14647
2210
15390
3035
2407
2031
2314
1816
2018
1744
1779
1799
1824
1738
1879
1706
2293
1765
1938
1730
1794
1526
1808
1693
1736
1530
1517
1449
1586
1639
1617
1641
1576
1627
1790
1640
1607
1595
1730
1617
2295
2500
2833
2714
2928
2791
2745
2436
2686
2198
1953
1679
1925
1689
2093
2653
2733
2632
2884
2459
2982
2712
2871
2690
2972
2597
2881
2557
2815
2585
2611
2640
2516
2227
2580
23440
2582
2224
2483
2564
2685
1973
2653
2546
2994
2591
2712
2472
2838
2580
2929
2580
2694
2625
2769
2850
2644
2879
4595
3355
3868
4274
4519
3805
3457
3191
3299
3797
3771
32338
3363
3171
4695
2880
3358
2871
3150
2714
3200
2728
2908
2971
3160
2760
2976
2762
3236
2422
1972
1782
7894
2911
3100
2796
3056
2725
2764
2507
2746
2641
2528
2682
2702
2568
11084
2209
2481
1980
2478
2106
2627
2190
2505
2286
2368
2231
2304
2099
2325
2325
2259
2102
2449
2125
2215
2061
2084
1824
2054
1978
2134
2241
2606
2049
2565
2088
2566
1971
2472
2242
2571
2011
2437
2281
2486
2195
2294
2178
2402
2127
2489
2271
1746
1583
1458
1452
1511
1497
1496
1594
1483
1425
1551
1938
2113
1829
1557
1536
1618
1487
1590
1482
1517
1438
1519
1557
1425
1494
1516
1487
1599
1484
1596
1580
1574
1609
1653
1463
1496
1503
1491
1403
1533
1483
1575
1505
1391
1477
1557
1516
1613
1434
1521
1514
2194
1996
2435
2084
2408
2046
2366
2049
2378
1874
2284
2340
2054
2143
18219
2120
3696
2325
1871
1386
1380
1533
1445
1417
1200
1219
1335
1207
1273
1306
1326
1498
1452
1238
1383
1472
1629
19041
1269
1124
1239
2983
2752
2218
706
424
541
448
471
441
484
453
492
412
468
407
500
454
527
444
452
418
501
527
469
426
482
450
497
413
474
386
516
442
1599
407
490
434
481
344
382
340
356
337
364
316
375
344
409
323
345
366
347
312
370
346
384
339
349
366
349
349
360
368
390
315
371
428
403
355
382
316
362
350
359
339
374
347
411
356
358
343
366
413
389
367
379
362
378
348
357
389
394
360
334
355
383
333
354
367
390
367
440
526
559
432
646
557
596
484
530
457
506
484
487
569
519
467
551
456
575
481
520
2444
595
469
603
449
428
405
422
466
443
390
519
388
480
401
392
385
3867
404
459
389
464
390
499
412
491
302
413
394
405
393
553
496
518
419
496
363
794
585
593
535
628
841
626
475
429
429
409
378
543
483
367
371
398
303
462
755
1162
769
521
378
629
320
360
470
404
334
344
306
371
338
358
355
375
311
384
341
387
704
351
347
353
337
386
320
330
332
370
337
345
351
492
350
367
327
395
311
362
353
422
346
348
340
350
343
401
335
12909
490
14397
17422
10732
5616
329
323
351
280
386
320
372
324
313
319
334
321
10593
301
354
312
362
354
355
311
360
316
369
324
352
321
403
338
349
304
351
320
367
323
326
324
341
327
390
296
359
337
354
368
366
301
352
329
382
331
357
313
368
314
396
321
382
323
352
416
472
382
487
422
477
377
508
392
470
387
510
448
485
403
466
408
500
400
449
435
485
426
557
386
529
392
489
404
471
388
553
401
511
409
537
424
460
401
482
421
474
386
546
377
471
392
501
415
541
378
464
396
431
420
493
349
531
389
488
415
541
400
482
380
545
392
414
355
433
396
501
361
438
361
463
401
506
387
457
397
462
372
462
347
439
362
493
391
495
362
465
352
472
402
481
366
523
385
476
405
425
352
522
395
440
370
477
382
503
360
415
374
500
408
435
397
486
401
476
365
435
392
473
430
535
396
505
383
439
98841
485
360
463
428
466
405
490
390
426
413
449
389
487
421
478
414
480
394
463
337
363
311
385
286
386
306
378
309
761
327
344
326
354
333
350
301
347
337
349
313
377
311
372
313
375
327
386
300
341
333
358
336
336
408
340
312
363
306
368
297
368
334
331
327
381
334
345
316
356
322
346
340
347
324
399
322
348
331
377
314
352
302
340
292
370
313
363
326
339
297
346
326
350
316
343
296
367
313
351
313
360
327
378
353
329
324
353
294
369
310
355
360
356
346
403
318
358
322
361
115136
404
347
389
348
391
371
358
396
356
365
381
297
377
366
358
381
370
322
373
335
396
344
374
327
407
358
425
326
362
376
366
318
363
345
359
396
434
703
589
426
475
401
584
418
489
419
552
407
521
373
496
392
453
390
481
403
408
314
373
316
377
304
349
309
337
316
372
318
394
319
359
349
402
312
347
358
347
307
401
334
342
328
349
316
363
317
414
369
372
507
668
353
418
343
406
363
384
348
370
314
933
866
462
317
392
361
390
340
404
312
342
289
456
352
39885
432
790
646
741
385
480
472
1786
618
551
392
626
361
492
394
524
365
769
396
454
413
504
342
593
320
357
276
376
328
368
407
358
303
339
348
352
315
353
332
366
327
362
333
400
329
348
342
392
321
355
322
359
322
349
321
306
289
337
335
13392
319
385
349
364
325
353
325
347
327
346
341
395
312
364
309
343
337
363
311
385
315
1606
320
384
330
356
323
357
302
332
336
305
312
339
333
403
361
373
310
421
306
368
313
387
310
365
288
375
343
385
328
358
311
437
303
400
310
387
320
365
473
342
338
342
317
340
341
364
320
363
303
414
323
360
324
357
312
347
317
357
367
345
319
346
416
400
341
321
324
423
322
372
332
347
314
352
329
368
332
345
291
360
301
350
318
378
329
355
316
361
333
361
310
362
315
354
323
372
311
401
346
362
334
361
305
368
355
363
339
358
298
355
373
351
329
356
309
397
332
356
311
349
324
370
320
353
329
370
322
366
310
362
310
381
307
353
319
355
329
367
311
356
320
332
337
351
322
387
13384
379
326
384
362
375
383
346
355
423
317
363
342
363
328
360
326
372
346
399
344
378
318
388
366
351
466
379
329
463
369
401
430
375
314
454
329
386
377
454
324
433
317
540
440
336
456
456
323
376
379
378
346
449
386
386
337
373
384
379
326
385
342
389
376
409
363
436
327
373
334
421
408
354
421
400
328
360
426
398
467
388
378
451
430
361
377
987
407
428
476
563
614
387
411
385
400
435
329
435
405
365
319
456
362
414
357
381
376
579
409
354
436
489
384
470
412
403
7800
480
363
362
327
379
322
454
361
452
358
403
346
391
350
407
362
371
393
345
5232
406
331
427
378
388
362
358
338
421
369
427
410
440
347
345
456
13331
401
441
409
414
367
426
332
413
358
416
354
456
330
518
397
448
388
433
350
401
769
392
320
454
398
461
369
391
332
1922
769
2086
395
601
411
470
404
491
433
573
403
332
807
396
1150
1124
511
414
386
417
1240
796
451
489
346
442
316
380
695
426
400
407
363
372
409
433
337
481
323
491
550
511
364
385
319
467
329
548
371
451
343
447
310
420
370
360
367
401
325
348
341
426
327
406
336
447
407
468
386
468
380
528
430
356
391
450
423
526
398
377
386
420
325
436
331
405
381
433
341
357
377
426
379
426
408
1062
483
400
377
406
407
545
358
387
381
356
342
556
386
373
338
426
756
398
310
406
331
351
369
458
451
357
335
377
360
358
387
370
331
454
304
374
317
359
314
333
375
401
356
371
324
353
419
485
344
438
323
337
324
397
337
330
327
429
328
509
369
424
327
397
366
17867
420
434
344
416
359
453
337
401
356
470
396
507
340
358
308
343
351
415
357
360
398
453
347
484
377
473
312
395
376
502
449
420
349
494
345
436
322
370
339
348
324
444
353
398
332
397
324
472
445
500
322
350
315
359
391
393
383
448
399
403
378
429
418
394
373
379
384
472
332
385
323
373
372
363
323
435
2492
404
376
341
439
379
407
527
312
371
342
419
341
471
409
357
459
362
303
385
383
399
327
416
316
447
351
351
329
382
309
360
441
364
369
375
280
372
362
478
333
509
335
366
490
408
347
477
319
357
326
491
387
330
347
356
418
582
440
518
364
452
380
416
414
396
373
406
414
451
333
721
346
491
324
405
510
496
350
333
300
352
303
475
504
429
393
397
402
473
427
446
394
462
446
381
373
362
346
422
338
385
345
391
416
383
346
451
318
336
345
385
355
349
409
415
357
458
352
428
346
335
350
382
319
402
350
371
359
351
411
456
339
420
306
618
454
457
459
554
441
354
410
388
369
569
353
350
390
370
379
494
393
405
453
418
413
511
353
453
441
361
398
379
416
397
373
366
317
1427
409
4443
1651
943
395
543
426
778
324
403
333
372
678
709
664
509
655
373
321
400
340
402
321
362
338
335
327
450
323
377
313
351
326
379
297
349
337
437
310
441
384
407
334
387
539
487
417
458
377
388
347
394
344
402
298
378
315
412
320
411
330
420
338
458
320
412
321
418
305
390
307
405
390
403
343
400
363
411
362
422
373
461
426
380
381
362
330
402
396
594
332
401
313
379
317
372
327
370
381
375
337
411
433
396
345
341
337
414
339
439
351
366
326
405
416
473
349
402
340
384
337
387
325
347
401
407
342
359
399
363
332
391
342
388
331
365
371
365
317
396
360
447
313
386
366
391
389
398
333
387
309
365
449
344
322
407
338
410
320
408
310
410
298
433
332
458
393
357
345
436
341
401
338
383
316
381
346
374
323
402
365
433
312
370
325
367
318
377
325
374
328
404
377
382
352
372
323
389
311
375
336
370
321
376
340
368
339
413
350
369
446
390
312
379
322
418
328
451
311
402
317
396
383
376
321
412
389
381
352
381
335
399
307
404
323
475
346
561
386
846
365
368
339
416
391
566
316
456
380
399
422
732
424
435
322
418
372
345
393
343
330
414
406
347
28738
945
608
488
410
457
409
427
446
445
397
456
407
476
410
425
393
464
384
2125
400
424
408
461
385
423
402
467
478
495
408
447
421
423
353
444
355
495
420
403
374
431
454
478
403
455
400
446
371
506
374
426
389
475
374
458
383
467
382
451
405
455
387
517
392
452
386
447
403
429
421
466
424
490
448
453
388
390
378
384
376
466
398
452
392
449
450
412
400
453
435
452
424
569
469
563
496
519
348
452
416
501
404
422
376
415
368
380
388
441
392
443
343
417
355
422
405
392
396
435
6609
1614
562
3866
519
793
1503
549
653
587
417
450
1096
1130
460
1127
392
433
390
385
444
484
640
356
319
620
345
355
299
359
401
374
390
349
319
592
322
412
337
384
331
357
392
383
343
548
343
360
314
425
325
365
298
415
317
368
353
415
378
359
307
492
324
401
296
352
318
387
310
367
332
359
344
403
321
399
324
367
320
346
353
364
332
364
329
334
337
411
348
510
315
379
317
396
310
398
310
2800
458
425
399
387
302
394
336
392
410
425
404
392
413
481
382
416
393
456
394
481
361
472
461
391
981
511
416
644
470
773
694
1297
579
468
422
442
811
530
415
419
389
684
401
614
429
411
403
420
1167
440
388
402
353
412
317
420
399
1204
351
429
313
409
321
416
362
417
412
482
430
603
519
354
320
410
324
369
348
428
347
488
338
362
308
433
337
416
334
418
352
379
342
366
342
422
334
351
348
419
389
384
333
396
327
415
353
394
386
404
328
411
396
379
324
400
307
374
333
378
322
375
314
379
337
369
303
385
320
372
378
362
316
419
392
376
344
473
388
594
418
618
409
492
372
466
356
420
361
381
377
388
372
390
345
455
344
448
365
451
368
405
342
465
351
438
359
424
376
420
344
412
333
418
340
417
383
406
374
468
400
499
546
499
386
502
409
455
366
431
367
415
353
442
372
447
629
408
411
431
373
428
375
407
373
429
343
433
374
416
370
417
366
471
332
428
358
391
351
405
367
386
382
406
392
567
345
506
378
430
389
447
363
408
378
412
401
469
377
428
363
393
440
498
462
537
456
440
429
418
354
434
357
457
349
462
1906
796
791
1056
519
461
441
595
449
542
486
530
448
490
2391
518
1321
567
669
245877
493
1188
513
539
578
463
356
432
343
434
352
494
474
839
526
517
395
473
794
418
300
459
310
307
345
372
377
410
342
363
379
360
368
440
339
355
404
410
333
360
542
489
415
488
488
585
418
554
431
502
440
569
443
563
409
492
411
550
476
520
418
764
428
573
449
536
435
536
421
573
420
498
475
547
457
471
426
562
438
529
428
556
430
427
414
476
451
453
443
529
413
486
442
438
452
547
390
526
420
494
443
547
393
475
395
490
405
562
418
515
458
525
433
469
406
487
431
450
375
543
414
467
424
545
408
502
589
624
483
499
454
490
414
514
435
536
393
517
416
503
424
488
405
500
406
523
446
495
416
459
463
510
432
505
430
548
406
545
441
492
454
503
393
537
430
446
348
367
404
1653
522
999
1125
603
453
610
474
535
465
490
413
443
399
1232
415
529
404
513
380
538
447
548
480
348
293
373
525
333
300
390
302
380
282
369
313
352
305
343
306
336
382
335
301
346
308
337
300
352
305
336
290
348
312
346
307
340
283
341
312
659
345
345
301
336
297
334
303
335
291
356
311
397
308
449
316
365
341
338
348
386
324
365
340
385
335
17986
322
371
365
353
327
364
314
367
351
365
346
350
304
409
330
320
337
336
398
429
354
390
362
374
377
373
344
376
343
341
330
357
366
361
357
378
401
426
358
534
457
489
466
491
424
469
418
471
432
452
399
537
465
505
442
518
432
504
466
535
403
484
480
520
458
514
414
476
486
490
442
481
422
423
422
434
411
466
420
429
414
460
413
554
421
517
462
541
414
488
418
413
390
496
439
475
406
438
328
376
316
426
358
373
327
327
307
375
373
384
368
368
325
391
337
344
351
365
355
339
299
338
333
377
331
390
337
372
320
357
324
389
333
390
324
329
325
365
307
393
368
356
383
366
315
396
319
317
420
436
399
330
379
351
768
1321
465
467
433
518
627
498
339
557
428
901
862
582
496
627
468
486
1261
607
475
932
491
438
468
567
322
567
405
372
468
395
426
641
322
446
425
438
329
413
321
410
341
429
326
384
310
765
575
639
321
397
321
369
344
403
319
379
363
356
345
417
377
378
344
465
1782
392
354
380
357
413
356
384
326
386
496
370
324
381
310
379
329
382
316
414
354
399
326
376
332
447
339
407
350
416
331
396
342
390
363
383
344
396
340
422
421
427
346
406
352
378
342
408
342
372
337
402
346
357
346
390
332
402
335
403
354
417
340
401
347
411
340
374
325
401
386
382
332
437
361
2103
382
399
377
377
355
332
334
372
345
363
335
416
347
389
337
417
369
376
351
417
363
363
349
399
358
430
359
411
349
377
346
396
361
371
349
354
334
376
346
355
343
385
354
372
330
387
328
400
343
375
353
416
354
399
369
457
370
377
348
358
336
347
320
367
312
386
317
374
301
376
294
348
307
392
320
410
342
323
274
360
299
351
302
351
306
360
292
324
339
353
290
390
341
374
340
343
298
341
283
378
318
327
311
346
312
380
308
339
306
349
317
412
282
357
327
375
338
376
318
337
293
323
307
403
312
351
317
385
306
336
282
398
312
320
307
327
332
375
308
376
328
339
291
397
322
359
310
365
322
386
312
338
353
347
315
353
344
342
326
319
304
349
326
366
321
350
308
351
294
373
317
358
332
347
329
380
307
334
334
338
308
356
332
356
307
353
307
359
299
377
282
340
309
348
351
371
334
375
333
353
324
351
309
366
309
366
307
356
321
352
305
374
303
349
312
394
313
340
323
361
382
339
304
358
300
327
317
372
303
349
317
359
298
390
362
347
322
347
324
342
322
394
323
395
308
352
320
352
428
379
325
355
321
394
322
363
337
384
328
391
320
386
301
359
361
352
322
382
334
358
319
401
340
391
321
370
335
380
351
440
383
381
311
396
344
408
321
342
320
354
327
401
897
387
373
371
356
424
337
507
362
471
375
433
346
478
379
469
341
463
373
422
351
409
348
415
358
422
350
446
368
410
361
443
357
422
374
382
357
415
372
414
370
403
359
443
372
426
378
488
357
472
410
468
425
503
18723
440
384
406
362
499
356
450
364
401
362
431
367
427
371
451
350
415
382
406
363
438
354
426
349
440
413
453
393
430
360
413
362
427
354
399
362
436
359
414
408
436
349
422
365
413
386
475
338
385
356
440
356
429
354
447
373
383
16355
411
334
362
388
378
356
383
329
2118
837
515
344
983
415
485
486
437
491
708
942
435
361
387
341
392
380
729
572
451
408
415
291
404
25018
422
442
416
301
372
290
369
340
374
335
346
334
343
323
385
362
353
300
353
312
370
303
333
316
415
336
372
328
372
438
368
325
332
282
328
292
355
322
373
314
412
294
316
323
422
316
362
340
363
332
356
337
369
351
351
337
370
320
384
308
350
336
368
322
430
322
377
357
357
323
345
341
413
343
371
372
379
336
404
337
352
309
357
338
372
351
336
334
387
344
378
332
397
316
363
332
358
323
374
313
373
326
382
344
369
335
401
333
369
298
391
309
336
318
354
342
361
300
334
319
384
316
345
269
361
309
355
307
363
287
386
327
357
319
358
315
397
297
360
323
353
294
369
322
344
330
375
320
391
289
344
337
369
290
370
300
356
300
364
317
363
310
512
322
406
328
402
28245
504
406
477
326
421
344
406
576
394
350
413
289
406
313
388
358
381
295
327
307
402
307
337
316
365
305
393
305
364
312
332
306
358
294
327
319
349
284
360
298
355
309
348
332
335
292
387
303
368
309
402
295
371
352
340
289
354
299
350
352
369
433
530
329
354
291
358
328
369
274
372
302
357
305
365
304
342
335
327
311
422
314
360
308
375
313
366
303
349
307
338
301
358
288
346
312
303
302
328
279
331
302
346
302
358
302
357
312
361
342
352
285
360
298
349
299
352
311
355
331
360
314
345
299
369
292
363
309
370
316
373
319
355
306
359
290
355
317
335
327
350
304
389
312
324
319
323
332
394
341
408
323
470
328
370
356
441
319
426
317
371
324
442
346
415
328
405
366
442
321
403
314
393
372
402
357
390
334
395
327
454
386
471
357
418
321
445
365
400
317
425
340
405
347
454
318
412
349
427
380
383
314
402
361
381
332
421
328
419
335
359
399
462
338
460
378
458
344
421
351
402
336
376
346
382
323
409
341
415
372
404
371
381
325
392
304
387
324
381
351
463
361
379
350
389
321
416
346
445
328
384
369
401
332
334
366
408
325
379
325
390
313
1323
471
479
344
1104
821
611
554
537
433
499
735
501
472
425
324
536
349
517
813
470
343
445
803
548
419
653
326
770
686
583
463
721
599
565
361
671
308
367
400
539
317
601
308
389
313
451
1124
761
365
399
337
388
346
325
423
395
318
902
361
348
344
344
388
380
275
378
392
378
293
361
280
344
809
346
293
394
298
322
286
380
314
337
288
361
292
347
288
367
287
393
291
343
305
324
283
350
293
314
281
310
288
322
285
347
300
312
317
395
314
350
285
310
268
295
326
360
294
331
298
358
328
390
300
339
297
393
294
381
305
347
284
387
293
382
308
347
277
361
290
496
317
343
313
354
345
416
339
319
276
304
314
340
299
1776
321
350
290
375
298
339
302
358
291
344
299
348
302
380
319
358
298
358
290
334
302
351
285
359
307
338
297
347
302
370
292
343
319
341
284
340
278
341
291
320
307
314
284
356
294
333
304
333
307
352
282
345
311
308
292
377
305
326
285
372
299
341
305
331
301
351
275
429
351
404
305
355
294
392
309
357
287
356
292
351
289
348
306
370
273
348
301
337
283
381
293
383
285
386
388
367
297
341
286
329
290
388
292
356
295
388
326
355
309
365
287
347
313
383
304
305
281
347
317
343
324
411
296
364
301
321
284
387
316
369
305
361
293
386
303
397
295
350
293
320
307
383
288
378
476
511
350
348
303
347
309
366
327
336
292
356
302
312
302
357
318
377
347
370
306
320
300
334
345
327
302
347
302
309
323
330
303
369
311
335
303
335
307
363
293
338
278
335
299
302
314
360
315
338
299
295
311
329
315
335
329
375
296
369
310
342
285
339
321
332
273
351
297
335
286
344
297
373
285
352
310
308
280
353
290
304
279
309
306
372
294
331
292
339
302
369
299
332
298
350
322
365
299
330
298
298
319
365
304
337
302
342
269
346
280
344
295
324
315
347
292
355
378
312
314
401
312
331
310
330
319
363
324
353
305
387
289
349
301
344
326
325
281
356
312
362
305
359
280
400
296
309
362
381
315
345
317
377
299
345
325
290
283
339
288
337
278
361
305
346
306
350
275
377
635
309
342
336
308
351
268
336
306
361
274
352
316
342
296
301
292
429
394
406
367
393
388
375
377
421
331
442
272
371
417
446
350
393
347
407
379
424
347
478
412
372
322
389
351
376
291
345
291
366
297
318
314
339
300
340
1136
568
414
425
409
418
951
705
1122
546
397
440
436
439
552
484
448
420
391
466
427
454
675
474
409
822
430
549
452
1047
795
518
396
342
296
360
380
305
283
331
292
336
354
349
355
365
454
357
339
352
328
316
399
376
534
596
1220
313
285
447
388
454
435
671
327
446
694
351
551
411
554
417
318
390
409
839
381
301
314
393
354
378
301
351
311
308
325
335
354
340
371
374
274
333
321
337
347
337
278
357
293
337
304
345
314
359
348
392
303
373
313
339
313
344
298
349
329
339
333
335
320
344
333
396
299
334
293
331
330
366
295
329
295
335
294
345
303
306
297
339
317
335
388
433
378
1166
424
470
388
415
372
405
418
398
340
392
408
378
431
420
389
375
423
407
332
438
373
395
375
494
372
464
438
370
386
418
407
389
398
409
432
392
415
497
406
428
430
428
443
433
452
460
429
376
337
379
377
375
384
379
371
362
322
370
396
441
386
436
365
448
400
441
310
403
348
416
436
364
498
424
383
396
346
378
386
453
391
397
368
362
348
420
339
399
519
467
344
383
352
381
367
397
346
392
325
382
350
388
350
362
362
378
407
407
358
369
341
425
335
437
316
391
362
424
327
405
374
381
338
382
354
488
347
350
402
370
366
403
360
445
426
324
337
437
383
418
344
372
423
401
375
361
384
358
342
413
436
399
412
412
378
457
360
426
368
376
356
420
344
369
350
440
391
415
349
441
382
398
352
382
337
416
365
470
402
451
410
397
427
436
386
395
347
363
387
387
343
347
369
413
330
388
423
402
321
386
349
397
328
413
370
470
389
385
434
455
394
393
373
389
393
376
374
399
344
452
446
456
421
366
347
434
346
381
377
404
356
370
333
392
411
411
396
365
350
376
364
366
304
426
362
453
358
387
384
486
365
451
406
406
366
391
351
463
370
390
386
383
431
371
365
399
372
392
376
399
379
393
346
394
403
389
410
412
345
400
330
388
392
438
379
417
377
354
371
405
437
392
351
397
810
406
376
398
380
366
410
370
341
379
317
387
400
402
402
426
346
406
410
368
347
345
375
383
333
357
327
389
351
1246
807
614
46068
867
429
465
332
518
374
405
395
482
386
660
374
401
456
427
604
642
478
411
312
459
376
603
391
340
295
436
321
402
347
438
300
517
299
339
312
388
294
351
329
328
315
411
590
362
391
386
308
357
396
343
296
1319
315
345
347
429
282
317
305
338
302
337
282
675
306
395
294
374
10020
371
318
340
336
344
310
312
302
364
397
417
368
436
395
456
349
374
356
391
375
374
332
471
318
386
340
371
347
394
352
401
358
534
364
465
336
367
339
388
349
360
345
446
405
402
362
397
321
375
366
431
381
389
398
406
318
359
335
361
321
333
333
969
461
396
340
478
379
466
350
471
423
468
593
735
379
469
481
465
400
358
337
465
403
431
424
404
352
398
338
74657
383
371
356
408
363
404
438
394
384
437
338
515
380
508
376
418
392
417
417
2650
346
419
411
422
422
400
346
416
443
380
416
450
356
406
345
499
413
379
454
418
320
399
343
397
350
452
371
422
540
369
345
398
338
396
390
401
375
402
351
411
354
400
376
395
360
459
354
446
384
423
335
411
356
401
367
397
353
400
409
531
390
422
377
405
366
427
401
414
447
411
413
477
396
467
394
425
437
493
611
470
409
502
415
426
353
451
371
432
431
387
404
414
363
416
421
403
359
395
339
404
372
440
407
456
377
418
342
375
384
410
345
415
358
447
398
487
357
408
382
367
362
431
341
843
449
489
419
490
369
575
416
617
424
386
350
389
347
381
327
344
324
370
380
416
380
398
344
391
340
364
328
395
315
368
346
435
336
370
366
413
362
442
476
16033
330
359
343
400
314
359
316
410
339
382
346
381
358
298
366
414
348
363
347
367
408
354
338
350
377
364
313
385
310
381
2007
534
510
497
847
1462
495
474
425
3878
563
1140
628
786
476
831
557
2071
1001
586
405
606
489
821
1182
676
520
592
721
974
362
1260
1529
590
350
883
603
387
332
501
412
501
964
531
418
499
361
430
353
424
423
509
661
715
576
573
509
539
403
500
513
515
411
473
549
515
424
440
415
559
491
527
398
562
556
471
477
536
453
514
369
382
325
419
338
399
318
357
351
405
335
394
325
374
349
466
458
417
324
360
326
386
361
341
332
341
416
496
447
472
385
441
467
549
393
412
396
436
329
473
391
386
347
671
362
422
368
354
307
426
374
325
326
378
332
355
329
360
409
417
361
377
367
402
385
374
354
384
390
368
351
367
353
380
354
376
415
393
430
379
335
357
386
381
358
374
353
353
370
358
361
361
334
575
407
510
413
562
11099
623
726
730
1160
1248
560
581
398
590
1062
530
375
502
376
486
502
587
492
1070
464
552
411
473
837
962
619
689
529
494
690
545
406
523
368
475
411
403
428
471
388
345
358
428
358
409
301
416
338
410
376
392
367
417
383
400
349
416
423
426
384
415
369
414
399
400
398
366
355
373
347
362
325
411
359
428
327
375
333
326
318
388
362
348
329
418
339
386
328
398
316
366
341
401
338
360
303
349
318
372
372
386
391
511
373
432
328
523
446
530
397
539
393
417
310
340
316
376
338
395
306
350
318
369
314
352
329
359
297
378
359
353
342
367
309
405
325
365
316
382
410
474
420
528
386
496
357
522
371
466
341
411
493
506
419
510
373
459
383
442
415
445
377
461
338
441
371
404
364
426
361
420
367
417
383
437
372
403
396
420
372
378
372
441
366
414
390
382
358
441
353
365
360
418
345
446
381
418
375
485
369
420
382
502
345
401
356
432
352
401
391
369
316
412
334
368
336
399
331
340
341
404
399
464
404
374
484
371
337
396
344
392
370
360
341
412
367
354
327
369
342
365
342
403
323
331
348
351
318
388
374
369
388
386
308
355
341
344
373
369
323
374
328
491
327
381
320
372
1014
664
464
438
312
372
346
424
345
446
484
433
387
461
381
417
345
413
338
434
405
573
579
734
607
385
353
414
341
384
338
390
327
403
345
418
320
377
322
374
346
501
352
386
344
416
706
394
349
376
354
380
351
373
352
378
336
405
414
423
357
427
339
378
429
417
332
443
343
382
338
388
355
386
362
386
762
420
355
387
378
419
328
383
359
417
347
460
344
396
337
420
347
395
329
406
332
372
331
371
332
433
331
409
317
399
314
391
333
422
361
393
359
407
344
353
356
408
329
431
325
370
333
595
316
432
351
361
332
365
339
391
367
372
325
353
321
371
310
323
298
356
310
409
344
352
300
370
331
365
349
355
335
362
307
363
340
405
376
350
312
387
329
357
351
414
421
412
385
418
393
460
365
393
382
412
406
415
416
483
392
408
373
477
351
423
431
514
352
426
483
422
358
399
388
422
385
416
411
429
386
433
378
379
388
456
375
454
373
510
364
434
399
414
360
551
422
573
365
414
344
410
357
365
371
396
350
387
367
418
431
383
424
413
347
390
345
381
375
351
340
424
367
374
391
381
350
378
381
385
353
406
361
398
331
392
333
400
406
377
401
433
317
402
377
380
377
391
388
367
393
413
355
361
386
380
380
418
354
386
399
415
411
372
386
383
327
438
385
429
322
477
407
524
356
454
358
552
386
427
388
441
423
440
363
379
393
423
346
417
332
397
356
418
337
415
357
421
384
427
414
372
321
376
423
429
508
418
347
411
372
614
335
404
343
412
337
383
306
377
334
410
361
382
384
437
688
470
339
429
411
373
349
444
609
436
381
448
348
438
398
435
349
397
362
479
484
485
408
501
469
481
512
467
439
437
406
431
375
445
476
414
383
2235
421
453
409
409
440
501
434
442
434
475
422
502
441
535
368
488
363
506
453
457
411
556
342
482
423
476
454
494
660
477
349
454
434
412
358
456
407
443
440
482
410
454
397
437
422
472
390
514
371
431
395
399
492
409
461
410
449
392
343
408
445
602
491
480
466
487
530
585
406
399
460
359
480
455
413
432
436
371
369
440
384
427
332
392
375
402
402
425
372
416
335
370
380
419
356
392
368
1355
782
530
456
396
317
755
332
505
305
375
322
425
372
355
335
368
362
364
352
733
302
465
355
440
369
413
331
423
301
340
337
353
309
387
424
374
323
403
285
365
326
342
344
370
313
418
502
645
332
360
345
438
426
349
480
368
306
550
339
371
349
345
339
357
302
512
295
367
338
368
343
412
341
301
359
347
407
374
330
435
307
387
311
389
327
341
317
372
332
366
337
360
306
321
348
367
304
357
305
399
338
404
313
330
374
383
357
389
363
394
327
377
344
354
345
411
297
387
349
378
307
370
332
342
347
386
338
394
395
356
349
360
317
356
390
380
337
413
322
349
341
388
287
351
292
360
321
357
318
403
343
384
330
380
332
351
346
388
343
402
318
345
341
393
351
343
329
376
325
363
338
357
328
410
370
402
315
365
283
363
322
386
400
361
309
354
339
366
373
379
330
371
332
389
337
357
297
423
317
371
306
378
342
355
381
368
317
384
332
378
314
359
328
392
322
362
320
369
332
362
300
338
317
370
355
382
344
401
340
406
347
367
330
367
361
361
315
355
322
361
326
352
323
425
373
376
323
416
320
357
306
371
299
353
300
378
292
343
328
346
305
352
328
363
311
357
323
411
311
399
313
365
331
352
331
516
322
385
364
356
349
369
336
382
377
385
288
367
384
397
338
536
327
366
337
394
306
451
361
341
377
377
333
484
336
381
364
363
378
341
322
368
287
362
307
357
355
415
324
370
305
350
312
341
370
389
328
384
301
365
347
375
337
350
302
398
316
357
334
418
338
384
304
371
333
370
327
356
346
362
348
354
346
367
308
352
306
372
308
397
372
353
336
396
335
351
317
380
334
367
343
326
308
439
323
387
321
368
338
394
353
349
350
352
337
367
317
396
325
396
326
371
346
411
371
406
325
367
324
367
327
354
365
354
349
368
313
360
317
397
324
350
314
361
339
481
356
350
309
363
339
395
367
393
316
356
325
359
326
377
333
352
374
395
326
378
329
345
322
322
362
338
289
310
332
373
333
359
336
387
335
400
343
387
378
347
376
381
325
351
327
352
340
351
298
336
337
383
346
355
298
363
344
351
377
358
332
382
347
370
319
389
312
373
342
350
327
386
321
366
328
378
312
372
359
390
347
435
330
366
351
324
320
365
350
377
352
357
350
378
341
396
336
356
329
424
353
394
353
398
365
393
315
394
317
364
348
396
338
362
340
367
317
362
365
399
389
399
345
368
335
431
292
395
325
376
339
365
327
364
311
366
317
361
347
422
353
381
358
362
353
369
327
354
326
389
108358
370
317
342
370
411
331
397
318
378
327
660
322
391
359
431
324
451
302
349
350
462
348
409
316
371
339
377
311
358
294
369
333
307
337
428
317
353
317
361
298
372
2059
604
282
303
289
276
265
266
259
254
268
407
279
246
268
356
270
274
279
258
292
288
335
275
280
343
256
288
273
524
2173
249
240
268
248
254
271
243
273
273
246
255
235
267
265
262
242
256
263
254
254
246
273
282
312
386
273
287
257
285
260
270
258
280
285
293
271
303
268
314
283
271
262
271
279
258
262
296
276
286
277
265
280
274
255
259
267
253
235
281
296
286
265
287
258
279
290
282
274
268
275
275
269
274
278
258
258
303
263
271
278
291
269
315
293
278
287
288
291
287
268
277
263
263
355
258
261
255
252
266
273
247
260
254
258
255
262
257
253
254
241
255
265
272
257
274
258
243
260
278
247
253
265
266
254
257
265
270
255
258
285
251
249
260
251
270
253
247
256
242
258
257
254
258
248
15554
242
258
274
252
226
244
252
240
239
253
249
240
237
231
246
261
247
226
253
247
260
248
259
239
244
267
233
219
236
232
257
257
245
252
246
242
239
221
238
256
238
207
261
250
260
252
244
233
246
264
231
240
307
246
246
248
247
263
243
220
241
235
236
260
237
238
244
261
235
263
248
252
239
277
238
263
263
288
258
266
224
271
252
250
256
263
260
254
262
253
224
256
250
272
228
257
257
228
227
250
245
255
260
269
268
257
256
273
262
273
245
262
264
231
261
243
252
252
248
231
219
241
247
231
239
242
247
256
255
266
251
244
257
265
269
257
241
248
244
256
239
322
269
228
259
308
259
274
252
239
273
250
244
272
275
234
252
264
249
285
247
242
270
280
272
258
234
244
263
281
227
247
259
252
268
279
254
264
251
238
257
290
228
268
270
242
269
277
274
271
257
252
264
249
254
268
251
250
246
251
238
245
273
226
252
245
250
266
278
250
253
248
247
248
249
240
253
270
256
265
240
240
268
238
246
256
253
239
263
259
270
223
248
250
249
276
232
269
252
231
238
239
240
265
231
227
243
229
250
244
223
248
252
253
245
274
239
239
252
265
248
291
254
269
263
254
336
248
253
227
234
236
238
229
247
243
246
251
255
255
249
263
254
276
258
255
242
228
258
257
258
237
249
233
254
259
245
264
246
213
233
252
260
222
251
230
242
227
209
268
248
243
255
255
251
255
236
242
247
253
341
266
242
249
247
265
249
262
2003
384
285
508
292
302
271
246
259
283
345
267
251
232
274
265
292
266
257
249
291
282
260
276
248
260
235
259
270
260
272
235
256
254
234
267
260
256
269
263
274
261
384
589
330
417
415
396
331
363
375
374
328
354
317
401
358
429
341
429
337
405
344
383
338
342
309
369
337
347
338
334
372
337
325
331
341
311
320
371
331
327
313
346
309
327
310
343
298
319
333
335
315
330
320
348
316
334
311
394
296
376
302
354
298
18456
338
342
325
332
328
368
322
349
302
344
328
347
343
336
358
371
400
376
309
370
364
349
317
367
324
326
313
324
301
323
318
337
311
357
309
367
344
322
307
330
337
344
330
341
318
312
376
334
339
348
309
326
341
363
355
358
332
337
327
337
357
350
326
382
334
357
354
357
368
362
331
368
343
333
337
376
332
368
13975
364
327
364
350
370
327
377
341
392
363
357
320
348
312
370
328
346
312
350
331
339
307
371
336
339
343
314
344
352
333
374
343
331
330
372
315
370
357
342
317
362
361
332
317
339
351
372
360
344
319
408
337
368
333
368
320
357
345
373
345
357
334
391
372
368
329
350
332
388
369
369
333
458
331
354
399
352
370
365
321
333
369
412
382
676
331
362
362
362
395
535
870
500
349
342
320
349
294
398
291
362
392
416
354
369
342
356
419
360
341
370
335
432
478
547
343
364
310
372
314
349
356
344
343
344
457
345
319
559
348
325
341
357
334
342
307
332
317
312
313
334
311
426
384
346
351
360
312
367
299
332
320
349
327
359
379
337
314
344
369
341
313
320
362
354
339
339
307
333
339
358
347
367
327
320
346
310
315
365
347
370
369
393
340
346
352
352
337
355
347
309
314
344
322
352
330
375
308
340
326
353
348
376
320
333
317
356
329
337
324
366
291
349
317
371
334
346
320
357
300
336
336
361
326
364
301
375
313
356
323
341
328
328
324
383
319
491
337
322
342
328
315
361
355
362
335
363
314
366
340
379
332
360
384
369
350
359
350
9378
318
323
326
353
333
337
310
337
294
340
321
333
306
345
351
347
318
383
335
338
339
358
342
353
343
363
332
352
323
390
317
339
331
337
336
361
299
389
355
370
359
409
323
366
356
374
327
376
329
363
345
372
333
335
335
370
347
363
337
417
351
367
322
349
332
361
328
367
321
355
335
351
314
362
326
362
339
360
327
367
305
373
323
356
315
346
606
355
326
324
319
350
351
360
327
360
332
346
330
331
330
342
311
337
320
338
335
325
370
350
338
370
455
349
333
355
331
379
410
387
475
437
450
508
491
438
432
393
568
384
390
392
380
402
398
436
347
443
362
335
440
384
338
416
751
354
450
366
457
352
303
340
342
375
317
349
328
331
327
343
305
339
300
344
309
310
647
334
293
458
310
430
382
334
322
344
449
349
339
315
378
410
326
351
323
357
326
351
322
348
303
343
303
341
304
333
329
343
411
307
343
383
4846
407
317
342
317
336
324
354
314
347
307
333
312
342
320
338
322
343
315
348
309
374
352
380
304
346
315
346
332
334
325
345
305
378
334
330
324
338
307
352
310
341
324
352
333
329
305
339
327
347
332
323
317
334
328
357
313
358
326
332
307
340
308
343
305
310
285
332
298
369
280
339
284
306
284
326
325
329
354
322
296
340
310
317
307
345
294
328
308
325
327
365
293
340
283
350
302
342
298
310
327
334
290
343
291
339
292
357
290
364
303
341
314
348
321
322
350
344
308
323
297
327
294
335
303
342
296
333
310
344
319
374
322
346
292
341
321
339
297
347
304
329
322
368
296
343
314
342
311
307
303
372
336
352
298
372
352
342
285
329
290
340
305
341
297
344
296
338
323
340
312
308
308
349
312
339
296
334
306
342
314
336
310
349
345
340
322
336
293
318
311
346
417
385
427
491
377
449
415
424
387
387
422
436
411
405
381
406
373
441
402
425
422
415
685
426
404
463
396
450
417
425
402
416
390
456
386
482
419
433
383
430
423
438
428
445
376
396
397
409
440
446
401
417
391
449
402
448
364
422
396
428
414
399
396
370
387
416
386
466
358
441
388
390
398
367
437
426
284
381
387
386
343
388
340
390
356
422
307
391
378
388
409
384
387
366
352
390
353
379
359
518
387
465
389
436
363
401
352
383
475
382
357
377
370
452
441
773
395
364
356
380
316
329
333
337
341
380
338
401
365
396
367
391
390
405
377
370
341
434
389
395
408
396
433
413
387
365
358
375
366
351
327
387
3596
344
352
382
336
392
345
386
342
430
338
361
342
392
372
381
370
341
336
345
345
323
315
364
400
736
322
386
432
451
332
368
342
419
356
405
298
375
341
359
304
372
347
411
336
366
371
425
471
373
298
346
391
401
299
363
382
394
371
419
1010
423
332
345
314
362
258
341
292
363
417
396
401
353
332
345
313
369
321
430
338
485
298
373
323
352
337
349
358
376
340
379
333
53088
350
327
306
328
306
369
304
363
308
338
318
347
296
336
297
353
396
312
393
388
316
318
342
387
318
388
291
359
327
350
316
372
434
422
389
594
353
400
320
372
378
424
339
331
343
358
378
380
326
393
22235
378
371
390
319
363
322
344
344
367
342
356
318
367
312
362
304
366
606
334
361
351
344
377
326
385
351
356
387
369
327
371
318
358
332
366
304
376
347
385
328
366
322
359
312
362
333
376
360
355
329
390
384
384
295
346
316
20809
308
746
330
417
386
393
404
363
403
367
375
380
356
395
317
327
441
340
344
362
393
353
339
369
313
338
324
352
333
362
290
376
358
374
342
347
371
399
313
390
340
368
324
364
320
334
314
377
298
351
341
367
349
381
367
381
348
380
287
339
310
350
309
360
324
360
320
328
373
367
333
389
310
318
332
357
338
355
328
323
358
346
358
405
336
349
357
405
367
362
376
359
310
346
325
495
326
430
325
386
327
341
282
404
324
344
317
398
394
377
339
356
298
375
338
411
321
367
327
369
353
372
308
353
345
357
317
384
320
354
362
367
341
353
335
339
362
353
310
357
283
343
310
348
325
350
353
347
340
421
341
368
370
342
341
362
316
391
277
375
354
322
317
378
380
325
320
318
314
373
456
365
348
369
322
383
324
373
331
344
329
345
356
437
319
347
347
362
367
360
314
370
303
356
308
410
324
360
332
333
324
336
312
359
309
332
327
341
391
371
372
372
351
388
421
448
391
385
310
790
491
372
365
370
338
371
395
403
364
412
394
392
399
401
446
380
342
397
375
384
416
371
382
362
350
381
374
360
364
385
379
438
356
400
348
395
385
381
383
409
299
383
313
325
316
423
364
427
328
389
302
358
390
332
431
327
313
379
387
351
395
367
397
431
410
342
383
386
325
425
330
371
365
358
409
446
393
383
377
395
396
400
340
332
322
496
324
380
406
434
332
366
358
356
390
341
406
430
335
385
410
420
340
360
334
431
401
592
386
360
327
572
335
396
406
354
447
399
393
391
386
425
378
398
375
432
387
415
430
492
435
425
357
427
398
406
422
416
405
427
394
460
373
415
363
392
377
403
418
405
371
375
380
496
456
391
381
429
374
428
391
383
437
576
209345
402
496
805
396
487
351
485
329
421
377
425
395
462
434
414
367
455
372
649
456
437
327
420
394
409
341
340
356
376
367
422
419
378
433
402
409
381
436
388
371
400
342
672
343
403
362
747
367
376
379
395
424
416
382
350
376
389
393
457
399
488
367
382
372
370
350
398
371
357
386
386
354
396
373
382
369
376
363
347
347
351
371
366
355
404
372
390
353
375
334
437
358
374
320
409
362
394
352
379
357
378
373
352
338
347
322
380
378
381
364
368
385
449
402
446
408
405
367
398
399
384
412
415
356
416
372
434
442
441
392
462
405
403
385
391
409
418
436
441
403
376
421
412
419
443
388
392
356
396
432
422
386
440
392
450
427
394
385
402
376
405
400
438
425
414
418
416
409
419
396
412
338
405
354
415
439
385
363
375
375
383
360
371
392
446
362
405
367
350
351
368
360
402
402
390
404
390
346
340
377
365
373
358
361
425
345
426
379
362
364
391
333
419
355
475
381
414
401
371
385
395
403
459
389
407
408
397
409
436
413
396
404
401
388
427
416
407
429
398
419
469
392
408
383
429
416
419
458
377
334
410
476
399
371
428
415
398
405
409
383
417
387
467
428
426
423
392
396
416
502
414
408
427
465
429
414
467
401
397
382
390
384
438
416
361
362
413
442
405
376
393
423
410
405
398
393
431
373
391
415
412
434
378
386
428
414
411
410
451
436
362
390
429
372
416
415
378
458
456
414
429
382
399
428
399
410
416
389
368
353
372
347
356
368
361
371
452
393
398
396
426
401
396
406
408
451
387
421
390
391
373
369
373
390
382
406
388
420
443
374
397
381
379
388
440
382
355
379
371
396
373
383
376
419
381
393
377
386
440
381
407
379
410
397
401
396
430
433
436
386
420
384
392
352
388
368
434
378
389
412
396
375
402
383
389
387
352
373
358
386
394
354
410
415
408
380
388
372
430
392
406
411
398
379
426
407
431
391
381
389
410
394
396
399
393
424
383
389
404
375
393
370
397
426
416
402
392
416
440
441
418
402
437
418
404
406
413
323
386
381
445
406
404
379
415
346
414
367
386
391
386
369
449
440
440
313
320
322
396
328
348
309
473
374
317
311
345
312
350
22974
339
298
712
306
350
318
351
321
388
407
361
344
585
307
341
330
365
318
390
297
318
316
544
516
1165
502
387
525
432
297
327
322
320
294
331
299
337
350
346
296
315
313
356
302
358
331
347
316
401
610
445
379
690
491
715
300
308
312
370
327
371
658
354
344
358
323
329
